#
# A fatal error has been detected by the Java Runtime Environment:
#
#  Internal Error (0xc000000d), pid=15580, tid=15280
#
# JRE version: Java(TM) SE Runtime Environment (17.0.1+12) (build 17.0.1+12-LTS-39)
# Java VM: Java HotSpot(TM) 64-Bit Server VM (17.0.1+12-LTS-39, mixed mode, sharing, tiered, compressed oops, compressed class ptrs, g1 gc, windows-amd64)
# Problematic frame:
# C  [ntdll.dll+0x112224]
#
# No core dump will be written. Minidumps are not enabled by default on client versions of Windows
#
# If you would like to submit a bug report, please visit:
#   https://bugreport.java.com/bugreport/crash.jsp
#

---------------  S U M M A R Y ------------

Command Line: -Dfile.encoding=UTF-8 -Djava.library.path=C:\javacv-resource\opencv\build\java\x64 --module-path=C:\Users\Zed\Documents\NetBeansProjects\Pendeteksi_Wajah3\build\classes Face_Detection.Main

Host: 11th Gen Intel(R) Core(TM) i5-1135G7 @ 2.40GHz, 8 cores, 7G,  Windows 10 , 64 bit Build 19041 (10.0.19041.1706)
Time: Sun Jun  5 15:28:23 2022 SE Asia Standard Time elapsed time: 11.466163 seconds (0d 0h 0m 11s)

---------------  T H R E A D  ---------------

Current thread (0x000001e9fc0f7310):  VMThread "VM Thread" [stack: 0x000000b4ab300000,0x000000b4ab400000] [id=15280]

Stack: [0x000000b4ab300000,0x000000b4ab400000],  sp=0x000000b4ab3fe1d0,  free space=1016k
Native frames: (J=compiled Java code, j=interpreted, Vv=VM code, C=native code)
C  [ntdll.dll+0x112224]
C  [ntdll.dll+0xac44f]
C  [ntdll.dll+0x11d95]
C  [RTWorkQ.DLL+0x64d3]


siginfo: EXCEPTION_?? (0xc000000d)


Register to memory mapping:

RIP=0x00007ffd5c422224 ntdll.dll
RAX=0x00007ffd59de4dcd ucrtbase.dll
RBX=0x0 is NULL
RCX=0x000000b4ab3fd520 points into unknown readable memory: 0x3f2a36e2eb1c432c | 2c 43 1c eb e2 36 2a 3f
RDX=0x000000b4ab3fd8b8 points into unknown readable memory: 0x000004d0fffffb30 | 30 fb ff ff d0 04 00 00
RSP=0x000000b4ab3fe1d0 points into unknown readable memory: 0x0000000000000057 | 57 00 00 00 00 00 00 00
RBP=0x0000000000000003 is an unknown value
RSI=0x00000000000009d4 is an unknown value
RDI=0x000001e9fdeff720 points into unknown readable memory: 0x0000000000000001 | 01 00 00 00 00 00 00 00
R8 =0x00007ffd00000001 is an unknown value
R9 =0x0 is NULL
R10=0x0 is NULL
R11=0x000000b4ab3fd660 points into unknown readable memory: 0x0000000000000000 | 00 00 00 00 00 00 00 00
R12=0x00000000000009d4 is an unknown value
R13=0x00007ffd3da2b430 FrameServerClient.dll
R14=0x0 is NULL
R15=0x00000000000009d4 is an unknown value


Registers:
RAX=0x00007ffd59de4dcd, RBX=0x0000000000000000, RCX=0x000000b4ab3fd520, RDX=0x000000b4ab3fd8b8
RSP=0x000000b4ab3fe1d0, RBP=0x0000000000000003, RSI=0x00000000000009d4, RDI=0x000001e9fdeff720
R8 =0x00007ffd00000001, R9 =0x0000000000000000, R10=0x0000000000000000, R11=0x000000b4ab3fd660
R12=0x00000000000009d4, R13=0x00007ffd3da2b430, R14=0x0000000000000000, R15=0x00000000000009d4
RIP=0x00007ffd5c422224, EFLAGS=0x0000000000000202

Top of Stack: (sp=0x000000b4ab3fe1d0)
0x000000b4ab3fe1d0:   0000000000000057 0000000000000000
0x000000b4ab3fe1e0:   00000000000009d4 0000000000000000
0x000000b4ab3fe1f0:   00000000c000000d 0000000000000000
0x000000b4ab3fe200:   00007ffd5c422224 0000000000000000
0x000000b4ab3fe210:   0000000000000000 0000000000000000
0x000000b4ab3fe220:   0000000000000000 0000000000000000
0x000000b4ab3fe230:   0000000000000000 0000000000000000
0x000000b4ab3fe240:   0000000000000000 0000000000000000
0x000000b4ab3fe250:   0000000000000000 0000000000000000
0x000000b4ab3fe260:   0000000000000000 0000000000000000
0x000000b4ab3fe270:   0000000000000000 0000000000000000
0x000000b4ab3fe280:   0000000000000000 0000000000000000
0x000000b4ab3fe290:   0000eeb11891326c 0000000000000021
0x000000b4ab3fe2a0:   00007ffd3da2c2d8 00007ffd5c3bc44f
0x000000b4ab3fe2b0:   0000000000000001 00007ffd5018884b
0x000000b4ab3fe2c0:   00007ffd3da2b430 00000000000009d4 

Instructions: (pc=0x00007ffd5c422224)
0x00007ffd5c422124:   cc cc cc cc cc cc cc cc 48 81 ec d8 00 00 00 48
0x00007ffd5c422134:   8b 05 d6 03 07 00 48 33 c4 48 89 84 24 c0 00 00
0x00007ffd5c422144:   00 4d 85 c0 74 33 4d 8b 48 50 48 8d 05 8b 63 f6
0x00007ffd5c422154:   ff c7 44 24 38 05 00 00 00 4c 3b c8 75 0a 49 8b
0x00007ffd5c422164:   40 58 4c 8b 50 20 eb 03 45 33 d2 4d 85 d2 4d 0f
0x00007ffd5c422174:   45 ca 4c 89 4c 24 60 eb 08 c7 44 24 38 04 00 00
0x00007ffd5c422184:   00 48 83 64 24 28 00 48 83 64 24 58 00 48 63 c1
0x00007ffd5c422194:   48 8d 4c 24 20 48 89 44 24 40 c7 44 24 20 0a 07
0x00007ffd5c4221a4:   00 c0 48 89 54 24 48 4c 89 44 24 50 c7 44 24 24
0x00007ffd5c4221b4:   01 00 00 00 e8 63 ee f3 ff 48 8b 8c 24 c0 00 00
0x00007ffd5c4221c4:   00 48 33 cc e8 63 a0 f7 ff 48 81 c4 d8 00 00 00
0x00007ffd5c4221d4:   c3 cc cc cc cc cc cc cc 48 81 ec d8 00 00 00 48
0x00007ffd5c4221e4:   8b 05 26 03 07 00 48 33 c4 48 89 84 24 c0 00 00
0x00007ffd5c4221f4:   00 33 d2 41 b8 94 00 00 00 48 8d 4c 24 24 e8 f9
0x00007ffd5c422204:   1b f9 ff c7 44 24 20 0d 00 00 c0 b9 57 00 00 00
0x00007ffd5c422214:   e8 57 e5 f3 ff 90 48 8d 4c 24 20 e8 fc ed f3 ff
0x00007ffd5c422224:   eb 00 48 8b 8c 24 c0 00 00 00 48 33 cc e8 fa 9f
0x00007ffd5c422234:   f7 ff 48 81 c4 d8 00 00 00 c3 cc 40 55 48 83 ec
0x00007ffd5c422244:   20 48 8b ea e8 0f 00 00 00 90 48 83 c4 20 5d c3
0x00007ffd5c422254:   cc cc cc cc cc cc cc cc 48 83 ec 28 48 8b 51 08
0x00007ffd5c422264:   41 b8 03 00 00 00 48 8b 09 e8 1e a6 fc ff 33 c0
0x00007ffd5c422274:   48 83 c4 28 c3 cc cc cc cc cc cc cc 48 8b 01 48
0x00007ffd5c422284:   83 c9 ff 8b 10 e9 22 b0 f8 ff cc cc cc cc cc cc
0x00007ffd5c422294:   4c 8b dc 48 81 ec 88 00 00 00 48 8b 05 6b 02 07
0x00007ffd5c4222a4:   00 48 33 c4 48 89 44 24 70 48 8b 84 24 b0 00 00
0x00007ffd5c4222b4:   00 41 ba 24 1c 00 00 49 89 43 d8 8b 84 24 b8 00
0x00007ffd5c4222c4:   00 00 66 45 89 53 9e 49 89 4b b8 49 89 53 c0 4d
0x00007ffd5c4222d4:   89 43 c8 4d 89 4b d0 89 44 24 68 e8 6c 25 f1 ff
0x00007ffd5c4222e4:   85 c0 74 19 65 48 8b 04 25 60 00 00 00 48 8b 88
0x00007ffd5c4222f4:   90 00 00 00 48 81 c1 2c 02 00 00 eb 05 b9 86 03
0x00007ffd5c422304:   fe 7f 0f b6 09 4c 8d 4c 24 20 ba 03 04 00 00 41
0x00007ffd5c422314:   b8 2c 00 00 00 e8 c2 b5 f8 ff 48 8b 4c 24 70 48 


Stack slot to memory mapping:
stack at sp + 0 slots: 0x0000000000000057 is an unknown value
stack at sp + 1 slots: 0x0 is NULL
stack at sp + 2 slots: 0x00000000000009d4 is an unknown value
stack at sp + 3 slots: 0x0 is NULL
stack at sp + 4 slots: 0x00000000c000000d is an unallocated location in the heap
stack at sp + 5 slots: 0x0 is NULL
stack at sp + 6 slots: 0x00007ffd5c422224 ntdll.dll
stack at sp + 7 slots: 0x0 is NULL

VM_Operation (0x000000b4ac4fe670): Exit, mode: safepoint, requested by thread 0x000001e9fda3d2c0


---------------  P R O C E S S  ---------------

Threads class SMR info:
_java_thread_list=0x000001e9fe10eb40, length=15, elements={
0x000001e9fc0fb3c0, 0x000001e9fc0fce90, 0x000001e9fc10ffd0, 0x000001e9fc1128a0,
0x000001e9fc113160, 0x000001e9fc113a20, 0x000001e9fc1146c0, 0x000001e9fc115070,
0x000001e9fc115970, 0x000001e9fc0e2680, 0x000001e9fcd04c40, 0x000001e9fcf93870,
0x000001e9fcfca140, 0x000001e9fda3d2c0, 0x000001e9ed1bd0d0
}

Java Threads: ( => current thread )
  0x000001e9fc0fb3c0 JavaThread "Reference Handler" daemon [_thread_blocked, id=10520, stack(0x000000b4ab400000,0x000000b4ab500000)]
  0x000001e9fc0fce90 JavaThread "Finalizer" daemon [_thread_blocked, id=13120, stack(0x000000b4ab500000,0x000000b4ab600000)]
  0x000001e9fc10ffd0 JavaThread "Signal Dispatcher" daemon [_thread_blocked, id=13784, stack(0x000000b4ab600000,0x000000b4ab700000)]
  0x000001e9fc1128a0 JavaThread "Attach Listener" daemon [_thread_blocked, id=7548, stack(0x000000b4ab700000,0x000000b4ab800000)]
  0x000001e9fc113160 JavaThread "Service Thread" daemon [_thread_blocked, id=15928, stack(0x000000b4ab800000,0x000000b4ab900000)]
  0x000001e9fc113a20 JavaThread "Monitor Deflation Thread" daemon [_thread_blocked, id=16024, stack(0x000000b4ab900000,0x000000b4aba00000)]
  0x000001e9fc1146c0 JavaThread "C2 CompilerThread0" daemon [_thread_blocked, id=14884, stack(0x000000b4aba00000,0x000000b4abb00000)]
  0x000001e9fc115070 JavaThread "C1 CompilerThread0" daemon [_thread_blocked, id=16076, stack(0x000000b4abb00000,0x000000b4abc00000)]
  0x000001e9fc115970 JavaThread "Sweeper thread" daemon [_thread_blocked, id=5332, stack(0x000000b4abc00000,0x000000b4abd00000)]
  0x000001e9fc0e2680 JavaThread "Common-Cleaner" daemon [_thread_blocked, id=15024, stack(0x000000b4abd00000,0x000000b4abe00000)]
  0x000001e9fcd04c40 JavaThread "Notification Thread" daemon [_thread_blocked, id=16888, stack(0x000000b4abf00000,0x000000b4ac000000)]
  0x000001e9fcf93870 JavaThread "Java2D Disposer" daemon [_thread_blocked, id=13260, stack(0x000000b4ac100000,0x000000b4ac200000)]
  0x000001e9fcfca140 JavaThread "AWT-Shutdown" [_thread_blocked, id=15544, stack(0x000000b4ac200000,0x000000b4ac300000)]
  0x000001e9fda3d2c0 JavaThread "AWT-EventQueue-0" [_thread_blocked, id=16836, stack(0x000000b4ac400000,0x000000b4ac500000)]
  0x000001e9ed1bd0d0 JavaThread "DestroyJavaVM" [_thread_blocked, id=5736, stack(0x000000b4aad00000,0x000000b4aae00000)]

Other Threads:
=>0x000001e9fc0f7310 VMThread "VM Thread" [stack: 0x000000b4ab300000,0x000000b4ab400000] [id=15280]
  0x000001e9ed1f98a0 GCTaskThread "GC Thread#0" [stack: 0x000000b4aae00000,0x000000b4aaf00000] [id=6532]
  0x000001e9fe156300 GCTaskThread "GC Thread#1" [stack: 0x000000b4ac500000,0x000000b4ac600000] [id=16636]
  0x000001e9fe0e7790 GCTaskThread "GC Thread#2" [stack: 0x000000b4acd00000,0x000000b4ace00000] [id=12108]
  0x000001e98f0d3920 GCTaskThread "GC Thread#3" [stack: 0x000000b4ace00000,0x000000b4acf00000] [id=13992]
  0x000001e98f0d3bd0 GCTaskThread "GC Thread#4" [stack: 0x000000b4acf00000,0x000000b4ad000000] [id=3740]
  0x000001e9fdfb8d90 GCTaskThread "GC Thread#5" [stack: 0x000000b4ad000000,0x000000b4ad100000] [id=2864]
  0x000001e9fdfb9040 GCTaskThread "GC Thread#6" [stack: 0x000000b4ad100000,0x000000b4ad200000] [id=17324]
  0x000001e9fdfb92f0 GCTaskThread "GC Thread#7" [stack: 0x000000b4ad200000,0x000000b4ad300000] [id=16744]
  0x000001e9ed20cc60 ConcurrentGCThread "G1 Main Marker" terminated
  0x000001e9ed20e530 ConcurrentGCThread "G1 Conc#0" [stack: 0x000000b4ab000000,0x000000b4ab100000] [id=15876]
  0x000001e9fe10c1c0 ConcurrentGCThread "G1 Conc#1" [stack: 0x000000b4ad300000,0x000000b4ad400000] [id=8356]
  0x000001e9ed298ce0 ConcurrentGCThread "G1 Refine#0" terminated
  0x000001e9fde919e0 ConcurrentGCThread "G1 Refine#1" terminated
  0x000001e9ed299610 ConcurrentGCThread "G1 Service" terminated

Threads with active compile tasks:

VM state: at safepoint (shutting down)

VM Mutex/Monitor currently owned by a thread:  ([mutex/lock_event])
[0x000001e9ed1b9d30] Threads_lock - owner thread: 0x000001e9fc0f7310
[0x000001e9ed1b9dc0] Heap_lock - owner thread: 0x000001e9fda3d2c0

Heap address: 0x0000000083600000, size: 1994 MB, Compressed Oops mode: 32-bit

CDS archive(s) mapped at: [0x0000000800000000-0x0000000800bc0000-0x0000000800bc0000), size 12320768, SharedBaseAddress: 0x0000000800000000, ArchiveRelocationMode: 0.
Compressed class space mapped at: 0x0000000800c00000-0x0000000840c00000, reserved size: 1073741824
Narrow klass base: 0x0000000800000000, Narrow klass shift: 0, Narrow klass range: 0x100000000

GC Precious Log:
 CPUs: 8 total, 8 available
 Memory: 7971M
 Large Page Support: Disabled
 NUMA Support: Disabled
 Compressed Oops: Enabled (32-bit)
 Heap Region Size: 1M
 Heap Min Capacity: 8M
 Heap Initial Capacity: 126M
 Heap Max Capacity: 1994M
 Pre-touch: Disabled
 Parallel Workers: 8
 Concurrent Workers: 2
 Concurrent Refinement Workers: 8
 Periodic GC: Disabled

Heap:
 garbage-first heap   total 129024K, used 37348K [0x0000000083600000, 0x0000000100000000)
  region size 1024K, 3 young (3072K), 1 survivors (1024K)
 Metaspace       used 11888K, committed 12096K, reserved 1064960K
  class space    used 1351K, committed 1472K, reserved 1048576K

Heap Regions: E=young(eden), S=young(survivor), O=old, HS=humongous(starts), HC=humongous(continues), CS=collection set, F=free, OA=open archive, CA=closed archive, TAMS=top-at-mark-start (previous, next)
|   0|0x0000000083600000, 0x0000000083700000, 0x0000000083700000|100%|HS|  |TAMS 0x0000000083700000, 0x0000000083700000| Complete 
|   1|0x0000000083700000, 0x0000000083800000, 0x0000000083800000|100%|HC|  |TAMS 0x0000000083800000, 0x0000000083800000| Complete 
|   2|0x0000000083800000, 0x0000000083900000, 0x0000000083900000|100%|HS|  |TAMS 0x0000000083800000, 0x0000000083800000| Complete 
|   3|0x0000000083900000, 0x0000000083a00000, 0x0000000083a00000|100%|HS|  |TAMS 0x0000000083a00000, 0x0000000083a00000| Complete 
|   4|0x0000000083a00000, 0x0000000083b00000, 0x0000000083b00000|100%|HC|  |TAMS 0x0000000083b00000, 0x0000000083b00000| Complete 
|   5|0x0000000083b00000, 0x0000000083c00000, 0x0000000083c00000|100%|HS|  |TAMS 0x0000000083c00000, 0x0000000083c00000| Complete 
|   6|0x0000000083c00000, 0x0000000083d00000, 0x0000000083d00000|100%|HC|  |TAMS 0x0000000083d00000, 0x0000000083d00000| Complete 
|   7|0x0000000083d00000, 0x0000000083e00000, 0x0000000083e00000|100%|HS|  |TAMS 0x0000000083d00000, 0x0000000083d00000| Complete 
|   8|0x0000000083e00000, 0x0000000083f00000, 0x0000000083f00000|100%|HS|  |TAMS 0x0000000083e00000, 0x0000000083e00000| Complete 
|   9|0x0000000083f00000, 0x0000000084000000, 0x0000000084000000|100%|HS|  |TAMS 0x0000000083f00000, 0x0000000083f00000| Complete 
|  10|0x0000000084000000, 0x0000000084100000, 0x0000000084100000|100%|HS|  |TAMS 0x0000000084000000, 0x0000000084000000| Complete 
|  11|0x0000000084100000, 0x0000000084200000, 0x0000000084200000|100%|HS|  |TAMS 0x0000000084100000, 0x0000000084100000| Complete 
|  12|0x0000000084200000, 0x0000000084300000, 0x0000000084300000|100%|HS|  |TAMS 0x0000000084200000, 0x0000000084200000| Complete 
|  13|0x0000000084300000, 0x0000000084400000, 0x0000000084400000|100%|HS|  |TAMS 0x0000000084300000, 0x0000000084300000| Complete 
|  14|0x0000000084400000, 0x0000000084500000, 0x0000000084500000|100%|HS|  |TAMS 0x0000000084400000, 0x0000000084400000| Complete 
|  15|0x0000000084500000, 0x0000000084600000, 0x0000000084600000|100%|HS|  |TAMS 0x0000000084500000, 0x0000000084500000| Complete 
|  16|0x0000000084600000, 0x0000000084700000, 0x0000000084700000|100%|HS|  |TAMS 0x0000000084600000, 0x0000000084600000| Complete 
|  17|0x0000000084700000, 0x0000000084800000, 0x0000000084800000|100%|HS|  |TAMS 0x0000000084700000, 0x0000000084700000| Complete 
|  18|0x0000000084800000, 0x0000000084900000, 0x0000000084900000|100%|HS|  |TAMS 0x0000000084800000, 0x0000000084800000| Complete 
|  19|0x0000000084900000, 0x0000000084a00000, 0x0000000084a00000|100%|HS|  |TAMS 0x0000000084900000, 0x0000000084900000| Complete 
|  20|0x0000000084a00000, 0x0000000084b00000, 0x0000000084b00000|100%|HS|  |TAMS 0x0000000084a00000, 0x0000000084a00000| Complete 
|  21|0x0000000084b00000, 0x0000000084c00000, 0x0000000084c00000|100%|HS|  |TAMS 0x0000000084b00000, 0x0000000084b00000| Complete 
|  22|0x0000000084c00000, 0x0000000084d00000, 0x0000000084d00000|100%|HS|  |TAMS 0x0000000084c00000, 0x0000000084c00000| Complete 
|  23|0x0000000084d00000, 0x0000000084e00000, 0x0000000084e00000|100%|HS|  |TAMS 0x0000000084d00000, 0x0000000084d00000| Complete 
|  24|0x0000000084e00000, 0x0000000084f00000, 0x0000000084f00000|100%|HS|  |TAMS 0x0000000084e00000, 0x0000000084e00000| Complete 
|  25|0x0000000084f00000, 0x0000000085000000, 0x0000000085000000|100%|HS|  |TAMS 0x0000000084f00000, 0x0000000084f00000| Complete 
|  26|0x0000000085000000, 0x0000000085100000, 0x0000000085100000|100%|HS|  |TAMS 0x0000000085000000, 0x0000000085000000| Complete 
|  27|0x0000000085100000, 0x0000000085200000, 0x0000000085200000|100%|HS|  |TAMS 0x0000000085100000, 0x0000000085100000| Complete 
|  28|0x0000000085200000, 0x0000000085300000, 0x0000000085300000|100%|HS|  |TAMS 0x0000000085200000, 0x0000000085200000| Complete 
|  29|0x0000000085300000, 0x0000000085300000, 0x0000000085400000|  0%| F|  |TAMS 0x0000000085300000, 0x0000000085300000| Untracked 
|  30|0x0000000085400000, 0x0000000085400000, 0x0000000085500000|  0%| F|  |TAMS 0x0000000085400000, 0x0000000085400000| Untracked 
|  31|0x0000000085500000, 0x0000000085500000, 0x0000000085600000|  0%| F|  |TAMS 0x0000000085500000, 0x0000000085500000| Untracked 
|  32|0x0000000085600000, 0x0000000085600000, 0x0000000085700000|  0%| F|  |TAMS 0x0000000085600000, 0x0000000085600000| Untracked 
|  33|0x0000000085700000, 0x0000000085700000, 0x0000000085800000|  0%| F|  |TAMS 0x0000000085700000, 0x0000000085700000| Untracked 
|  34|0x0000000085800000, 0x0000000085800000, 0x0000000085900000|  0%| F|  |TAMS 0x0000000085800000, 0x0000000085800000| Untracked 
|  35|0x0000000085900000, 0x0000000085900000, 0x0000000085a00000|  0%| F|  |TAMS 0x0000000085900000, 0x0000000085900000| Untracked 
|  36|0x0000000085a00000, 0x0000000085a00000, 0x0000000085b00000|  0%| F|  |TAMS 0x0000000085a00000, 0x0000000085a00000| Untracked 
|  37|0x0000000085b00000, 0x0000000085b00000, 0x0000000085c00000|  0%| F|  |TAMS 0x0000000085b00000, 0x0000000085b00000| Untracked 
|  38|0x0000000085c00000, 0x0000000085c00000, 0x0000000085d00000|  0%| F|  |TAMS 0x0000000085c00000, 0x0000000085c00000| Untracked 
|  39|0x0000000085d00000, 0x0000000085d00000, 0x0000000085e00000|  0%| F|  |TAMS 0x0000000085d00000, 0x0000000085d00000| Untracked 
|  40|0x0000000085e00000, 0x0000000085e00000, 0x0000000085f00000|  0%| F|  |TAMS 0x0000000085e00000, 0x0000000085e00000| Untracked 
|  41|0x0000000085f00000, 0x0000000085f00000, 0x0000000086000000|  0%| F|  |TAMS 0x0000000085f00000, 0x0000000085f00000| Untracked 
|  42|0x0000000086000000, 0x0000000086000000, 0x0000000086100000|  0%| F|  |TAMS 0x0000000086000000, 0x0000000086000000| Untracked 
|  43|0x0000000086100000, 0x0000000086100000, 0x0000000086200000|  0%| F|  |TAMS 0x0000000086100000, 0x0000000086100000| Untracked 
|  44|0x0000000086200000, 0x0000000086200000, 0x0000000086300000|  0%| F|  |TAMS 0x0000000086200000, 0x0000000086200000| Untracked 
|  45|0x0000000086300000, 0x0000000086300000, 0x0000000086400000|  0%| F|  |TAMS 0x0000000086300000, 0x0000000086300000| Untracked 
|  46|0x0000000086400000, 0x0000000086400000, 0x0000000086500000|  0%| F|  |TAMS 0x0000000086400000, 0x0000000086400000| Untracked 
|  47|0x0000000086500000, 0x0000000086500000, 0x0000000086600000|  0%| F|  |TAMS 0x0000000086500000, 0x0000000086500000| Untracked 
|  48|0x0000000086600000, 0x0000000086600000, 0x0000000086700000|  0%| F|  |TAMS 0x0000000086600000, 0x0000000086600000| Untracked 
|  49|0x0000000086700000, 0x0000000086700000, 0x0000000086800000|  0%| F|  |TAMS 0x0000000086700000, 0x0000000086700000| Untracked 
|  50|0x0000000086800000, 0x0000000086800000, 0x0000000086900000|  0%| F|  |TAMS 0x0000000086800000, 0x0000000086800000| Untracked 
|  51|0x0000000086900000, 0x0000000086900000, 0x0000000086a00000|  0%| F|  |TAMS 0x0000000086900000, 0x0000000086900000| Untracked 
|  52|0x0000000086a00000, 0x0000000086a00000, 0x0000000086b00000|  0%| F|  |TAMS 0x0000000086a00000, 0x0000000086a00000| Untracked 
|  53|0x0000000086b00000, 0x0000000086b00000, 0x0000000086c00000|  0%| F|  |TAMS 0x0000000086b00000, 0x0000000086b00000| Untracked 
|  54|0x0000000086c00000, 0x0000000086c00000, 0x0000000086d00000|  0%| F|  |TAMS 0x0000000086c00000, 0x0000000086c00000| Untracked 
|  55|0x0000000086d00000, 0x0000000086d00000, 0x0000000086e00000|  0%| F|  |TAMS 0x0000000086d00000, 0x0000000086d00000| Untracked 
|  56|0x0000000086e00000, 0x0000000086f00000, 0x0000000086f00000|100%|HS|  |TAMS 0x0000000086f00000, 0x0000000086f00000| Complete 
|  57|0x0000000086f00000, 0x0000000087000000, 0x0000000087000000|100%| O|  |TAMS 0x0000000086f00000, 0x0000000087000000| Untracked 
|  58|0x0000000087000000, 0x0000000087100000, 0x0000000087100000|100%| O|  |TAMS 0x0000000087000000, 0x000000008702c800| Untracked 
|  59|0x0000000087100000, 0x0000000087200000, 0x0000000087200000|100%|HS|  |TAMS 0x0000000087100000, 0x0000000087200000| Complete 
|  60|0x0000000087200000, 0x0000000087300000, 0x0000000087300000|100%| O|  |TAMS 0x0000000087200000, 0x0000000087200000| Untracked 
|  61|0x0000000087300000, 0x0000000087400000, 0x0000000087400000|100%| O|  |TAMS 0x0000000087300000, 0x0000000087300000| Untracked 
|  62|0x0000000087400000, 0x000000008744b208, 0x0000000087500000| 29%| O|  |TAMS 0x0000000087400000, 0x0000000087400000| Untracked 
|  63|0x0000000087500000, 0x0000000087500000, 0x0000000087600000|  0%| F|  |TAMS 0x0000000087500000, 0x0000000087500000| Untracked 
|  64|0x0000000087600000, 0x0000000087600000, 0x0000000087700000|  0%| F|  |TAMS 0x0000000087600000, 0x0000000087600000| Untracked 
|  65|0x0000000087700000, 0x0000000087700000, 0x0000000087800000|  0%| F|  |TAMS 0x0000000087700000, 0x0000000087700000| Untracked 
|  66|0x0000000087800000, 0x0000000087800000, 0x0000000087900000|  0%| F|  |TAMS 0x0000000087800000, 0x0000000087800000| Untracked 
|  67|0x0000000087900000, 0x0000000087900000, 0x0000000087a00000|  0%| F|  |TAMS 0x0000000087900000, 0x0000000087900000| Untracked 
|  68|0x0000000087a00000, 0x0000000087a00000, 0x0000000087b00000|  0%| F|  |TAMS 0x0000000087a00000, 0x0000000087a00000| Untracked 
|  69|0x0000000087b00000, 0x0000000087b00000, 0x0000000087c00000|  0%| F|  |TAMS 0x0000000087b00000, 0x0000000087b00000| Untracked 
|  70|0x0000000087c00000, 0x0000000087c00000, 0x0000000087d00000|  0%| F|  |TAMS 0x0000000087c00000, 0x0000000087c00000| Untracked 
|  71|0x0000000087d00000, 0x0000000087d00000, 0x0000000087e00000|  0%| F|  |TAMS 0x0000000087d00000, 0x0000000087d00000| Untracked 
|  72|0x0000000087e00000, 0x0000000087e00000, 0x0000000087f00000|  0%| F|  |TAMS 0x0000000087e00000, 0x0000000087e00000| Untracked 
|  73|0x0000000087f00000, 0x0000000087f00000, 0x0000000088000000|  0%| F|  |TAMS 0x0000000087f00000, 0x0000000087f00000| Untracked 
|  74|0x0000000088000000, 0x0000000088000000, 0x0000000088100000|  0%| F|  |TAMS 0x0000000088000000, 0x0000000088000000| Untracked 
|  75|0x0000000088100000, 0x0000000088100000, 0x0000000088200000|  0%| F|  |TAMS 0x0000000088100000, 0x0000000088100000| Untracked 
|  76|0x0000000088200000, 0x0000000088200000, 0x0000000088300000|  0%| F|  |TAMS 0x0000000088200000, 0x0000000088200000| Untracked 
|  77|0x0000000088300000, 0x0000000088300000, 0x0000000088400000|  0%| F|  |TAMS 0x0000000088300000, 0x0000000088300000| Untracked 
|  78|0x0000000088400000, 0x0000000088400000, 0x0000000088500000|  0%| F|  |TAMS 0x0000000088400000, 0x0000000088400000| Untracked 
|  79|0x0000000088500000, 0x0000000088500000, 0x0000000088600000|  0%| F|  |TAMS 0x0000000088500000, 0x0000000088500000| Untracked 
|  80|0x0000000088600000, 0x0000000088600000, 0x0000000088700000|  0%| F|  |TAMS 0x0000000088600000, 0x0000000088600000| Untracked 
|  81|0x0000000088700000, 0x0000000088700000, 0x0000000088800000|  0%| F|  |TAMS 0x0000000088700000, 0x0000000088700000| Untracked 
|  82|0x0000000088800000, 0x0000000088800000, 0x0000000088900000|  0%| F|  |TAMS 0x0000000088800000, 0x0000000088800000| Untracked 
|  83|0x0000000088900000, 0x0000000088900000, 0x0000000088a00000|  0%| F|  |TAMS 0x0000000088900000, 0x0000000088900000| Untracked 
|  84|0x0000000088a00000, 0x0000000088a00000, 0x0000000088b00000|  0%| F|  |TAMS 0x0000000088a00000, 0x0000000088a00000| Untracked 
|  85|0x0000000088b00000, 0x0000000088b00000, 0x0000000088c00000|  0%| F|  |TAMS 0x0000000088b00000, 0x0000000088b00000| Untracked 
|  86|0x0000000088c00000, 0x0000000088c00000, 0x0000000088d00000|  0%| F|  |TAMS 0x0000000088c00000, 0x0000000088c00000| Untracked 
|  87|0x0000000088d00000, 0x0000000088d00000, 0x0000000088e00000|  0%| F|  |TAMS 0x0000000088d00000, 0x0000000088d00000| Untracked 
|  88|0x0000000088e00000, 0x0000000088e00000, 0x0000000088f00000|  0%| F|  |TAMS 0x0000000088e00000, 0x0000000088e00000| Untracked 
|  89|0x0000000088f00000, 0x0000000088f00000, 0x0000000089000000|  0%| F|  |TAMS 0x0000000088f00000, 0x0000000088f00000| Untracked 
|  90|0x0000000089000000, 0x0000000089000000, 0x0000000089100000|  0%| F|  |TAMS 0x0000000089000000, 0x0000000089000000| Untracked 
|  91|0x0000000089100000, 0x0000000089100000, 0x0000000089200000|  0%| F|  |TAMS 0x0000000089100000, 0x0000000089100000| Untracked 
|  92|0x0000000089200000, 0x0000000089200000, 0x0000000089300000|  0%| F|  |TAMS 0x0000000089200000, 0x0000000089200000| Untracked 
|  93|0x0000000089300000, 0x0000000089300000, 0x0000000089400000|  0%| F|  |TAMS 0x0000000089300000, 0x0000000089300000| Untracked 
|  94|0x0000000089400000, 0x0000000089400000, 0x0000000089500000|  0%| F|  |TAMS 0x0000000089400000, 0x0000000089400000| Untracked 
|  95|0x0000000089500000, 0x0000000089500000, 0x0000000089600000|  0%| F|  |TAMS 0x0000000089500000, 0x0000000089500000| Untracked 
|  96|0x0000000089600000, 0x0000000089600000, 0x0000000089700000|  0%| F|  |TAMS 0x0000000089600000, 0x0000000089600000| Untracked 
|  97|0x0000000089700000, 0x0000000089700000, 0x0000000089800000|  0%| F|  |TAMS 0x0000000089700000, 0x0000000089700000| Untracked 
|  98|0x0000000089800000, 0x0000000089800000, 0x0000000089900000|  0%| F|  |TAMS 0x0000000089800000, 0x0000000089800000| Untracked 
|  99|0x0000000089900000, 0x0000000089900000, 0x0000000089a00000|  0%| F|  |TAMS 0x0000000089900000, 0x0000000089900000| Untracked 
| 100|0x0000000089a00000, 0x0000000089a00000, 0x0000000089b00000|  0%| F|  |TAMS 0x0000000089a00000, 0x0000000089a00000| Untracked 
| 101|0x0000000089b00000, 0x0000000089b00000, 0x0000000089c00000|  0%| F|  |TAMS 0x0000000089b00000, 0x0000000089b00000| Untracked 
| 102|0x0000000089c00000, 0x0000000089c00000, 0x0000000089d00000|  0%| F|  |TAMS 0x0000000089c00000, 0x0000000089c00000| Untracked 
| 103|0x0000000089d00000, 0x0000000089d00000, 0x0000000089e00000|  0%| F|  |TAMS 0x0000000089d00000, 0x0000000089d00000| Untracked 
| 104|0x0000000089e00000, 0x0000000089e00000, 0x0000000089f00000|  0%| F|  |TAMS 0x0000000089e00000, 0x0000000089e00000| Untracked 
| 105|0x0000000089f00000, 0x0000000089f00000, 0x000000008a000000|  0%| F|  |TAMS 0x0000000089f00000, 0x0000000089f00000| Untracked 
| 106|0x000000008a000000, 0x000000008a000000, 0x000000008a100000|  0%| F|  |TAMS 0x000000008a000000, 0x000000008a000000| Untracked 
| 107|0x000000008a100000, 0x000000008a100000, 0x000000008a200000|  0%| F|  |TAMS 0x000000008a100000, 0x000000008a100000| Untracked 
| 108|0x000000008a200000, 0x000000008a200000, 0x000000008a300000|  0%| F|  |TAMS 0x000000008a200000, 0x000000008a200000| Untracked 
| 109|0x000000008a300000, 0x000000008a300000, 0x000000008a400000|  0%| F|  |TAMS 0x000000008a300000, 0x000000008a300000| Untracked 
| 110|0x000000008a400000, 0x000000008a400000, 0x000000008a500000|  0%| F|  |TAMS 0x000000008a400000, 0x000000008a400000| Untracked 
| 111|0x000000008a500000, 0x000000008a500000, 0x000000008a600000|  0%| F|  |TAMS 0x000000008a500000, 0x000000008a500000| Untracked 
| 112|0x000000008a600000, 0x000000008a600000, 0x000000008a700000|  0%| F|  |TAMS 0x000000008a600000, 0x000000008a600000| Untracked 
| 113|0x000000008a700000, 0x000000008a700000, 0x000000008a800000|  0%| F|  |TAMS 0x000000008a700000, 0x000000008a700000| Untracked 
| 114|0x000000008a800000, 0x000000008a800000, 0x000000008a900000|  0%| F|  |TAMS 0x000000008a800000, 0x000000008a800000| Untracked 
| 115|0x000000008a900000, 0x000000008a900000, 0x000000008aa00000|  0%| F|  |TAMS 0x000000008a900000, 0x000000008a900000| Untracked 
| 116|0x000000008aa00000, 0x000000008aa00000, 0x000000008ab00000|  0%| F|  |TAMS 0x000000008aa00000, 0x000000008aa00000| Untracked 
| 117|0x000000008ab00000, 0x000000008ab00000, 0x000000008ac00000|  0%| F|  |TAMS 0x000000008ab00000, 0x000000008ab00000| Untracked 
| 118|0x000000008ac00000, 0x000000008ac00000, 0x000000008ad00000|  0%| F|  |TAMS 0x000000008ac00000, 0x000000008ac00000| Untracked 
| 119|0x000000008ad00000, 0x000000008ad00000, 0x000000008ae00000|  0%| F|  |TAMS 0x000000008ad00000, 0x000000008ad00000| Untracked 
| 120|0x000000008ae00000, 0x000000008ae00000, 0x000000008af00000|  0%| F|  |TAMS 0x000000008ae00000, 0x000000008ae00000| Untracked 
| 121|0x000000008af00000, 0x000000008af00000, 0x000000008b000000|  0%| F|  |TAMS 0x000000008af00000, 0x000000008af00000| Untracked 
| 122|0x000000008b000000, 0x000000008b000000, 0x000000008b100000|  0%| F|  |TAMS 0x000000008b000000, 0x000000008b000000| Untracked 
| 123|0x000000008b100000, 0x000000008b12e110, 0x000000008b200000| 17%| S|CS|TAMS 0x000000008b100000, 0x000000008b100000| Complete 
| 124|0x000000008b200000, 0x000000008b2f8d48, 0x000000008b300000| 97%| E|  |TAMS 0x000000008b200000, 0x000000008b200000| Complete 
| 125|0x000000008b300000, 0x000000008b400000, 0x000000008b400000|100%| E|CS|TAMS 0x000000008b300000, 0x000000008b300000| Complete 

Card table byte_map: [0x000001e9f50f0000,0x000001e9f54e0000] _byte_map_base: 0x000001e9f4cd5000

Marking Bits (Prev, Next): (CMBitMap*) 0x000001e9ed1fc220, (CMBitMap*) 0x000001e9ed1fc1e0
 Prev Bits: [0x000001e9f7800000, 0x000001e9f9728000)
 Next Bits: [0x000001e9f58d0000, 0x000001e9f77f8000)

Polling page: 0x000001e9eafe0000

Metaspace:

Usage:
  Non-class:     10.29 MB used.
      Class:      1.32 MB used.
       Both:     11.61 MB used.

Virtual space:
  Non-class space:       16.00 MB reserved,      10.38 MB ( 65%) committed,  2 nodes.
      Class space:        1.00 GB reserved,       1.44 MB ( <1%) committed,  1 nodes.
             Both:        1.02 GB reserved,      11.81 MB (  1%) committed. 

Chunk freelists:
   Non-Class:  788.00 KB
       Class:  2.62 MB
        Both:  3.39 MB

MaxMetaspaceSize: unlimited
CompressedClassSpaceSize: 1.00 GB
Initial GC threshold: 21.00 MB
Current GC threshold: 21.00 MB
CDS: on
MetaspaceReclaimPolicy: balanced
 - commit_granule_bytes: 65536.
 - commit_granule_words: 8192.
 - virtual_space_node_default_size: 1048576.
 - enlarge_chunks_in_place: 1.
 - new_chunks_are_fully_committed: 0.
 - uncommit_free_chunks: 1.
 - use_allocation_guard: 0.
 - handle_deallocations: 1.


Internal statistics:

num_allocs_failed_limit: 0.
num_arena_births: 142.
num_arena_deaths: 0.
num_vsnodes_births: 3.
num_vsnodes_deaths: 0.
num_space_committed: 189.
num_space_uncommitted: 0.
num_chunks_returned_to_freelist: 0.
num_chunks_taken_from_freelist: 213.
num_chunk_merges: 0.
num_chunk_splits: 141.
num_chunks_enlarged: 98.
num_purges: 0.
num_inconsistent_stats: 0.

CodeHeap 'non-profiled nmethods': size=120000Kb used=512Kb max_used=512Kb free=119487Kb
 bounds [0x000001e987ad0000, 0x000001e987d40000, 0x000001e98f000000]
CodeHeap 'profiled nmethods': size=120000Kb used=2605Kb max_used=2605Kb free=117394Kb
 bounds [0x000001e9805a0000, 0x000001e980830000, 0x000001e987ad0000]
CodeHeap 'non-nmethods': size=5760Kb used=1413Kb max_used=1425Kb free=4346Kb
 bounds [0x000001e980000000, 0x000001e980270000, 0x000001e9805a0000]
 total_blobs=2288 nmethods=1523 adapters=678
 compilation: enabled
              stopped_count=0, restarted_count=0
 full_count=0

Compilation events (20 events):
Event: 9.614 Thread 0x000001e9fc115070 1510       3       java.awt.event.InputEvent::getModifiers (8 bytes)
Event: 9.614 Thread 0x000001e9fc115070 nmethod 1510 0x000001e980823190 code [0x000001e980823320, 0x000001e980823438]
Event: 9.642 Thread 0x000001e9fc115070 1511       3       java.awt.AWTEvent::<init> (81 bytes)
Event: 9.643 Thread 0x000001e9fc115070 nmethod 1511 0x000001e980823510 code [0x000001e9808236e0, 0x000001e980823b98]
Event: 9.649 Thread 0x000001e9fc115070 1512       3       java.awt.EventQueue::getNextEventPrivate (76 bytes)
Event: 9.650 Thread 0x000001e9fc115070 nmethod 1512 0x000001e980823d10 code [0x000001e980823ee0, 0x000001e980824248]
Event: 10.277 Thread 0x000001e9fc115070 1513       3       java.util.IdentityHashMap$IdentityHashMapIterator::nextIndex (72 bytes)
Event: 10.277 Thread 0x000001e9fc115070 nmethod 1513 0x000001e980824390 code [0x000001e980824560, 0x000001e9808248e8]
Event: 10.287 Thread 0x000001e9fc115070 1514       3       java.lang.ref.ReferenceQueue::reallyPoll (65 bytes)
Event: 10.288 Thread 0x000001e9fc115070 nmethod 1514 0x000001e980824a90 code [0x000001e980824c60, 0x000001e980825198]
Event: 10.288 Thread 0x000001e9fc115070 1516       3       sun.invoke.util.VerifyAccess::isMemberAccessible (338 bytes)
Event: 10.291 Thread 0x000001e9fc115070 nmethod 1516 0x000001e980825290 code [0x000001e980825620, 0x000001e9808269c8]
Event: 10.291 Thread 0x000001e9fc115070 1518       1       java.lang.invoke.MethodHandleImpl$IntrinsicMethodHandle::getTarget (5 bytes)
Event: 10.292 Thread 0x000001e9fc115070 nmethod 1518 0x000001e987b4f690 code [0x000001e987b4f820, 0x000001e987b4f8f8]
Event: 10.293 Thread 0x000001e9fc1146c0 1520       4       jdk.internal.access.SharedSecrets::getJavaLangAccess (4 bytes)
Event: 10.294 Thread 0x000001e9fc115070 1521       3       java.lang.invoke.LambdaForm::normalize (322 bytes)
Event: 10.294 Thread 0x000001e9fc1146c0 nmethod 1520 0x000001e987b4fc90 code [0x000001e987b4fe00, 0x000001e987b4fe78]
Event: 10.297 Thread 0x000001e9fc115070 nmethod 1521 0x000001e980826f10 code [0x000001e9808271c0, 0x000001e9808284f8]
Event: 10.297 Thread 0x000001e9fc115070 1522       3       java.lang.Class::descriptorString (170 bytes)
Event: 10.301 Thread 0x000001e9fc115070 nmethod 1522 0x000001e980828b10 code [0x000001e980828fe0, 0x000001e98082abf8]

GC Heap History (4 events):
Event: 6.946 GC heap before
{Heap before GC invocations=0 (full 0):
 garbage-first heap   total 129024K, used 71680K [0x0000000083600000, 0x0000000100000000)
  region size 1024K, 15 young (15360K), 0 survivors (0K)
 Metaspace       used 11690K, committed 11904K, reserved 1064960K
  class space    used 1333K, committed 1408K, reserved 1048576K
}
Event: 6.955 GC heap after
{Heap after GC invocations=1 (full 0):
 garbage-first heap   total 129024K, used 62642K [0x0000000083600000, 0x0000000100000000)
  region size 1024K, 3 young (3072K), 3 survivors (3072K)
 Metaspace       used 11690K, committed 11904K, reserved 1064960K
  class space    used 1333K, committed 1408K, reserved 1048576K
}
Event: 7.010 GC heap before
{Heap before GC invocations=2 (full 0):
 garbage-first heap   total 129024K, used 64690K [0x0000000083600000, 0x0000000100000000)
  region size 1024K, 5 young (5120K), 3 survivors (3072K)
 Metaspace       used 11693K, committed 11904K, reserved 1064960K
  class space    used 1333K, committed 1408K, reserved 1048576K
}
Event: 7.015 GC heap after
{Heap after GC invocations=3 (full 0):
 garbage-first heap   total 129024K, used 12772K [0x0000000083600000, 0x0000000100000000)
  region size 1024K, 1 young (1024K), 1 survivors (1024K)
 Metaspace       used 11693K, committed 11904K, reserved 1064960K
  class space    used 1333K, committed 1408K, reserved 1048576K
}

Deoptimization events (20 events):
Event: 4.944 Thread 0x000001e9fda3d2c0 Uncommon trap: trap_request=0xffffffbe fr.pc=0x000001e987b412e8 relative=0x0000000000000688
Event: 4.944 Thread 0x000001e9fda3d2c0 Uncommon trap: reason=profile_predicate action=maybe_recompile pc=0x000001e987b412e8 method=java.awt.LinearGradientPaintContext.fillRaster([IIIIIII)V @ 53 c2
Event: 4.944 Thread 0x000001e9fda3d2c0 DEOPT PACKING pc=0x000001e987b412e8 sp=0x000000b4ac4fd310
Event: 4.944 Thread 0x000001e9fda3d2c0 DEOPT UNPACKING pc=0x000001e980055c23 sp=0x000000b4ac4fd2c8 mode 2
Event: 4.944 Thread 0x000001e9fda3d2c0 Uncommon trap: trap_request=0xffffffbe fr.pc=0x000001e987b26aec relative=0x000000000000078c
Event: 4.944 Thread 0x000001e9fda3d2c0 Uncommon trap: reason=profile_predicate action=maybe_recompile pc=0x000001e987b26aec method=java.awt.LinearGradientPaintContext.fillRaster([IIIIIII)V @ 50 c2
Event: 4.944 Thread 0x000001e9fda3d2c0 DEOPT PACKING pc=0x000001e987b26aec sp=0x000000b4ac4fd2f0
Event: 4.944 Thread 0x000001e9fda3d2c0 DEOPT UNPACKING pc=0x000001e980055c23 sp=0x000000b4ac4fd2d8 mode 2
Event: 4.944 Thread 0x000001e9fda3d2c0 Uncommon trap: trap_request=0xffffffbe fr.pc=0x000001e987b412e8 relative=0x0000000000000688
Event: 4.944 Thread 0x000001e9fda3d2c0 Uncommon trap: reason=profile_predicate action=maybe_recompile pc=0x000001e987b412e8 method=java.awt.LinearGradientPaintContext.fillRaster([IIIIIII)V @ 53 c2
Event: 4.944 Thread 0x000001e9fda3d2c0 DEOPT PACKING pc=0x000001e987b412e8 sp=0x000000b4ac4fd310
Event: 4.944 Thread 0x000001e9fda3d2c0 DEOPT UNPACKING pc=0x000001e980055c23 sp=0x000000b4ac4fd2c8 mode 2
Event: 4.944 Thread 0x000001e9fda3d2c0 Uncommon trap: trap_request=0xffffffbe fr.pc=0x000001e987b26aec relative=0x000000000000078c
Event: 4.944 Thread 0x000001e9fda3d2c0 Uncommon trap: reason=profile_predicate action=maybe_recompile pc=0x000001e987b26aec method=java.awt.LinearGradientPaintContext.fillRaster([IIIIIII)V @ 50 c2
Event: 4.944 Thread 0x000001e9fda3d2c0 DEOPT PACKING pc=0x000001e987b26aec sp=0x000000b4ac4fd2f0
Event: 4.944 Thread 0x000001e9fda3d2c0 DEOPT UNPACKING pc=0x000001e980055c23 sp=0x000000b4ac4fd2d8 mode 2
Event: 4.944 Thread 0x000001e9fda3d2c0 Uncommon trap: trap_request=0xffffffbe fr.pc=0x000001e987b412e8 relative=0x0000000000000688
Event: 4.944 Thread 0x000001e9fda3d2c0 Uncommon trap: reason=profile_predicate action=maybe_recompile pc=0x000001e987b412e8 method=java.awt.LinearGradientPaintContext.fillRaster([IIIIIII)V @ 53 c2
Event: 4.944 Thread 0x000001e9fda3d2c0 DEOPT PACKING pc=0x000001e987b412e8 sp=0x000000b4ac4fd310
Event: 4.944 Thread 0x000001e9fda3d2c0 DEOPT UNPACKING pc=0x000001e980055c23 sp=0x000000b4ac4fd2c8 mode 2

Classes unloaded (0 events):
No events

Classes redefined (0 events):
No events

Internal exceptions (20 events):
Event: 0.378 Thread 0x000001e9fda3d2c0 Exception <a 'java/lang/ClassNotFoundException'{0x000000008ad01390}: com/sun/swing/internal/plaf/synth/resources/spi/synthProvider> (0x000000008ad01390) 
thrown [t:\workspace\open\src\hotspot\share\classfile\systemDictionary.cpp, line 256]
Event: 0.461 Thread 0x000001e9fdd86480 Exception <a 'java/lang/NoSuchMethodError'{0x000000008ab78c98}: 'java.lang.Object java.lang.invoke.DirectMethodHandle$Holder.newInvokeSpecial(java.lang.Object, java.lang.Object, java.lang.Object, int, int, int, int, int)'> (0x000000008ab78c98) 
thrown [t:\workspace\open\src\hotspot\share\interpreter\linkResolver.cpp, line 766]
Event: 0.474 Thread 0x000001e9fcfbd5a0 Exception <a 'java/lang/NoSuchMethodError'{0x000000008b085940}: 'void java.lang.invoke.DirectMethodHandle$Holder.invokeVirtual(java.lang.Object, java.lang.Object)'> (0x000000008b085940) 
thrown [t:\workspace\open\src\hotspot\share\interpreter\linkResolver.cpp, line 766]
Event: 0.485 Thread 0x000001e9fda3d2c0 Exception <a 'java/lang/NoSuchMethodError'{0x000000008aa12370}: 'void java.lang.invoke.DirectMethodHandle$Holder.invokeStaticInit(java.lang.Object)'> (0x000000008aa12370) 
thrown [t:\workspace\open\src\hotspot\share\interpreter\linkResolver.cpp, line 766]
Event: 1.964 Thread 0x000001e9fddd2810 Exception <a 'java/lang/NoSuchMethodError'{0x000000008a845f80}: 'int java.lang.invoke.DirectMethodHandle$Holder.invokeStaticInit(java.lang.Object, java.lang.Object, java.lang.Object, java.lang.Object)'> (0x000000008a845f80) 
thrown [t:\workspace\open\src\hotspot\share\interpreter\linkResolver.cpp, line 766]
Event: 1.966 Thread 0x000001e9fddd2810 Exception <a 'java/lang/NoSuchMethodError'{0x000000008a84f508}: 'java.lang.Object java.lang.invoke.DirectMethodHandle$Holder.invokeInterface(java.lang.Object, java.lang.Object)'> (0x000000008a84f508) 
thrown [t:\workspace\open\src\hotspot\share\interpreter\linkResolver.cpp, line 766]
Event: 1.967 Thread 0x000001e9fddd2810 Exception <a 'java/lang/IncompatibleClassChangeError'{0x000000008a852a58}: Found class java.lang.Object, but interface was expected> (0x000000008a852a58) 
thrown [t:\workspace\open\src\hotspot\share\interpreter\linkResolver.cpp, line 833]
Event: 1.967 Thread 0x000001e9fddd2810 Exception <a 'java/lang/NoSuchMethodError'{0x000000008a855728}: 'void java.lang.invoke.DirectMethodHandle$Holder.invokeStatic(java.lang.Object, java.lang.Object)'> (0x000000008a855728) 
thrown [t:\workspace\open\src\hotspot\share\interpreter\linkResolver.cpp, line 766]
Event: 1.968 Thread 0x000001e9fddd2810 Exception <a 'java/lang/NoSuchMethodError'{0x000000008a858a80}: 'void java.lang.invoke.DirectMethodHandle$Holder.invokeStaticInit(java.lang.Object, java.lang.Object)'> (0x000000008a858a80) 
thrown [t:\workspace\open\src\hotspot\share\interpreter\linkResolver.cpp, line 766]
Event: 1.969 Thread 0x000001e9fddd2810 Exception <a 'java/lang/NoSuchMethodError'{0x000000008a85e600}: 'int java.lang.invoke.DirectMethodHandle$Holder.invokeStaticInit(java.lang.Object, java.lang.Object)'> (0x000000008a85e600) 
thrown [t:\workspace\open\src\hotspot\share\interpreter\linkResolver.cpp, line 766]
Event: 4.944 Thread 0x000001e9fda3d2c0 Implicit null exception at 0x000001e987b40d4d to 0x000001e987b412ad
Event: 4.944 Thread 0x000001e9fda3d2c0 Implicit null exception at 0x000001e987b2642b to 0x000001e987b26aa0
Event: 4.944 Thread 0x000001e9fda3d2c0 Implicit null exception at 0x000001e987b40d4d to 0x000001e987b412ad
Event: 4.944 Thread 0x000001e9fda3d2c0 Implicit null exception at 0x000001e987b2642b to 0x000001e987b26aa0
Event: 4.944 Thread 0x000001e9fda3d2c0 Implicit null exception at 0x000001e987b40d4d to 0x000001e987b412ad
Event: 10.287 Thread 0x000001e9fdda9590 Exception <a 'java/lang/NoSuchMethodError'{0x000000008b2bf5b8}: 'void java.lang.invoke.DirectMethodHandle$Holder.invokeStatic(java.lang.Object, long)'> (0x000000008b2bf5b8) 
thrown [t:\workspace\open\src\hotspot\share\interpreter\linkResolver.cpp, line 766]
Event: 10.289 Thread 0x000001e9fdda9590 Exception <a 'java/lang/NoSuchMethodError'{0x000000008b2c4960}: 'java.lang.Object java.lang.invoke.DirectMethodHandle$Holder.newInvokeSpecial(java.lang.Object, long)'> (0x000000008b2c4960) 
thrown [t:\workspace\open\src\hotspot\share\interpreter\linkResolver.cpp, line 766]
Event: 10.294 Thread 0x000001e9fdda9590 Exception <a 'java/lang/NoSuchMethodError'{0x000000008b2cf930}: 'java.lang.Object java.lang.invoke.DirectMethodHandle$Holder.invokeStaticInit(java.lang.Object, java.lang.Object, long, java.lang.Object)'> (0x000000008b2cf930) 
thrown [t:\workspace\open\src\hotspot\share\interpreter\linkResolver.cpp, line 766]
Event: 10.295 Thread 0x000001e9fdda9590 Exception <a 'java/lang/NoSuchMethodError'{0x000000008b2d5c58}: 'java.lang.Object java.lang.invoke.DirectMethodHandle$Holder.newInvokeSpecial(java.lang.Object, java.lang.Object, long)'> (0x000000008b2d5c58) 
thrown [t:\workspace\open\src\hotspot\share\interpreter\linkResolver.cpp, line 766]
Event: 10.296 Thread 0x000001e9fdda9590 Exception <a 'java/lang/NoSuchMethodError'{0x000000008b2d9520}: 'java.lang.Object java.lang.invoke.Invokers$Holder.linkToTargetMethod(java.lang.Object, long, java.lang.Object)'> (0x000000008b2d9520) 
thrown [t:\workspace\open\src\hotspot\share\interpreter\linkResolver.cpp, line 766]

VM Operations (20 events):
Event: 1.630 Executing VM operation: Cleanup done
Event: 1.978 Executing VM operation: HandshakeAllThreads
Event: 1.979 Executing VM operation: HandshakeAllThreads done
Event: 2.990 Executing VM operation: Cleanup
Event: 2.991 Executing VM operation: Cleanup done
Event: 4.991 Executing VM operation: Cleanup
Event: 4.991 Executing VM operation: Cleanup done
Event: 6.946 Executing VM operation: G1TryInitiateConcMark
Event: 6.955 Executing VM operation: G1TryInitiateConcMark done
Event: 6.958 Executing VM operation: G1Concurrent
Event: 6.961 Executing VM operation: G1Concurrent done
Event: 6.963 Executing VM operation: G1Concurrent
Event: 6.963 Executing VM operation: G1Concurrent done
Event: 7.010 Executing VM operation: G1TryInitiateConcMark
Event: 7.016 Executing VM operation: G1TryInitiateConcMark done
Event: 8.016 Executing VM operation: Cleanup
Event: 8.016 Executing VM operation: Cleanup done
Event: 10.017 Executing VM operation: Cleanup
Event: 10.017 Executing VM operation: Cleanup done
Event: 10.384 Executing VM operation: Exit

Events (20 events):
Event: 10.299 loading class java/util/concurrent/BlockingQueue
Event: 10.299 loading class java/util/concurrent/BlockingQueue done
Event: 10.299 loading class java/util/concurrent/SynchronousQueue done
Event: 10.300 loading class java/util/concurrent/SynchronousQueue$TransferStack
Event: 10.300 loading class java/util/concurrent/SynchronousQueue$Transferer
Event: 10.300 loading class java/util/concurrent/SynchronousQueue$Transferer done
Event: 10.300 loading class java/util/concurrent/SynchronousQueue$TransferStack done
Event: 10.300 loading class java/util/concurrent/SynchronousQueue$TransferStack$SNode
Event: 10.300 loading class java/util/concurrent/SynchronousQueue$TransferStack$SNode done
Event: 10.300 loading class java/lang/ProcessImpl$2
Event: 10.300 loading class java/lang/ProcessImpl$2 done
Event: 10.300 loading class java/lang/Process$PipeInputStream
Event: 10.301 loading class java/lang/Process$PipeInputStream done
Event: 10.301 loading class jdk/internal/event/ProcessStartEvent
Event: 10.301 loading class jdk/internal/event/Event
Event: 10.301 loading class jdk/internal/event/Event done
Event: 10.301 loading class jdk/internal/event/ProcessStartEvent done
Event: 10.301 Thread 0x000001e9fdda9590 Thread exited: 0x000001e9fdda9590
Event: 10.309 Thread 0x000001e9fcfbd5a0 Thread exited: 0x000001e9fcfbd5a0
Event: 10.379 Thread 0x000001e9fdda9f30 Thread exited: 0x000001e9fdda9f30


Dynamic libraries:
0x00007ff7e4110000 - 0x00007ff7e4120000 	C:\Program Files\Java\jdk-17.0.1\bin\java.exe
0x00007ffd5c310000 - 0x00007ffd5c505000 	C:\Windows\SYSTEM32\ntdll.dll
0x00007ffd5b330000 - 0x00007ffd5b3ed000 	C:\Windows\System32\KERNEL32.DLL
0x00007ffd59a20000 - 0x00007ffd59ced000 	C:\Windows\System32\KERNELBASE.dll
0x00007ffd59de0000 - 0x00007ffd59ee0000 	C:\Windows\System32\ucrtbase.dll
0x00007ffd50950000 - 0x00007ffd5096a000 	C:\Program Files\Java\jdk-17.0.1\bin\VCRUNTIME140.dll
0x00007ffd516b0000 - 0x00007ffd516c8000 	C:\Program Files\Java\jdk-17.0.1\bin\jli.dll
0x00007ffd5be10000 - 0x00007ffd5bebe000 	C:\Windows\System32\ADVAPI32.dll
0x00007ffd5b990000 - 0x00007ffd5ba2e000 	C:\Windows\System32\msvcrt.dll
0x00007ffd5ba90000 - 0x00007ffd5bb2c000 	C:\Windows\System32\sechost.dll
0x00007ffd5bbb0000 - 0x00007ffd5bcd5000 	C:\Windows\System32\RPCRT4.dll
0x00007ffd5b7e0000 - 0x00007ffd5b980000 	C:\Windows\System32\USER32.dll
0x00007ffd5a130000 - 0x00007ffd5a152000 	C:\Windows\System32\win32u.dll
0x00007ffd43870000 - 0x00007ffd43b0a000 	C:\Windows\WinSxS\amd64_microsoft.windows.common-controls_6595b64144ccf1df_6.0.19041.1110_none_60b5254171f9507e\COMCTL32.dll
0x00007ffd5ba60000 - 0x00007ffd5ba8a000 	C:\Windows\System32\GDI32.dll
0x00007ffd5a020000 - 0x00007ffd5a12b000 	C:\Windows\System32\gdi32full.dll
0x00007ffd59cf0000 - 0x00007ffd59d8d000 	C:\Windows\System32\msvcp_win.dll
0x00007ffd4f360000 - 0x00007ffd4f36a000 	C:\Windows\SYSTEM32\VERSION.dll
0x00007ffd5b150000 - 0x00007ffd5b180000 	C:\Windows\System32\IMM32.DLL
0x00007ffd515f0000 - 0x00007ffd515fc000 	C:\Program Files\Java\jdk-17.0.1\bin\vcruntime140_1.dll
0x00007ffd245e0000 - 0x00007ffd2466d000 	C:\Program Files\Java\jdk-17.0.1\bin\msvcp140.dll
0x00007ffce7470000 - 0x00007ffce802e000 	C:\Program Files\Java\jdk-17.0.1\bin\server\jvm.dll
0x00007ffd5ba30000 - 0x00007ffd5ba38000 	C:\Windows\System32\PSAPI.DLL
0x00007ffd43d70000 - 0x00007ffd43d97000 	C:\Windows\SYSTEM32\WINMM.dll
0x00007ffd3c770000 - 0x00007ffd3c779000 	C:\Windows\SYSTEM32\WSOCK32.dll
0x00007ffd5b630000 - 0x00007ffd5b69b000 	C:\Windows\System32\WS2_32.dll
0x00007ffd582b0000 - 0x00007ffd582c2000 	C:\Windows\SYSTEM32\kernel.appcore.dll
0x00007ffd51290000 - 0x00007ffd5129a000 	C:\Program Files\Java\jdk-17.0.1\bin\jimage.dll
0x00007ffd57fe0000 - 0x00007ffd581c4000 	C:\Windows\SYSTEM32\DBGHELP.DLL
0x00007ffd49bb0000 - 0x00007ffd49bdc000 	C:\Windows\SYSTEM32\dbgcore.DLL
0x00007ffd59f90000 - 0x00007ffd5a012000 	C:\Windows\System32\bcryptPrimitives.dll
0x00007ffd27db0000 - 0x00007ffd27dd5000 	C:\Program Files\Java\jdk-17.0.1\bin\java.dll
0x00007ffcecd10000 - 0x00007ffcecde6000 	C:\Program Files\Java\jdk-17.0.1\bin\svml.dll
0x00007ffd5aa00000 - 0x00007ffd5b144000 	C:\Windows\System32\SHELL32.dll
0x00007ffd57560000 - 0x00007ffd57cf4000 	C:\Windows\SYSTEM32\windows.storage.dll
0x00007ffd5bf70000 - 0x00007ffd5c2c4000 	C:\Windows\System32\combase.dll
0x00007ffd59480000 - 0x00007ffd594ac000 	C:\Windows\SYSTEM32\Wldp.dll
0x00007ffd5bec0000 - 0x00007ffd5bf6d000 	C:\Windows\System32\SHCORE.dll
0x00007ffd5a840000 - 0x00007ffd5a895000 	C:\Windows\System32\shlwapi.dll
0x00007ffd59960000 - 0x00007ffd5997f000 	C:\Windows\SYSTEM32\profapi.dll
0x00007ffd427d0000 - 0x00007ffd427e9000 	C:\Program Files\Java\jdk-17.0.1\bin\net.dll
0x00007ffd52180000 - 0x00007ffd5228a000 	C:\Windows\SYSTEM32\WINHTTP.dll
0x00007ffd591e0000 - 0x00007ffd5924a000 	C:\Windows\system32\mswsock.dll
0x00007ffd27d20000 - 0x00007ffd27d35000 	C:\Program Files\Java\jdk-17.0.1\bin\nio.dll
0x00007ffd27d00000 - 0x00007ffd27d18000 	C:\Program Files\Java\jdk-17.0.1\bin\zip.dll
0x00007ffce72e0000 - 0x00007ffce746f000 	C:\Program Files\Java\jdk-17.0.1\bin\awt.dll
0x00007ffd5a930000 - 0x00007ffd5a9fd000 	C:\Windows\System32\OLEAUT32.dll
0x00007ffd546c0000 - 0x00007ffd54750000 	C:\Windows\SYSTEM32\apphelp.dll
0x00007ffcc75b0000 - 0x00007ffcca7b1000 	C:\javacv-resource\opencv\build\java\x64\opencv_java455.dll
0x00007ffd5b500000 - 0x00007ffd5b62a000 	C:\Windows\System32\ole32.dll
0x00007ffd2b440000 - 0x00007ffd2b54a000 	C:\Windows\SYSTEM32\MFReadWrite.dll
0x00007ffd51200000 - 0x00007ffd51284000 	C:\Windows\SYSTEM32\MF.dll
0x00007ffd50210000 - 0x00007ffd503cc000 	C:\Windows\SYSTEM32\MFPlat.DLL
0x00007ffd59d90000 - 0x00007ffd59dde000 	C:\Windows\System32\cfgmgr32.dll
0x00007ffce4f10000 - 0x00007ffce539f000 	C:\Windows\SYSTEM32\MFCORE.DLL
0x00007ffd5a190000 - 0x00007ffd5a2e6000 	C:\Windows\System32\CRYPT32.dll
0x00007ffd5a160000 - 0x00007ffd5a187000 	C:\Windows\System32\bcrypt.dll
0x00007ffd58fa0000 - 0x00007ffd58feb000 	C:\Windows\SYSTEM32\powrprof.dll
0x00007ffd51330000 - 0x00007ffd51339000 	C:\Windows\SYSTEM32\ksuser.dll
0x00007ffd593f0000 - 0x00007ffd593fc000 	C:\Windows\SYSTEM32\CRYPTBASE.DLL
0x00007ffd50180000 - 0x00007ffd501b5000 	C:\Windows\SYSTEM32\RTWorkQ.DLL
0x00007ffd58e60000 - 0x00007ffd58e72000 	C:\Windows\SYSTEM32\UMPDC.dll
0x00007ffd547c0000 - 0x00007ffd5485e000 	C:\Windows\system32\uxtheme.dll
0x00007ffd5bce0000 - 0x00007ffd5bdf5000 	C:\Windows\System32\MSCTF.dll
0x00007ffd57070000 - 0x00007ffd5709f000 	C:\Windows\system32\DWMAPI.DLL
0x00007ffd241f0000 - 0x00007ffd24279000 	C:\Program Files\Java\jdk-17.0.1\bin\freetype.dll
0x00007ffcecc60000 - 0x00007ffcecd08000 	C:\Program Files\Java\jdk-17.0.1\bin\fontmanager.dll
0x00007ffd2f780000 - 0x00007ffd2f8a6000 	C:\Windows\system32\opengl32.dll
0x00007ffd30660000 - 0x00007ffd3068c000 	C:\Windows\SYSTEM32\GLU32.dll
0x00007ffd5b3f0000 - 0x00007ffd5b499000 	C:\Windows\System32\clbcatq.dll
0x00007ffd50790000 - 0x00007ffd50944000 	C:\Windows\SYSTEM32\WindowsCodecs.dll
0x00007ffd237e0000 - 0x00007ffd2381e000 	C:\Windows\system32\dataexchange.dll
0x00007ffd52db0000 - 0x00007ffd53014000 	C:\Windows\system32\d3d11.dll
0x00007ffd535e0000 - 0x00007ffd537c5000 	C:\Windows\system32\dcomp.dll
0x00007ffd58320000 - 0x00007ffd58413000 	C:\Windows\system32\dxgi.dll
0x00007ffd503d0000 - 0x00007ffd505d1000 	C:\Windows\system32\twinapi.appcore.dll
0x00007ffd2cfd0000 - 0x00007ffd2d0c9000 	C:\Windows\SYSTEM32\textinputframework.dll
0x00007ffd53eb0000 - 0x00007ffd53fa2000 	C:\Windows\System32\CoreMessaging.dll
0x00007ffd537d0000 - 0x00007ffd53b2e000 	C:\Windows\System32\CoreUIComponents.dll
0x00007ffd58720000 - 0x00007ffd58753000 	C:\Windows\SYSTEM32\ntmarta.dll
0x00007ffd523f0000 - 0x00007ffd52544000 	C:\Windows\SYSTEM32\wintypes.dll
0x00007ffd431d0000 - 0x00007ffd431e0000 	C:\Program Files\Java\jdk-17.0.1\bin\verify.dll
0x0000000061be0000 - 0x0000000061cb1000 	C:\Users\Zed\AppData\Local\Temp\javacpp28495196994100\msvcr100.dll
0x0000000061b40000 - 0x0000000061bd8000 	C:\Users\Zed\AppData\Local\Temp\javacpp28495196994100\msvcp100.dll
0x0000000066840000 - 0x00000000676b4000 	C:\Users\Zed\AppData\Local\Temp\javacpp28495196994100\opencv_ffmpeg248_64.dll
0x00007ffcdc4b0000 - 0x00007ffcdc722000 	C:\Users\Zed\AppData\Local\Temp\javacpp28495196994100\opencv_core248.dll
0x00007ffcdbef0000 - 0x00007ffcdc1a2000 	C:\Users\Zed\AppData\Local\Temp\javacpp28495196994100\opencv_imgproc248.dll
0x00007ffcdbca0000 - 0x00007ffcdbeed000 	C:\Users\Zed\AppData\Local\Temp\javacpp28495196994100\opencv_highgui248.dll
0x00007ffd34a60000 - 0x00007ffd34a81000 	C:\Windows\SYSTEM32\AVIFIL32.dll
0x00007ffd34a40000 - 0x00007ffd34a59000 	C:\Windows\SYSTEM32\AVICAP32.dll
0x00007ffd51e60000 - 0x00007ffd51e8b000 	C:\Windows\SYSTEM32\MSVFW32.dll
0x00007ffd33ac0000 - 0x00007ffd33ade000 	C:\Windows\SYSTEM32\MSACM32.dll
0x00007ffd3e7c0000 - 0x00007ffd3e7e6000 	C:\Windows\SYSTEM32\winmmbase.dll
0x00007ffd51350000 - 0x00007ffd51363000 	C:\Users\Zed\AppData\Local\Temp\javacpp28495196994100\jniopencv_highgui.dll
0x00007ffd28840000 - 0x00007ffd2885d000 	C:\Windows\System32\devenum.dll
0x00007ffd5a360000 - 0x00007ffd5a7d1000 	C:\Windows\System32\setupapi.dll
0x00007ffd597d0000 - 0x00007ffd597fc000 	C:\Windows\SYSTEM32\DEVOBJ.dll
0x00007ffd5a2f0000 - 0x00007ffd5a358000 	C:\Windows\System32\WINTRUST.dll
0x00007ffd59610000 - 0x00007ffd59622000 	C:\Windows\SYSTEM32\MSASN1.dll
0x00007ffd516a0000 - 0x00007ffd516ab000 	C:\Windows\SYSTEM32\msdmo.dll
0x00007ffd28660000 - 0x00007ffd28696000 	C:\Windows\System32\qcap.dll
0x00007ffcd9e20000 - 0x00007ffcd9ff0000 	C:\Windows\System32\quartz.dll
0x00007ffd1d0f0000 - 0x00007ffd1d13d000 	C:\Windows\System32\mfksproxy.dll
0x00007ffd1cf30000 - 0x00007ffd1cf4d000 	C:\Windows\System32\ATL.DLL
0x00007ffd3d9d0000 - 0x00007ffd3da3c000 	C:\Windows\System32\FrameServerClient.dll
0x00007ffd286f0000 - 0x00007ffd28757000 	C:\Windows\System32\MFSENSORGROUP.dll
0x00007ffd513e0000 - 0x00007ffd513ea000 	C:\Windows\SYSTEM32\AVRT.dll
0x00007ffd51f40000 - 0x00007ffd51f4d000 	C:\Windows\System32\vidcap.ax
0x00007ffd51e90000 - 0x00007ffd51eb7000 	C:\Windows\System32\kswdmcap.ax
0x00007ffce5450000 - 0x00007ffce55bc000 	C:\Windows\System32\MFC42.dll
0x00007ffcf0c70000 - 0x00007ffcf0d18000 	C:\Windows\System32\qedit.dll
0x00007ffd5b6a0000 - 0x00007ffd5b77b000 	C:\Windows\System32\COMDLG32.dll
0x00007ffd43bc0000 - 0x00007ffd43d65000 	C:\Windows\WinSxS\amd64_microsoft.windows.gdiplus_6595b64144ccf1df_1.1.19041.1706_none_919e8e54cc8d4ca1\gdiplus.dll
0x00007ffd1cdf0000 - 0x00007ffd1ceeb000 	C:\Windows\System32\DDRAW.dll
0x00007ffd2bce0000 - 0x00007ffd2bce9000 	C:\Windows\System32\DCIMAN32.dll
0x00007ffd4d2e0000 - 0x00007ffd4d31b000 	C:\Windows\SYSTEM32\dxcore.dll
0x00007ffd287a0000 - 0x00007ffd2883a000 	C:\Users\Zed\AppData\Local\Temp\javacpp28495196994100\jniopencv_core.dll

dbghelp: loaded successfully - version: 4.0.5 - missing functions: none
symbol engine: initialized successfully - sym options: 0x614 - pdb path: .;C:\Program Files\Java\jdk-17.0.1\bin;C:\Windows\SYSTEM32;C:\Windows\WinSxS\amd64_microsoft.windows.common-controls_6595b64144ccf1df_6.0.19041.1110_none_60b5254171f9507e;C:\Program Files\Java\jdk-17.0.1\bin\server;C:\javacv-resource\opencv\build\java\x64;C:\Users\Zed\AppData\Local\Temp\javacpp28495196994100;C:\Windows\WinSxS\amd64_microsoft.windows.gdiplus_6595b64144ccf1df_1.1.19041.1706_none_919e8e54cc8d4ca1

VM Arguments:
jvm_args: -Dfile.encoding=UTF-8 -Djava.library.path=C:\javacv-resource\opencv\build\java\x64 --module-path=C:\Users\Zed\Documents\NetBeansProjects\Pendeteksi_Wajah3\build\classes 
java_command: Face_Detection.Main
java_class_path (initial): C:\javacv-resource\opencv\build\java\opencv-455.jar;C:\javacv-0.7-bin\javacv-bin\javacpp.jar;C:\javacv-0.7-bin\javacv-bin\javacv-android-arm.jar;C:\javacv-0.7-bin\javacv-bin\javacv-linux-x86.jar;C:\javacv-0.7-bin\javacv-bin\javacv-linux-x86_64.jar;C:\javacv-0.7-bin\javacv-bin\javacv-macosx-x86_64.jar;C:\javacv-0.7-bin\javacv-bin\javacv-windows-x86.jar;C:\javacv-0.7-bin\javacv-bin\javacv-windows-x86_64.jar;C:\javacv-0.7-bin\javacv-bin\javacv.jar;C:\javacv-0.7-cppjars\javacv-cppjars\ffmpeg-2.1.1-android-arm.jar;C:\javacv-0.7-cppjars\javacv-cppjars\ffmpeg-2.1.1-linux-x86.jar;C:\javacv-0.7-cppjars\javacv-cppjars\ffmpeg-2.1.1-linux-x86_64.jar;C:\javacv-0.7-cppjars\javacv-cppjars\ffmpeg-2.1.1-macosx-x86_64.jar;C:\javacv-0.7-cppjars\javacv-cppjars\ffmpeg-2.1.1-windows-x86.jar;C:\javacv-0.7-cppjars\javacv-cppjars\ffmpeg-2.1.1-windows-x86_64.jar;C:\javacv-0.7-cppjars\javacv-cppjars\opencv-2.4.8-android-arm.jar;C:\javacv-0.7-cppjars\javacv-cppjars\opencv-2.4.8-linux-x86.jar;C:\javacv-0.7-cppjars\javacv-cppjars\opencv-2.4.8-linux-x86_64.jar;C:\javacv-0.7-cppjars\javacv-cppjars\opencv-2.4.8-macosx-x86_64.jar;C:\javacv-0.7-cppjars\javacv-cppjars\opencv-2.4.8-windows-x86.jar;C:\javacv-0.7-cppjars\javacv-cppjars\opencv-2.4.8-windows-x86_64.jar;C:\Users\Zed\Documents\NetBeansProjects\Pendeteksi_Wajah3\build\classes
Launcher Type: SUN_STANDARD

[Global flags]
     intx CICompilerCount                          = 4                                         {product} {ergonomic}
     uint ConcGCThreads                            = 2                                         {product} {ergonomic}
     uint G1ConcRefinementThreads                  = 8                                         {product} {ergonomic}
   size_t G1HeapRegionSize                         = 1048576                                   {product} {ergonomic}
    uintx GCDrainStackTargetSize                   = 64                                        {product} {ergonomic}
   size_t InitialHeapSize                          = 132120576                                 {product} {ergonomic}
   size_t MarkStackSize                            = 4194304                                   {product} {ergonomic}
   size_t MaxHeapSize                              = 2090860544                                {product} {ergonomic}
   size_t MaxNewSize                               = 1254096896                                {product} {ergonomic}
   size_t MinHeapDeltaBytes                        = 1048576                                   {product} {ergonomic}
   size_t MinHeapSize                              = 8388608                                   {product} {ergonomic}
    uintx NonNMethodCodeHeapSize                   = 5839372                                {pd product} {ergonomic}
    uintx NonProfiledCodeHeapSize                  = 122909434                              {pd product} {ergonomic}
    uintx ProfiledCodeHeapSize                     = 122909434                              {pd product} {ergonomic}
    uintx ReservedCodeCacheSize                    = 251658240                              {pd product} {ergonomic}
     bool SegmentedCodeCache                       = true                                      {product} {ergonomic}
   size_t SoftMaxHeapSize                          = 2090860544                             {manageable} {ergonomic}
     bool UseCompressedClassPointers               = true                           {product lp64_product} {ergonomic}
     bool UseCompressedOops                        = true                           {product lp64_product} {ergonomic}
     bool UseG1GC                                  = true                                      {product} {ergonomic}
     bool UseLargePagesIndividualAllocation        = false                                  {pd product} {ergonomic}

Logging:
Log output configuration:
 #0: stdout all=off uptime,level,tags
 #1: stderr all=off uptime,level,tags

Environment Variables:
PATH=C:\Program Files\Common Files\Oracle\Java\javapath;C:\javacv-resource\opencv\build\bin;C:\javacv-resource\opencv\build\x64\vc14\bin;C:\Users\Zed\AppData\Local\Microsoft\WindowsApps;C:\Users\Zed\AppData\Local\Programs\Microsoft VS Code\bin;C:\Users\Zed\AppData\Local\GitHubDesktop\bin;C:\Users\Zed\AppData\Roaming\npm
USERNAME=Zed
OS=Windows_NT
PROCESSOR_IDENTIFIER=Intel64 Family 6 Model 140 Stepping 1, GenuineIntel



---------------  S Y S T E M  ---------------

OS:
 Windows 10 , 64 bit Build 19041 (10.0.19041.1706)
OS uptime: 0 days 7:55 hours

CPU: total 8 (initial active 8) (4 cores per cpu, 2 threads per core) family 6 model 140 stepping 1 microcode 0x8a, cx8, cmov, fxsr, ht, mmx, 3dnowpref, sse, sse2, sse3, ssse3, sse4.1, sse4.2, popcnt, lzcnt, tsc, tscinvbit, avx, avx2, aes, erms, clmul, bmi1, bmi2, adx, avx512f, avx512dq, avx512cd, avx512bw, avx512vl, sha, fma, vzeroupper, avx512_vpopcntdq, avx512_vpclmulqdq, avx512_vaes, avx512_vnni, clflush, clflushopt, clwb, avx512_vbmi2, avx512_vbmi

Memory: 4k page, system-wide physical 7971M (2156M free)
TotalPageFile size 11076M (AvailPageFile size 1945M)
current process WorkingSet (physical memory assigned to process): 147M, peak: 147M
current process commit charge ("private bytes"): 250M, peak: 259M

vm_info: Java HotSpot(TM) 64-Bit Server VM (17.0.1+12-LTS-39) for windows-amd64 JRE (17.0.1+12-LTS-39), built on Sep 27 2021 18:41:35 by "mach5one" with MS VC++ 16.8 (VS2019)

END.
