#
# A fatal error has been detected by the Java Runtime Environment:
#
#  Internal Error (0xc000000d), pid=6404, tid=6900
#
# JRE version: Java(TM) SE Runtime Environment (17.0.1+12) (build 17.0.1+12-LTS-39)
# Java VM: Java HotSpot(TM) 64-Bit Server VM (17.0.1+12-LTS-39, mixed mode, sharing, tiered, compressed oops, compressed class ptrs, g1 gc, windows-amd64)
# Problematic frame:
# C  [ntdll.dll+0x112224]
#
# No core dump will be written. Minidumps are not enabled by default on client versions of Windows
#
# If you would like to submit a bug report, please visit:
#   https://bugreport.java.com/bugreport/crash.jsp
#

---------------  S U M M A R Y ------------

Command Line: -Dfile.encoding=UTF-8 -Djava.library.path=C:\javacv-resource\opencv\build\java\x64 --module-path=C:\Users\Zed\Documents\NetBeansProjects\Pendeteksi_Wajah3\build\classes Face_Detection.Main

Host: 11th Gen Intel(R) Core(TM) i5-1135G7 @ 2.40GHz, 8 cores, 7G,  Windows 10 , 64 bit Build 19041 (10.0.19041.1706)
Time: Sun Jun  5 15:27:01 2022 SE Asia Standard Time elapsed time: 84.153960 seconds (0d 0h 1m 24s)

---------------  T H R E A D  ---------------

Current thread (0x000001a106de2630):  VMThread "VM Thread" [stack: 0x0000001a84a00000,0x0000001a84b00000] [id=6900]

Stack: [0x0000001a84a00000,0x0000001a84b00000],  sp=0x0000001a84afe480,  free space=1017k
Native frames: (J=compiled Java code, j=interpreted, Vv=VM code, C=native code)
C  [ntdll.dll+0x112224]
C  [ntdll.dll+0xac44f]
C  [ntdll.dll+0x11d95]
C  [RTWorkQ.DLL+0x64d3]


siginfo: EXCEPTION_?? (0xc000000d)


Register to memory mapping:

RIP=0x00007ffd5c422224 ntdll.dll
RAX=0x00007ffd59de4dcd ucrtbase.dll
RBX=0x0 is NULL
RCX=0x0000001a84afd7d0 points into unknown readable memory: 0x3f982a9930be0ded | ed 0d be 30 99 2a 98 3f
RDX=0x0000001a84afdb68 points into unknown readable memory: 0x000004d0fffffb30 | 30 fb ff ff d0 04 00 00
RSP=0x0000001a84afe480 points into unknown readable memory: 0x0000000000000057 | 57 00 00 00 00 00 00 00
RBP=0x0000000000000003 is an unknown value
RSI=0x0000000000000978 is an unknown value
RDI=0x000001a108dc7eb0 points into unknown readable memory: 0x0000000000000001 | 01 00 00 00 00 00 00 00
R8 =0x00007ffd00000001 is an unknown value
R9 =0x0 is NULL
R10=0x0 is NULL
R11=0x0000001a84afd910 points into unknown readable memory: 0x0000000000000000 | 00 00 00 00 00 00 00 00
R12=0x0000000000000978 is an unknown value
R13=0x00007ffd2874b430 FrameServerClient.dll
R14=0x0 is NULL
R15=0x0000000000000978 is an unknown value


Registers:
RAX=0x00007ffd59de4dcd, RBX=0x0000000000000000, RCX=0x0000001a84afd7d0, RDX=0x0000001a84afdb68
RSP=0x0000001a84afe480, RBP=0x0000000000000003, RSI=0x0000000000000978, RDI=0x000001a108dc7eb0
R8 =0x00007ffd00000001, R9 =0x0000000000000000, R10=0x0000000000000000, R11=0x0000001a84afd910
R12=0x0000000000000978, R13=0x00007ffd2874b430, R14=0x0000000000000000, R15=0x0000000000000978
RIP=0x00007ffd5c422224, EFLAGS=0x0000000000000206

Top of Stack: (sp=0x0000001a84afe480)
0x0000001a84afe480:   0000000000000057 0000000000000000
0x0000001a84afe490:   0000000000000978 0000000000000000
0x0000001a84afe4a0:   00000000c000000d 0000000000000000
0x0000001a84afe4b0:   00007ffd5c422224 0000000000000000
0x0000001a84afe4c0:   0000000000000000 0000000000000000
0x0000001a84afe4d0:   0000000000000000 0000000000000000
0x0000001a84afe4e0:   0000000000000000 0000000000000000
0x0000001a84afe4f0:   0000000000000000 0000000000000000
0x0000001a84afe500:   0000000000000000 0000000000000000
0x0000001a84afe510:   0000000000000000 0000000000000000
0x0000001a84afe520:   0000000000000000 0000000000000000
0x0000001a84afe530:   0000000000000000 0000000000000000
0x0000001a84afe540:   000030ee02bb46c4 0000000000000010
0x0000001a84afe550:   00007ffd2874c2d8 00007ffd5c3bc44f
0x0000001a84afe560:   0000000000000001 00007ffd5018884b
0x0000001a84afe570:   00007ffd2874b430 0000000000000978 

Instructions: (pc=0x00007ffd5c422224)
0x00007ffd5c422124:   cc cc cc cc cc cc cc cc 48 81 ec d8 00 00 00 48
0x00007ffd5c422134:   8b 05 d6 03 07 00 48 33 c4 48 89 84 24 c0 00 00
0x00007ffd5c422144:   00 4d 85 c0 74 33 4d 8b 48 50 48 8d 05 8b 63 f6
0x00007ffd5c422154:   ff c7 44 24 38 05 00 00 00 4c 3b c8 75 0a 49 8b
0x00007ffd5c422164:   40 58 4c 8b 50 20 eb 03 45 33 d2 4d 85 d2 4d 0f
0x00007ffd5c422174:   45 ca 4c 89 4c 24 60 eb 08 c7 44 24 38 04 00 00
0x00007ffd5c422184:   00 48 83 64 24 28 00 48 83 64 24 58 00 48 63 c1
0x00007ffd5c422194:   48 8d 4c 24 20 48 89 44 24 40 c7 44 24 20 0a 07
0x00007ffd5c4221a4:   00 c0 48 89 54 24 48 4c 89 44 24 50 c7 44 24 24
0x00007ffd5c4221b4:   01 00 00 00 e8 63 ee f3 ff 48 8b 8c 24 c0 00 00
0x00007ffd5c4221c4:   00 48 33 cc e8 63 a0 f7 ff 48 81 c4 d8 00 00 00
0x00007ffd5c4221d4:   c3 cc cc cc cc cc cc cc 48 81 ec d8 00 00 00 48
0x00007ffd5c4221e4:   8b 05 26 03 07 00 48 33 c4 48 89 84 24 c0 00 00
0x00007ffd5c4221f4:   00 33 d2 41 b8 94 00 00 00 48 8d 4c 24 24 e8 f9
0x00007ffd5c422204:   1b f9 ff c7 44 24 20 0d 00 00 c0 b9 57 00 00 00
0x00007ffd5c422214:   e8 57 e5 f3 ff 90 48 8d 4c 24 20 e8 fc ed f3 ff
0x00007ffd5c422224:   eb 00 48 8b 8c 24 c0 00 00 00 48 33 cc e8 fa 9f
0x00007ffd5c422234:   f7 ff 48 81 c4 d8 00 00 00 c3 cc 40 55 48 83 ec
0x00007ffd5c422244:   20 48 8b ea e8 0f 00 00 00 90 48 83 c4 20 5d c3
0x00007ffd5c422254:   cc cc cc cc cc cc cc cc 48 83 ec 28 48 8b 51 08
0x00007ffd5c422264:   41 b8 03 00 00 00 48 8b 09 e8 1e a6 fc ff 33 c0
0x00007ffd5c422274:   48 83 c4 28 c3 cc cc cc cc cc cc cc 48 8b 01 48
0x00007ffd5c422284:   83 c9 ff 8b 10 e9 22 b0 f8 ff cc cc cc cc cc cc
0x00007ffd5c422294:   4c 8b dc 48 81 ec 88 00 00 00 48 8b 05 6b 02 07
0x00007ffd5c4222a4:   00 48 33 c4 48 89 44 24 70 48 8b 84 24 b0 00 00
0x00007ffd5c4222b4:   00 41 ba 24 1c 00 00 49 89 43 d8 8b 84 24 b8 00
0x00007ffd5c4222c4:   00 00 66 45 89 53 9e 49 89 4b b8 49 89 53 c0 4d
0x00007ffd5c4222d4:   89 43 c8 4d 89 4b d0 89 44 24 68 e8 6c 25 f1 ff
0x00007ffd5c4222e4:   85 c0 74 19 65 48 8b 04 25 60 00 00 00 48 8b 88
0x00007ffd5c4222f4:   90 00 00 00 48 81 c1 2c 02 00 00 eb 05 b9 86 03
0x00007ffd5c422304:   fe 7f 0f b6 09 4c 8d 4c 24 20 ba 03 04 00 00 41
0x00007ffd5c422314:   b8 2c 00 00 00 e8 c2 b5 f8 ff 48 8b 4c 24 70 48 


Stack slot to memory mapping:
stack at sp + 0 slots: 0x0000000000000057 is an unknown value
stack at sp + 1 slots: 0x0 is NULL
stack at sp + 2 slots: 0x0000000000000978 is an unknown value
stack at sp + 3 slots: 0x0 is NULL
stack at sp + 4 slots: 0x00000000c000000d is an unallocated location in the heap
stack at sp + 5 slots: 0x0 is NULL
stack at sp + 6 slots: 0x00007ffd5c422224 ntdll.dll
stack at sp + 7 slots: 0x0 is NULL

VM_Operation (0x0000001a85afe7d0): Exit, mode: safepoint, requested by thread 0x000001a10875fa30


---------------  P R O C E S S  ---------------

Threads class SMR info:
_java_thread_list=0x000001a108e9cab0, length=15, elements={
0x000001a106de88a0, 0x000001a106dea370, 0x000001a106dfa640, 0x000001a106dfcf10,
0x000001a106dfd7d0, 0x000001a106dfe090, 0x000001a106dffc90, 0x000001a106e00640,
0x000001a106e00f40, 0x000001a1078411b0, 0x000001a1078e5110, 0x000001a107ba2f60,
0x000001a107b8b320, 0x000001a10875fa30, 0x000001a168edd810
}

Java Threads: ( => current thread )
  0x000001a106de88a0 JavaThread "Reference Handler" daemon [_thread_blocked, id=1224, stack(0x0000001a84b00000,0x0000001a84c00000)]
  0x000001a106dea370 JavaThread "Finalizer" daemon [_thread_blocked, id=3688, stack(0x0000001a84c00000,0x0000001a84d00000)]
  0x000001a106dfa640 JavaThread "Signal Dispatcher" daemon [_thread_blocked, id=6032, stack(0x0000001a84d00000,0x0000001a84e00000)]
  0x000001a106dfcf10 JavaThread "Attach Listener" daemon [_thread_blocked, id=12396, stack(0x0000001a84e00000,0x0000001a84f00000)]
  0x000001a106dfd7d0 JavaThread "Service Thread" daemon [_thread_blocked, id=3168, stack(0x0000001a84f00000,0x0000001a85000000)]
  0x000001a106dfe090 JavaThread "Monitor Deflation Thread" daemon [_thread_blocked, id=16920, stack(0x0000001a85000000,0x0000001a85100000)]
  0x000001a106dffc90 JavaThread "C2 CompilerThread0" daemon [_thread_blocked, id=14748, stack(0x0000001a85100000,0x0000001a85200000)]
  0x000001a106e00640 JavaThread "C1 CompilerThread0" daemon [_thread_blocked, id=15724, stack(0x0000001a85200000,0x0000001a85300000)]
  0x000001a106e00f40 JavaThread "Sweeper thread" daemon [_thread_blocked, id=13568, stack(0x0000001a85300000,0x0000001a85400000)]
  0x000001a1078411b0 JavaThread "Common-Cleaner" daemon [_thread_blocked, id=12796, stack(0x0000001a85400000,0x0000001a85500000)]
  0x000001a1078e5110 JavaThread "Notification Thread" daemon [_thread_blocked, id=16104, stack(0x0000001a85500000,0x0000001a85600000)]
  0x000001a107ba2f60 JavaThread "Java2D Disposer" daemon [_thread_blocked, id=13268, stack(0x0000001a85700000,0x0000001a85800000)]
  0x000001a107b8b320 JavaThread "AWT-Shutdown" [_thread_blocked, id=13572, stack(0x0000001a85800000,0x0000001a85900000)]
  0x000001a10875fa30 JavaThread "AWT-EventQueue-0" [_thread_blocked, id=4536, stack(0x0000001a85a00000,0x0000001a85b00000)]
  0x000001a168edd810 JavaThread "DestroyJavaVM" [_thread_blocked, id=14052, stack(0x0000001a84400000,0x0000001a84500000)]

Other Threads:
=>0x000001a106de2630 VMThread "VM Thread" [stack: 0x0000001a84a00000,0x0000001a84b00000] [id=6900]
  0x000001a168f19fe0 GCTaskThread "GC Thread#0" [stack: 0x0000001a84500000,0x0000001a84600000] [id=13964]
  0x000001a10a076b00 GCTaskThread "GC Thread#1" [stack: 0x0000001a85b00000,0x0000001a85c00000] [id=11420]
  0x000001a10a06d300 GCTaskThread "GC Thread#2" [stack: 0x0000001a86400000,0x0000001a86500000] [id=14280]
  0x000001a108dd2e50 GCTaskThread "GC Thread#3" [stack: 0x0000001a86500000,0x0000001a86600000] [id=11160]
  0x000001a108c2ea90 GCTaskThread "GC Thread#4" [stack: 0x0000001a86600000,0x0000001a86700000] [id=12560]
  0x000001a10a07a710 GCTaskThread "GC Thread#5" [stack: 0x0000001a86700000,0x0000001a86800000] [id=2524]
  0x000001a108d0ea10 GCTaskThread "GC Thread#6" [stack: 0x0000001a86800000,0x0000001a86900000] [id=10980]
  0x000001a108d0ecc0 GCTaskThread "GC Thread#7" [stack: 0x0000001a86900000,0x0000001a86a00000] [id=17024]
  0x000001a168f2dba0 ConcurrentGCThread "G1 Main Marker" terminated
  0x000001a168f2e4c0 ConcurrentGCThread "G1 Conc#0" [stack: 0x0000001a84700000,0x0000001a84800000] [id=11144]
  0x000001a10892eb00 ConcurrentGCThread "G1 Conc#1" [stack: 0x0000001a86b00000,0x0000001a86c00000] [id=8032]
  0x000001a168fbb860 ConcurrentGCThread "G1 Refine#0" terminated
  0x000001a108d10340 ConcurrentGCThread "G1 Refine#1" terminated
  0x000001a168fbc190 ConcurrentGCThread "G1 Service" terminated

Threads with active compile tasks:

VM state: at safepoint (shutting down)

VM Mutex/Monitor currently owned by a thread:  ([mutex/lock_event])
[0x000001a168ed9670] Threads_lock - owner thread: 0x000001a106de2630
[0x000001a168ed7c00] Heap_lock - owner thread: 0x000001a10875fa30

Heap address: 0x0000000083600000, size: 1994 MB, Compressed Oops mode: 32-bit

CDS archive(s) mapped at: [0x0000000800000000-0x0000000800bc0000-0x0000000800bc0000), size 12320768, SharedBaseAddress: 0x0000000800000000, ArchiveRelocationMode: 0.
Compressed class space mapped at: 0x0000000800c00000-0x0000000840c00000, reserved size: 1073741824
Narrow klass base: 0x0000000800000000, Narrow klass shift: 0, Narrow klass range: 0x100000000

GC Precious Log:
 CPUs: 8 total, 8 available
 Memory: 7971M
 Large Page Support: Disabled
 NUMA Support: Disabled
 Compressed Oops: Enabled (32-bit)
 Heap Region Size: 1M
 Heap Min Capacity: 8M
 Heap Initial Capacity: 126M
 Heap Max Capacity: 1994M
 Pre-touch: Disabled
 Parallel Workers: 8
 Concurrent Workers: 2
 Concurrent Refinement Workers: 8
 Periodic GC: Disabled

Heap:
 garbage-first heap   total 245760K, used 64956K [0x0000000083600000, 0x0000000100000000)
  region size 1024K, 4 young (4096K), 1 survivors (1024K)
 Metaspace       used 12394K, committed 12672K, reserved 1064960K
  class space    used 1351K, committed 1472K, reserved 1048576K

Heap Regions: E=young(eden), S=young(survivor), O=old, HS=humongous(starts), HC=humongous(continues), CS=collection set, F=free, OA=open archive, CA=closed archive, TAMS=top-at-mark-start (previous, next)
|   0|0x0000000083600000, 0x0000000083700000, 0x0000000083700000|100%|HS|  |TAMS 0x0000000083600000, 0x0000000083600000| Complete 
|   1|0x0000000083700000, 0x0000000083800000, 0x0000000083800000|100%|HS|  |TAMS 0x0000000083700000, 0x0000000083800000| Complete 
|   2|0x0000000083800000, 0x0000000083900000, 0x0000000083900000|100%|HS|  |TAMS 0x0000000083800000, 0x0000000083900000| Complete 
|   3|0x0000000083900000, 0x0000000083a00000, 0x0000000083a00000|100%|HS|  |TAMS 0x0000000083a00000, 0x0000000083a00000| Complete 
|   4|0x0000000083a00000, 0x0000000083b00000, 0x0000000083b00000|100%|HC|  |TAMS 0x0000000083b00000, 0x0000000083b00000| Complete 
|   5|0x0000000083b00000, 0x0000000083c00000, 0x0000000083c00000|100%|HS|  |TAMS 0x0000000083c00000, 0x0000000083c00000| Complete 
|   6|0x0000000083c00000, 0x0000000083d00000, 0x0000000083d00000|100%|HC|  |TAMS 0x0000000083d00000, 0x0000000083d00000| Complete 
|   7|0x0000000083d00000, 0x0000000083e00000, 0x0000000083e00000|100%|HS|  |TAMS 0x0000000083d00000, 0x0000000083e00000| Complete 
|   8|0x0000000083e00000, 0x0000000083f00000, 0x0000000083f00000|100%|HS|  |TAMS 0x0000000083e00000, 0x0000000083f00000| Complete 
|   9|0x0000000083f00000, 0x0000000084000000, 0x0000000084000000|100%|HS|  |TAMS 0x0000000083f00000, 0x0000000084000000| Complete 
|  10|0x0000000084000000, 0x0000000084100000, 0x0000000084100000|100%|HS|  |TAMS 0x0000000084000000, 0x0000000084100000| Complete 
|  11|0x0000000084100000, 0x0000000084200000, 0x0000000084200000|100%|HS|  |TAMS 0x0000000084100000, 0x0000000084200000| Complete 
|  12|0x0000000084200000, 0x0000000084300000, 0x0000000084300000|100%|HS|  |TAMS 0x0000000084200000, 0x0000000084300000| Complete 
|  13|0x0000000084300000, 0x0000000084400000, 0x0000000084400000|100%|HS|  |TAMS 0x0000000084300000, 0x0000000084400000| Complete 
|  14|0x0000000084400000, 0x0000000084500000, 0x0000000084500000|100%|HS|  |TAMS 0x0000000084400000, 0x0000000084500000| Complete 
|  15|0x0000000084500000, 0x0000000084600000, 0x0000000084600000|100%|HS|  |TAMS 0x0000000084500000, 0x0000000084600000| Complete 
|  16|0x0000000084600000, 0x0000000084700000, 0x0000000084700000|100%|HS|  |TAMS 0x0000000084600000, 0x0000000084700000| Complete 
|  17|0x0000000084700000, 0x0000000084800000, 0x0000000084800000|100%|HS|  |TAMS 0x0000000084700000, 0x0000000084800000| Complete 
|  18|0x0000000084800000, 0x0000000084900000, 0x0000000084900000|100%|HS|  |TAMS 0x0000000084800000, 0x0000000084900000| Complete 
|  19|0x0000000084900000, 0x0000000084a00000, 0x0000000084a00000|100%|HS|  |TAMS 0x0000000084900000, 0x0000000084a00000| Complete 
|  20|0x0000000084a00000, 0x0000000084b00000, 0x0000000084b00000|100%|HS|  |TAMS 0x0000000084a00000, 0x0000000084b00000| Complete 
|  21|0x0000000084b00000, 0x0000000084c00000, 0x0000000084c00000|100%|HS|  |TAMS 0x0000000084b00000, 0x0000000084c00000| Complete 
|  22|0x0000000084c00000, 0x0000000084d00000, 0x0000000084d00000|100%|HS|  |TAMS 0x0000000084c00000, 0x0000000084d00000| Complete 
|  23|0x0000000084d00000, 0x0000000084e00000, 0x0000000084e00000|100%|HS|  |TAMS 0x0000000084d00000, 0x0000000084e00000| Complete 
|  24|0x0000000084e00000, 0x0000000084f00000, 0x0000000084f00000|100%|HS|  |TAMS 0x0000000084e00000, 0x0000000084f00000| Complete 
|  25|0x0000000084f00000, 0x0000000085000000, 0x0000000085000000|100%|HS|  |TAMS 0x0000000084f00000, 0x0000000085000000| Complete 
|  26|0x0000000085000000, 0x0000000085100000, 0x0000000085100000|100%|HS|  |TAMS 0x0000000085000000, 0x0000000085100000| Complete 
|  27|0x0000000085100000, 0x0000000085200000, 0x0000000085200000|100%|HS|  |TAMS 0x0000000085100000, 0x0000000085200000| Complete 
|  28|0x0000000085200000, 0x0000000085300000, 0x0000000085300000|100%|HS|  |TAMS 0x0000000085200000, 0x0000000085300000| Complete 
|  29|0x0000000085300000, 0x0000000085400000, 0x0000000085400000|100%|HS|  |TAMS 0x0000000085300000, 0x0000000085400000| Complete 
|  30|0x0000000085400000, 0x0000000085500000, 0x0000000085500000|100%|HS|  |TAMS 0x0000000085400000, 0x0000000085500000| Complete 
|  31|0x0000000085500000, 0x0000000085600000, 0x0000000085600000|100%|HS|  |TAMS 0x0000000085500000, 0x0000000085600000| Complete 
|  32|0x0000000085600000, 0x0000000085700000, 0x0000000085700000|100%|HS|  |TAMS 0x0000000085600000, 0x0000000085700000| Complete 
|  33|0x0000000085700000, 0x0000000085800000, 0x0000000085800000|100%|HS|  |TAMS 0x0000000085700000, 0x0000000085800000| Complete 
|  34|0x0000000085800000, 0x0000000085900000, 0x0000000085900000|100%|HS|  |TAMS 0x0000000085800000, 0x0000000085900000| Complete 
|  35|0x0000000085900000, 0x0000000085a00000, 0x0000000085a00000|100%|HC|  |TAMS 0x0000000085900000, 0x0000000085a00000| Complete 
|  36|0x0000000085a00000, 0x0000000085b00000, 0x0000000085b00000|100%|HC|  |TAMS 0x0000000085a00000, 0x0000000085b00000| Complete 
|  37|0x0000000085b00000, 0x0000000085c00000, 0x0000000085c00000|100%|HC|  |TAMS 0x0000000085b00000, 0x0000000085c00000| Complete 
|  38|0x0000000085c00000, 0x0000000085d00000, 0x0000000085d00000|100%|HC|  |TAMS 0x0000000085c00000, 0x0000000085d00000| Complete 
|  39|0x0000000085d00000, 0x0000000085e00000, 0x0000000085e00000|100%|HC|  |TAMS 0x0000000085d00000, 0x0000000085e00000| Complete 
|  40|0x0000000085e00000, 0x0000000085f00000, 0x0000000085f00000|100%|HC|  |TAMS 0x0000000085e00000, 0x0000000085f00000| Complete 
|  41|0x0000000085f00000, 0x0000000086000000, 0x0000000086000000|100%|HC|  |TAMS 0x0000000085f00000, 0x0000000086000000| Complete 
|  42|0x0000000086000000, 0x0000000086100000, 0x0000000086100000|100%|HS|  |TAMS 0x0000000086000000, 0x0000000086100000| Complete 
|  43|0x0000000086100000, 0x0000000086200000, 0x0000000086200000|100%|HS|  |TAMS 0x0000000086100000, 0x0000000086200000| Complete 
|  44|0x0000000086200000, 0x0000000086300000, 0x0000000086300000|100%|HS|  |TAMS 0x0000000086200000, 0x0000000086300000| Complete 
|  45|0x0000000086300000, 0x0000000086400000, 0x0000000086400000|100%|HS|  |TAMS 0x0000000086300000, 0x0000000086400000| Complete 
|  46|0x0000000086400000, 0x0000000086500000, 0x0000000086500000|100%|HS|  |TAMS 0x0000000086400000, 0x0000000086500000| Complete 
|  47|0x0000000086500000, 0x0000000086600000, 0x0000000086600000|100%|HS|  |TAMS 0x0000000086500000, 0x0000000086500000| Complete 
|  48|0x0000000086600000, 0x0000000086700000, 0x0000000086700000|100%|HS|  |TAMS 0x0000000086600000, 0x0000000086600000| Complete 
|  49|0x0000000086700000, 0x0000000086800000, 0x0000000086800000|100%|HS|  |TAMS 0x0000000086700000, 0x0000000086700000| Complete 
|  50|0x0000000086800000, 0x0000000086900000, 0x0000000086900000|100%|HS|  |TAMS 0x0000000086800000, 0x0000000086800000| Complete 
|  51|0x0000000086900000, 0x0000000086a00000, 0x0000000086a00000|100%|HS|  |TAMS 0x0000000086900000, 0x0000000086900000| Complete 
|  52|0x0000000086a00000, 0x0000000086b00000, 0x0000000086b00000|100%|HS|  |TAMS 0x0000000086a00000, 0x0000000086a00000| Complete 
|  53|0x0000000086b00000, 0x0000000086c00000, 0x0000000086c00000|100%|HS|  |TAMS 0x0000000086b00000, 0x0000000086b00000| Complete 
|  54|0x0000000086c00000, 0x0000000086c00000, 0x0000000086d00000|  0%| F|  |TAMS 0x0000000086c00000, 0x0000000086c00000| Untracked 
|  55|0x0000000086d00000, 0x0000000086d00000, 0x0000000086e00000|  0%| F|  |TAMS 0x0000000086d00000, 0x0000000086d00000| Untracked 
|  56|0x0000000086e00000, 0x0000000086e00000, 0x0000000086f00000|  0%| F|  |TAMS 0x0000000086e00000, 0x0000000086e00000| Untracked 
|  57|0x0000000086f00000, 0x0000000087000000, 0x0000000087000000|100%| O|  |TAMS 0x0000000087000000, 0x0000000087000000| Untracked 
|  58|0x0000000087000000, 0x0000000087100000, 0x0000000087100000|100%| O|  |TAMS 0x0000000087100000, 0x0000000087100000| Untracked 
|  59|0x0000000087100000, 0x0000000087200000, 0x0000000087200000|100%|HS|  |TAMS 0x0000000087200000, 0x0000000087200000| Complete 
|  60|0x0000000087200000, 0x0000000087300000, 0x0000000087300000|100%| O|  |TAMS 0x0000000087300000, 0x0000000087300000| Untracked 
|  61|0x0000000087300000, 0x0000000087400000, 0x0000000087400000|100%| O|  |TAMS 0x0000000087400000, 0x0000000087400000| Untracked 
|  62|0x0000000087400000, 0x0000000087454a00, 0x0000000087500000| 33%| O|  |TAMS 0x000000008743ec00, 0x0000000087453000| Untracked 
|  63|0x0000000087500000, 0x0000000087500000, 0x0000000087600000|  0%| F|  |TAMS 0x0000000087500000, 0x0000000087500000| Untracked 
|  64|0x0000000087600000, 0x0000000087600000, 0x0000000087700000|  0%| F|  |TAMS 0x0000000087600000, 0x0000000087600000| Untracked 
|  65|0x0000000087700000, 0x0000000087700000, 0x0000000087800000|  0%| F|  |TAMS 0x0000000087700000, 0x0000000087700000| Untracked 
|  66|0x0000000087800000, 0x0000000087800000, 0x0000000087900000|  0%| F|  |TAMS 0x0000000087800000, 0x0000000087800000| Untracked 
|  67|0x0000000087900000, 0x0000000087900000, 0x0000000087a00000|  0%| F|  |TAMS 0x0000000087900000, 0x0000000087900000| Untracked 
|  68|0x0000000087a00000, 0x0000000087a00000, 0x0000000087b00000|  0%| F|  |TAMS 0x0000000087a00000, 0x0000000087a00000| Untracked 
|  69|0x0000000087b00000, 0x0000000087b00000, 0x0000000087c00000|  0%| F|  |TAMS 0x0000000087b00000, 0x0000000087b00000| Untracked 
|  70|0x0000000087c00000, 0x0000000087c00000, 0x0000000087d00000|  0%| F|  |TAMS 0x0000000087c00000, 0x0000000087c00000| Untracked 
|  71|0x0000000087d00000, 0x0000000087d00000, 0x0000000087e00000|  0%| F|  |TAMS 0x0000000087d00000, 0x0000000087d00000| Untracked 
|  72|0x0000000087e00000, 0x0000000087e00000, 0x0000000087f00000|  0%| F|  |TAMS 0x0000000087e00000, 0x0000000087e00000| Untracked 
|  73|0x0000000087f00000, 0x0000000087f00000, 0x0000000088000000|  0%| F|  |TAMS 0x0000000087f00000, 0x0000000087f00000| Untracked 
|  74|0x0000000088000000, 0x0000000088000000, 0x0000000088100000|  0%| F|  |TAMS 0x0000000088000000, 0x0000000088000000| Untracked 
|  75|0x0000000088100000, 0x0000000088100000, 0x0000000088200000|  0%| F|  |TAMS 0x0000000088100000, 0x0000000088100000| Untracked 
|  76|0x0000000088200000, 0x0000000088200000, 0x0000000088300000|  0%| F|  |TAMS 0x0000000088200000, 0x0000000088200000| Untracked 
|  77|0x0000000088300000, 0x0000000088300000, 0x0000000088400000|  0%| F|  |TAMS 0x0000000088300000, 0x0000000088300000| Untracked 
|  78|0x0000000088400000, 0x0000000088400000, 0x0000000088500000|  0%| F|  |TAMS 0x0000000088400000, 0x0000000088400000| Untracked 
|  79|0x0000000088500000, 0x0000000088500000, 0x0000000088600000|  0%| F|  |TAMS 0x0000000088500000, 0x0000000088500000| Untracked 
|  80|0x0000000088600000, 0x0000000088600000, 0x0000000088700000|  0%| F|  |TAMS 0x0000000088600000, 0x0000000088600000| Untracked 
|  81|0x0000000088700000, 0x0000000088700000, 0x0000000088800000|  0%| F|  |TAMS 0x0000000088700000, 0x0000000088700000| Untracked 
|  82|0x0000000088800000, 0x0000000088800000, 0x0000000088900000|  0%| F|  |TAMS 0x0000000088800000, 0x0000000088800000| Untracked 
|  83|0x0000000088900000, 0x0000000088900000, 0x0000000088a00000|  0%| F|  |TAMS 0x0000000088900000, 0x0000000088900000| Untracked 
|  84|0x0000000088a00000, 0x0000000088a00000, 0x0000000088b00000|  0%| F|  |TAMS 0x0000000088a00000, 0x0000000088a00000| Untracked 
|  85|0x0000000088b00000, 0x0000000088b00000, 0x0000000088c00000|  0%| F|  |TAMS 0x0000000088b00000, 0x0000000088b00000| Untracked 
|  86|0x0000000088c00000, 0x0000000088c00000, 0x0000000088d00000|  0%| F|  |TAMS 0x0000000088c00000, 0x0000000088c00000| Untracked 
|  87|0x0000000088d00000, 0x0000000088d00000, 0x0000000088e00000|  0%| F|  |TAMS 0x0000000088d00000, 0x0000000088d00000| Untracked 
|  88|0x0000000088e00000, 0x0000000088e00000, 0x0000000088f00000|  0%| F|  |TAMS 0x0000000088e00000, 0x0000000088e00000| Untracked 
|  89|0x0000000088f00000, 0x0000000088f00000, 0x0000000089000000|  0%| F|  |TAMS 0x0000000088f00000, 0x0000000088f00000| Untracked 
|  90|0x0000000089000000, 0x0000000089000000, 0x0000000089100000|  0%| F|  |TAMS 0x0000000089000000, 0x0000000089000000| Untracked 
|  91|0x0000000089100000, 0x0000000089100000, 0x0000000089200000|  0%| F|  |TAMS 0x0000000089100000, 0x0000000089100000| Untracked 
|  92|0x0000000089200000, 0x0000000089200000, 0x0000000089300000|  0%| F|  |TAMS 0x0000000089200000, 0x0000000089200000| Untracked 
|  93|0x0000000089300000, 0x0000000089300000, 0x0000000089400000|  0%| F|  |TAMS 0x0000000089300000, 0x0000000089300000| Untracked 
|  94|0x0000000089400000, 0x0000000089400000, 0x0000000089500000|  0%| F|  |TAMS 0x0000000089400000, 0x0000000089400000| Untracked 
|  95|0x0000000089500000, 0x0000000089500000, 0x0000000089600000|  0%| F|  |TAMS 0x0000000089500000, 0x0000000089500000| Untracked 
|  96|0x0000000089600000, 0x0000000089600000, 0x0000000089700000|  0%| F|  |TAMS 0x0000000089600000, 0x0000000089600000| Untracked 
|  97|0x0000000089700000, 0x0000000089700000, 0x0000000089800000|  0%| F|  |TAMS 0x0000000089700000, 0x0000000089700000| Untracked 
|  98|0x0000000089800000, 0x0000000089800000, 0x0000000089900000|  0%| F|  |TAMS 0x0000000089800000, 0x0000000089800000| Untracked 
|  99|0x0000000089900000, 0x0000000089900000, 0x0000000089a00000|  0%| F|  |TAMS 0x0000000089900000, 0x0000000089900000| Untracked 
| 100|0x0000000089a00000, 0x0000000089a00000, 0x0000000089b00000|  0%| F|  |TAMS 0x0000000089a00000, 0x0000000089a00000| Untracked 
| 101|0x0000000089b00000, 0x0000000089b00000, 0x0000000089c00000|  0%| F|  |TAMS 0x0000000089b00000, 0x0000000089b00000| Untracked 
| 102|0x0000000089c00000, 0x0000000089c00000, 0x0000000089d00000|  0%| F|  |TAMS 0x0000000089c00000, 0x0000000089c00000| Untracked 
| 103|0x0000000089d00000, 0x0000000089d00000, 0x0000000089e00000|  0%| F|  |TAMS 0x0000000089d00000, 0x0000000089d00000| Untracked 
| 104|0x0000000089e00000, 0x0000000089e00000, 0x0000000089f00000|  0%| F|  |TAMS 0x0000000089e00000, 0x0000000089e00000| Untracked 
| 105|0x0000000089f00000, 0x000000008a000000, 0x000000008a000000|100%|HS|  |TAMS 0x0000000089f00000, 0x000000008a000000| Complete 
| 106|0x000000008a000000, 0x000000008a000000, 0x000000008a100000|  0%| F|  |TAMS 0x000000008a000000, 0x000000008a000000| Untracked 
| 107|0x000000008a100000, 0x000000008a200000, 0x000000008a200000|100%|HS|  |TAMS 0x000000008a100000, 0x000000008a200000| Complete 
| 108|0x000000008a200000, 0x000000008a200000, 0x000000008a300000|  0%| F|  |TAMS 0x000000008a200000, 0x000000008a200000| Untracked 
| 109|0x000000008a300000, 0x000000008a300000, 0x000000008a400000|  0%| F|  |TAMS 0x000000008a300000, 0x000000008a300000| Untracked 
| 110|0x000000008a400000, 0x000000008a400000, 0x000000008a500000|  0%| F|  |TAMS 0x000000008a400000, 0x000000008a400000| Untracked 
| 111|0x000000008a500000, 0x000000008a500000, 0x000000008a600000|  0%| F|  |TAMS 0x000000008a500000, 0x000000008a500000| Untracked 
| 112|0x000000008a600000, 0x000000008a600000, 0x000000008a700000|  0%| F|  |TAMS 0x000000008a600000, 0x000000008a600000| Untracked 
| 113|0x000000008a700000, 0x000000008a700000, 0x000000008a800000|  0%| F|  |TAMS 0x000000008a700000, 0x000000008a700000| Untracked 
| 114|0x000000008a800000, 0x000000008a800000, 0x000000008a900000|  0%| F|  |TAMS 0x000000008a800000, 0x000000008a800000| Untracked 
| 115|0x000000008a900000, 0x000000008a900000, 0x000000008aa00000|  0%| F|  |TAMS 0x000000008a900000, 0x000000008a900000| Untracked 
| 116|0x000000008aa00000, 0x000000008aa00000, 0x000000008ab00000|  0%| F|  |TAMS 0x000000008aa00000, 0x000000008aa00000| Untracked 
| 117|0x000000008ab00000, 0x000000008ab00000, 0x000000008ac00000|  0%| F|  |TAMS 0x000000008ab00000, 0x000000008ab00000| Untracked 
| 118|0x000000008ac00000, 0x000000008ac00000, 0x000000008ad00000|  0%| F|  |TAMS 0x000000008ac00000, 0x000000008ac00000| Untracked 
| 119|0x000000008ad00000, 0x000000008ad00000, 0x000000008ae00000|  0%| F|  |TAMS 0x000000008ad00000, 0x000000008ad00000| Untracked 
| 120|0x000000008ae00000, 0x000000008ae00000, 0x000000008af00000|  0%| F|  |TAMS 0x000000008ae00000, 0x000000008ae00000| Untracked 
| 121|0x000000008af00000, 0x000000008af00000, 0x000000008b000000|  0%| F|  |TAMS 0x000000008af00000, 0x000000008af00000| Untracked 
| 122|0x000000008b000000, 0x000000008b000000, 0x000000008b100000|  0%| F|  |TAMS 0x000000008b000000, 0x000000008b000000| Untracked 
| 123|0x000000008b100000, 0x000000008b100000, 0x000000008b200000|  0%| F|  |TAMS 0x000000008b100000, 0x000000008b100000| Untracked 
| 124|0x000000008b200000, 0x000000008b200000, 0x000000008b300000|  0%| F|  |TAMS 0x000000008b200000, 0x000000008b200000| Untracked 
| 125|0x000000008b300000, 0x000000008b300000, 0x000000008b400000|  0%| F|  |TAMS 0x000000008b300000, 0x000000008b300000| Untracked 
| 126|0x000000008b400000, 0x000000008b400000, 0x000000008b500000|  0%| F|  |TAMS 0x000000008b400000, 0x000000008b400000| Untracked 
| 127|0x000000008b500000, 0x000000008b500000, 0x000000008b600000|  0%| F|  |TAMS 0x000000008b500000, 0x000000008b500000| Untracked 
| 128|0x000000008b600000, 0x000000008b600000, 0x000000008b700000|  0%| F|  |TAMS 0x000000008b600000, 0x000000008b600000| Untracked 
| 129|0x000000008b700000, 0x000000008b700000, 0x000000008b800000|  0%| F|  |TAMS 0x000000008b700000, 0x000000008b700000| Untracked 
| 130|0x000000008b800000, 0x000000008b800000, 0x000000008b900000|  0%| F|  |TAMS 0x000000008b800000, 0x000000008b800000| Untracked 
| 131|0x000000008b900000, 0x000000008b900000, 0x000000008ba00000|  0%| F|  |TAMS 0x000000008b900000, 0x000000008b900000| Untracked 
| 132|0x000000008ba00000, 0x000000008ba00000, 0x000000008bb00000|  0%| F|  |TAMS 0x000000008ba00000, 0x000000008ba00000| Untracked 
| 133|0x000000008bb00000, 0x000000008bb00000, 0x000000008bc00000|  0%| F|  |TAMS 0x000000008bb00000, 0x000000008bb00000| Untracked 
| 134|0x000000008bc00000, 0x000000008bc00000, 0x000000008bd00000|  0%| F|  |TAMS 0x000000008bc00000, 0x000000008bc00000| Untracked 
| 135|0x000000008bd00000, 0x000000008bd00000, 0x000000008be00000|  0%| F|  |TAMS 0x000000008bd00000, 0x000000008bd00000| Untracked 
| 136|0x000000008be00000, 0x000000008be00000, 0x000000008bf00000|  0%| F|  |TAMS 0x000000008be00000, 0x000000008be00000| Untracked 
| 137|0x000000008bf00000, 0x000000008bf00000, 0x000000008c000000|  0%| F|  |TAMS 0x000000008bf00000, 0x000000008bf00000| Untracked 
| 138|0x000000008c000000, 0x000000008c000000, 0x000000008c100000|  0%| F|  |TAMS 0x000000008c000000, 0x000000008c000000| Untracked 
| 139|0x000000008c100000, 0x000000008c100000, 0x000000008c200000|  0%| F|  |TAMS 0x000000008c100000, 0x000000008c100000| Untracked 
| 140|0x000000008c200000, 0x000000008c200000, 0x000000008c300000|  0%| F|  |TAMS 0x000000008c200000, 0x000000008c200000| Untracked 
| 141|0x000000008c300000, 0x000000008c300000, 0x000000008c400000|  0%| F|  |TAMS 0x000000008c300000, 0x000000008c300000| Untracked 
| 142|0x000000008c400000, 0x000000008c400000, 0x000000008c500000|  0%| F|  |TAMS 0x000000008c400000, 0x000000008c400000| Untracked 
| 143|0x000000008c500000, 0x000000008c500000, 0x000000008c600000|  0%| F|  |TAMS 0x000000008c500000, 0x000000008c500000| Untracked 
| 144|0x000000008c600000, 0x000000008c600000, 0x000000008c700000|  0%| F|  |TAMS 0x000000008c600000, 0x000000008c600000| Untracked 
| 145|0x000000008c700000, 0x000000008c700000, 0x000000008c800000|  0%| F|  |TAMS 0x000000008c700000, 0x000000008c700000| Untracked 
| 146|0x000000008c800000, 0x000000008c800000, 0x000000008c900000|  0%| F|  |TAMS 0x000000008c800000, 0x000000008c800000| Untracked 
| 147|0x000000008c900000, 0x000000008c900000, 0x000000008ca00000|  0%| F|  |TAMS 0x000000008c900000, 0x000000008c900000| Untracked 
| 148|0x000000008ca00000, 0x000000008ca00000, 0x000000008cb00000|  0%| F|  |TAMS 0x000000008ca00000, 0x000000008ca00000| Untracked 
| 149|0x000000008cb00000, 0x000000008cb00000, 0x000000008cc00000|  0%| F|  |TAMS 0x000000008cb00000, 0x000000008cb00000| Untracked 
| 150|0x000000008cc00000, 0x000000008cc00000, 0x000000008cd00000|  0%| F|  |TAMS 0x000000008cc00000, 0x000000008cc00000| Untracked 
| 151|0x000000008cd00000, 0x000000008cd00000, 0x000000008ce00000|  0%| F|  |TAMS 0x000000008cd00000, 0x000000008cd00000| Untracked 
| 152|0x000000008ce00000, 0x000000008ce00000, 0x000000008cf00000|  0%| F|  |TAMS 0x000000008ce00000, 0x000000008ce00000| Untracked 
| 153|0x000000008cf00000, 0x000000008cf00000, 0x000000008d000000|  0%| F|  |TAMS 0x000000008cf00000, 0x000000008cf00000| Untracked 
| 154|0x000000008d000000, 0x000000008d000000, 0x000000008d100000|  0%| F|  |TAMS 0x000000008d000000, 0x000000008d000000| Untracked 
| 155|0x000000008d100000, 0x000000008d100000, 0x000000008d200000|  0%| F|  |TAMS 0x000000008d100000, 0x000000008d100000| Untracked 
| 156|0x000000008d200000, 0x000000008d200000, 0x000000008d300000|  0%| F|  |TAMS 0x000000008d200000, 0x000000008d200000| Untracked 
| 157|0x000000008d300000, 0x000000008d300000, 0x000000008d400000|  0%| F|  |TAMS 0x000000008d300000, 0x000000008d300000| Untracked 
| 158|0x000000008d400000, 0x000000008d400000, 0x000000008d500000|  0%| F|  |TAMS 0x000000008d400000, 0x000000008d400000| Untracked 
| 159|0x000000008d500000, 0x000000008d500000, 0x000000008d600000|  0%| F|  |TAMS 0x000000008d500000, 0x000000008d500000| Untracked 
| 160|0x000000008d600000, 0x000000008d600000, 0x000000008d700000|  0%| F|  |TAMS 0x000000008d600000, 0x000000008d600000| Untracked 
| 161|0x000000008d700000, 0x000000008d700000, 0x000000008d800000|  0%| F|  |TAMS 0x000000008d700000, 0x000000008d700000| Untracked 
| 162|0x000000008d800000, 0x000000008d800000, 0x000000008d900000|  0%| F|  |TAMS 0x000000008d800000, 0x000000008d800000| Untracked 
| 163|0x000000008d900000, 0x000000008d900000, 0x000000008da00000|  0%| F|  |TAMS 0x000000008d900000, 0x000000008d900000| Untracked 
| 164|0x000000008da00000, 0x000000008da00000, 0x000000008db00000|  0%| F|  |TAMS 0x000000008da00000, 0x000000008da00000| Untracked 
| 165|0x000000008db00000, 0x000000008db00000, 0x000000008dc00000|  0%| F|  |TAMS 0x000000008db00000, 0x000000008db00000| Untracked 
| 166|0x000000008dc00000, 0x000000008dc00000, 0x000000008dd00000|  0%| F|  |TAMS 0x000000008dc00000, 0x000000008dc00000| Untracked 
| 167|0x000000008dd00000, 0x000000008dd00000, 0x000000008de00000|  0%| F|  |TAMS 0x000000008dd00000, 0x000000008dd00000| Untracked 
| 168|0x000000008de00000, 0x000000008de00000, 0x000000008df00000|  0%| F|  |TAMS 0x000000008de00000, 0x000000008de00000| Untracked 
| 169|0x000000008df00000, 0x000000008df00000, 0x000000008e000000|  0%| F|  |TAMS 0x000000008df00000, 0x000000008df00000| Untracked 
| 170|0x000000008e000000, 0x000000008e000000, 0x000000008e100000|  0%| F|  |TAMS 0x000000008e000000, 0x000000008e000000| Untracked 
| 171|0x000000008e100000, 0x000000008e100000, 0x000000008e200000|  0%| F|  |TAMS 0x000000008e100000, 0x000000008e100000| Untracked 
| 172|0x000000008e200000, 0x000000008e200000, 0x000000008e300000|  0%| F|  |TAMS 0x000000008e200000, 0x000000008e200000| Untracked 
| 173|0x000000008e300000, 0x000000008e300000, 0x000000008e400000|  0%| F|  |TAMS 0x000000008e300000, 0x000000008e300000| Untracked 
| 174|0x000000008e400000, 0x000000008e400000, 0x000000008e500000|  0%| F|  |TAMS 0x000000008e400000, 0x000000008e400000| Untracked 
| 175|0x000000008e500000, 0x000000008e500000, 0x000000008e600000|  0%| F|  |TAMS 0x000000008e500000, 0x000000008e500000| Untracked 
| 176|0x000000008e600000, 0x000000008e600000, 0x000000008e700000|  0%| F|  |TAMS 0x000000008e600000, 0x000000008e600000| Untracked 
| 177|0x000000008e700000, 0x000000008e700000, 0x000000008e800000|  0%| F|  |TAMS 0x000000008e700000, 0x000000008e700000| Untracked 
| 178|0x000000008e800000, 0x000000008e800000, 0x000000008e900000|  0%| F|  |TAMS 0x000000008e800000, 0x000000008e800000| Untracked 
| 179|0x000000008e900000, 0x000000008e900000, 0x000000008ea00000|  0%| F|  |TAMS 0x000000008e900000, 0x000000008e900000| Untracked 
| 180|0x000000008ea00000, 0x000000008ea00000, 0x000000008eb00000|  0%| F|  |TAMS 0x000000008ea00000, 0x000000008ea00000| Untracked 
| 181|0x000000008eb00000, 0x000000008eb00000, 0x000000008ec00000|  0%| F|  |TAMS 0x000000008eb00000, 0x000000008eb00000| Untracked 
| 182|0x000000008ec00000, 0x000000008ec00000, 0x000000008ed00000|  0%| F|  |TAMS 0x000000008ec00000, 0x000000008ec00000| Untracked 
| 183|0x000000008ed00000, 0x000000008ed00000, 0x000000008ee00000|  0%| F|  |TAMS 0x000000008ed00000, 0x000000008ed00000| Untracked 
| 184|0x000000008ee00000, 0x000000008ee00000, 0x000000008ef00000|  0%| F|  |TAMS 0x000000008ee00000, 0x000000008ee00000| Untracked 
| 185|0x000000008ef00000, 0x000000008ef00000, 0x000000008f000000|  0%| F|  |TAMS 0x000000008ef00000, 0x000000008ef00000| Untracked 
| 186|0x000000008f000000, 0x000000008f000000, 0x000000008f100000|  0%| F|  |TAMS 0x000000008f000000, 0x000000008f000000| Untracked 
| 187|0x000000008f100000, 0x000000008f100000, 0x000000008f200000|  0%| F|  |TAMS 0x000000008f100000, 0x000000008f100000| Untracked 
| 188|0x000000008f200000, 0x000000008f200000, 0x000000008f300000|  0%| F|  |TAMS 0x000000008f200000, 0x000000008f200000| Untracked 
| 189|0x000000008f300000, 0x000000008f300000, 0x000000008f400000|  0%| F|  |TAMS 0x000000008f300000, 0x000000008f300000| Untracked 
| 190|0x000000008f400000, 0x000000008f400000, 0x000000008f500000|  0%| F|  |TAMS 0x000000008f400000, 0x000000008f400000| Untracked 
| 191|0x000000008f500000, 0x000000008f500000, 0x000000008f600000|  0%| F|  |TAMS 0x000000008f500000, 0x000000008f500000| Untracked 
| 192|0x000000008f600000, 0x000000008f600000, 0x000000008f700000|  0%| F|  |TAMS 0x000000008f600000, 0x000000008f600000| Untracked 
| 193|0x000000008f700000, 0x000000008f700000, 0x000000008f800000|  0%| F|  |TAMS 0x000000008f700000, 0x000000008f700000| Untracked 
| 194|0x000000008f800000, 0x000000008f800000, 0x000000008f900000|  0%| F|  |TAMS 0x000000008f800000, 0x000000008f800000| Untracked 
| 195|0x000000008f900000, 0x000000008f900000, 0x000000008fa00000|  0%| F|  |TAMS 0x000000008f900000, 0x000000008f900000| Untracked 
| 196|0x000000008fa00000, 0x000000008fa00000, 0x000000008fb00000|  0%| F|  |TAMS 0x000000008fa00000, 0x000000008fa00000| Untracked 
| 197|0x000000008fb00000, 0x000000008fb00000, 0x000000008fc00000|  0%| F|  |TAMS 0x000000008fb00000, 0x000000008fb00000| Untracked 
| 198|0x000000008fc00000, 0x000000008fc00000, 0x000000008fd00000|  0%| F|  |TAMS 0x000000008fc00000, 0x000000008fc00000| Untracked 
| 199|0x000000008fd00000, 0x000000008fd00000, 0x000000008fe00000|  0%| F|  |TAMS 0x000000008fd00000, 0x000000008fd00000| Untracked 
| 200|0x000000008fe00000, 0x000000008fe00000, 0x000000008ff00000|  0%| F|  |TAMS 0x000000008fe00000, 0x000000008fe00000| Untracked 
| 201|0x000000008ff00000, 0x000000008ff00000, 0x0000000090000000|  0%| F|  |TAMS 0x000000008ff00000, 0x000000008ff00000| Untracked 
| 202|0x0000000090000000, 0x0000000090000000, 0x0000000090100000|  0%| F|  |TAMS 0x0000000090000000, 0x0000000090000000| Untracked 
| 203|0x0000000090100000, 0x0000000090100000, 0x0000000090200000|  0%| F|  |TAMS 0x0000000090100000, 0x0000000090100000| Untracked 
| 204|0x0000000090200000, 0x0000000090200000, 0x0000000090300000|  0%| F|  |TAMS 0x0000000090200000, 0x0000000090200000| Untracked 
| 205|0x0000000090300000, 0x0000000090300000, 0x0000000090400000|  0%| F|  |TAMS 0x0000000090300000, 0x0000000090300000| Untracked 
| 206|0x0000000090400000, 0x0000000090400000, 0x0000000090500000|  0%| F|  |TAMS 0x0000000090400000, 0x0000000090400000| Untracked 
| 207|0x0000000090500000, 0x0000000090500000, 0x0000000090600000|  0%| F|  |TAMS 0x0000000090500000, 0x0000000090500000| Untracked 
| 208|0x0000000090600000, 0x0000000090600000, 0x0000000090700000|  0%| F|  |TAMS 0x0000000090600000, 0x0000000090600000| Untracked 
| 209|0x0000000090700000, 0x0000000090700000, 0x0000000090800000|  0%| F|  |TAMS 0x0000000090700000, 0x0000000090700000| Untracked 
| 210|0x0000000090800000, 0x0000000090800000, 0x0000000090900000|  0%| F|  |TAMS 0x0000000090800000, 0x0000000090800000| Untracked 
| 211|0x0000000090900000, 0x0000000090900000, 0x0000000090a00000|  0%| F|  |TAMS 0x0000000090900000, 0x0000000090900000| Untracked 
| 212|0x0000000090a00000, 0x0000000090a00000, 0x0000000090b00000|  0%| F|  |TAMS 0x0000000090a00000, 0x0000000090a00000| Untracked 
| 213|0x0000000090b00000, 0x0000000090b00000, 0x0000000090c00000|  0%| F|  |TAMS 0x0000000090b00000, 0x0000000090b00000| Untracked 
| 214|0x0000000090c00000, 0x0000000090c00000, 0x0000000090d00000|  0%| F|  |TAMS 0x0000000090c00000, 0x0000000090c00000| Untracked 
| 215|0x0000000090d00000, 0x0000000090d00000, 0x0000000090e00000|  0%| F|  |TAMS 0x0000000090d00000, 0x0000000090d00000| Untracked 
| 216|0x0000000090e00000, 0x0000000090e00000, 0x0000000090f00000|  0%| F|  |TAMS 0x0000000090e00000, 0x0000000090e00000| Untracked 
| 217|0x0000000090f00000, 0x0000000090f00000, 0x0000000091000000|  0%| F|  |TAMS 0x0000000090f00000, 0x0000000090f00000| Untracked 
| 218|0x0000000091000000, 0x0000000091000000, 0x0000000091100000|  0%| F|  |TAMS 0x0000000091000000, 0x0000000091000000| Untracked 
| 219|0x0000000091100000, 0x0000000091100000, 0x0000000091200000|  0%| F|  |TAMS 0x0000000091100000, 0x0000000091100000| Untracked 
| 220|0x0000000091200000, 0x0000000091200000, 0x0000000091300000|  0%| F|  |TAMS 0x0000000091200000, 0x0000000091200000| Untracked 
| 221|0x0000000091300000, 0x0000000091300000, 0x0000000091400000|  0%| F|  |TAMS 0x0000000091300000, 0x0000000091300000| Untracked 
| 222|0x0000000091400000, 0x0000000091400000, 0x0000000091500000|  0%| F|  |TAMS 0x0000000091400000, 0x0000000091400000| Untracked 
| 223|0x0000000091500000, 0x0000000091500000, 0x0000000091600000|  0%| F|  |TAMS 0x0000000091500000, 0x0000000091500000| Untracked 
| 224|0x0000000091600000, 0x0000000091600000, 0x0000000091700000|  0%| F|  |TAMS 0x0000000091600000, 0x0000000091600000| Untracked 
| 225|0x0000000091700000, 0x0000000091700000, 0x0000000091800000|  0%| F|  |TAMS 0x0000000091700000, 0x0000000091700000| Untracked 
| 226|0x0000000091800000, 0x0000000091800000, 0x0000000091900000|  0%| F|  |TAMS 0x0000000091800000, 0x0000000091800000| Untracked 
| 227|0x0000000091900000, 0x0000000091900000, 0x0000000091a00000|  0%| F|  |TAMS 0x0000000091900000, 0x0000000091900000| Untracked 
| 228|0x0000000091a00000, 0x0000000091a00000, 0x0000000091b00000|  0%| F|  |TAMS 0x0000000091a00000, 0x0000000091a00000| Untracked 
| 229|0x0000000091b00000, 0x0000000091b00000, 0x0000000091c00000|  0%| F|  |TAMS 0x0000000091b00000, 0x0000000091b00000| Untracked 
| 230|0x0000000091c00000, 0x0000000091c00000, 0x0000000091d00000|  0%| F|  |TAMS 0x0000000091c00000, 0x0000000091c00000| Untracked 
| 231|0x0000000091d00000, 0x0000000091d00000, 0x0000000091e00000|  0%| F|  |TAMS 0x0000000091d00000, 0x0000000091d00000| Untracked 
| 232|0x0000000091e00000, 0x0000000091e00000, 0x0000000091f00000|  0%| F|  |TAMS 0x0000000091e00000, 0x0000000091e00000| Untracked 
| 233|0x0000000091f00000, 0x0000000091f00000, 0x0000000092000000|  0%| F|  |TAMS 0x0000000091f00000, 0x0000000091f00000| Untracked 
| 234|0x0000000092000000, 0x0000000092000000, 0x0000000092100000|  0%| F|  |TAMS 0x0000000092000000, 0x0000000092000000| Untracked 
| 235|0x0000000092100000, 0x0000000092100000, 0x0000000092200000|  0%| F|  |TAMS 0x0000000092100000, 0x0000000092100000| Untracked 
| 236|0x0000000092200000, 0x0000000092280800, 0x0000000092300000| 50%| E|  |TAMS 0x0000000092200000, 0x0000000092200000| Complete 
| 237|0x0000000092300000, 0x0000000092400000, 0x0000000092400000|100%| E|CS|TAMS 0x0000000092300000, 0x0000000092300000| Complete 
| 238|0x0000000092400000, 0x000000009241a640, 0x0000000092500000| 10%| S|CS|TAMS 0x0000000092400000, 0x0000000092400000| Complete 
| 239|0x0000000092500000, 0x0000000092600000, 0x0000000092600000|100%| E|CS|TAMS 0x0000000092500000, 0x0000000092500000| Complete 

Card table byte_map: [0x000001a100000000,0x000001a1003f0000] _byte_map_base: 0x000001a0ffbe5000

Marking Bits (Prev, Next): (CMBitMap*) 0x000001a168f1d930, (CMBitMap*) 0x000001a168f1d970
 Prev Bits: [0x000001a1007e0000, 0x000001a102708000)
 Next Bits: [0x000001a102710000, 0x000001a104638000)

Polling page: 0x000001a166ce0000

Metaspace:

Usage:
  Non-class:     10.78 MB used.
      Class:      1.32 MB used.
       Both:     12.10 MB used.

Virtual space:
  Non-class space:       16.00 MB reserved,      10.94 MB ( 68%) committed,  2 nodes.
      Class space:        1.00 GB reserved,       1.44 MB ( <1%) committed,  1 nodes.
             Both:        1.02 GB reserved,      12.38 MB (  1%) committed. 

Chunk freelists:
   Non-Class:  756.00 KB
       Class:  2.62 MB
        Both:  3.36 MB

MaxMetaspaceSize: unlimited
CompressedClassSpaceSize: 1.00 GB
Initial GC threshold: 21.00 MB
Current GC threshold: 21.00 MB
CDS: on
MetaspaceReclaimPolicy: balanced
 - commit_granule_bytes: 65536.
 - commit_granule_words: 8192.
 - virtual_space_node_default_size: 1048576.
 - enlarge_chunks_in_place: 1.
 - new_chunks_are_fully_committed: 0.
 - uncommit_free_chunks: 1.
 - use_allocation_guard: 0.
 - handle_deallocations: 1.


Internal statistics:

num_allocs_failed_limit: 0.
num_arena_births: 142.
num_arena_deaths: 0.
num_vsnodes_births: 3.
num_vsnodes_deaths: 0.
num_space_committed: 198.
num_space_uncommitted: 0.
num_chunks_returned_to_freelist: 0.
num_chunks_taken_from_freelist: 211.
num_chunk_merges: 0.
num_chunk_splits: 141.
num_chunks_enlarged: 99.
num_purges: 0.
num_inconsistent_stats: 0.

CodeHeap 'non-profiled nmethods': size=120000Kb used=702Kb max_used=702Kb free=119298Kb
 bounds [0x000001a1781c0000, 0x000001a178430000, 0x000001a17f6f0000]
CodeHeap 'profiled nmethods': size=120000Kb used=3906Kb max_used=3906Kb free=116093Kb
 bounds [0x000001a170c90000, 0x000001a171070000, 0x000001a1781c0000]
CodeHeap 'non-nmethods': size=5760Kb used=1418Kb max_used=1437Kb free=4342Kb
 bounds [0x000001a1706f0000, 0x000001a170960000, 0x000001a170c90000]
 total_blobs=2775 nmethods=2005 adapters=682
 compilation: enabled
              stopped_count=0, restarted_count=0
 full_count=0

Compilation events (20 events):
Event: 77.667 Thread 0x000001a106e00640 nmethod 1993 0x000001a171058f90 code [0x000001a1710591a0, 0x000001a171059798]
Event: 77.667 Thread 0x000001a106e00640 1994       3       sun.java2d.marlin.TransformingPathConsumer2D$PathClipFilter::curveTo (274 bytes)
Event: 77.669 Thread 0x000001a106e00640 nmethod 1994 0x000001a171059990 code [0x000001a171059bc0, 0x000001a17105a358]
Event: 77.670 Thread 0x000001a106dffc90 nmethod 1989 0x000001a17826ab10 code [0x000001a17826aca0, 0x000001a17826aef8]
Event: 77.670 Thread 0x000001a106dffc90 1995 %     4       sun.java2d.marlin.MarlinTileGenerator::getAlphaRLE @ 1372 (1749 bytes)
Event: 77.725 Thread 0x000001a106dffc90 nmethod 1995% 0x000001a17826b090 code [0x000001a17826b2a0, 0x000001a17826ca68]
Event: 77.725 Thread 0x000001a106dffc90 1996       4       java.awt.Component::getCursor_NoClientCode (30 bytes)
Event: 77.725 Thread 0x000001a106dffc90 nmethod 1996 0x000001a17826de90 code [0x000001a17826e020, 0x000001a17826e108]
Event: 79.372 Thread 0x000001a106e00640 1998       3       sun.invoke.util.VerifyAccess::isMemberAccessible (338 bytes)
Event: 79.375 Thread 0x000001a106e00640 nmethod 1998 0x000001a17105a690 code [0x000001a17105aa20, 0x000001a17105bdc8]
Event: 79.375 Thread 0x000001a106e00640 2000       1       java.lang.invoke.MethodHandleImpl$IntrinsicMethodHandle::getTarget (5 bytes)
Event: 79.375 Thread 0x000001a106e00640 nmethod 2000 0x000001a17826e810 code [0x000001a17826e9a0, 0x000001a17826ea78]
Event: 79.381 Thread 0x000001a106dffc90 2002       4       jdk.internal.access.SharedSecrets::getJavaLangAccess (4 bytes)
Event: 79.381 Thread 0x000001a106e00640 2003       3       java.lang.invoke.LambdaForm::normalize (322 bytes)
Event: 79.382 Thread 0x000001a106dffc90 nmethod 2002 0x000001a17826ee10 code [0x000001a17826ef80, 0x000001a17826eff8]
Event: 79.382 Thread 0x000001a106dffc90 2004       4       jdk.internal.org.objectweb.asm.SymbolTable$Entry::<init> (17 bytes)
Event: 79.384 Thread 0x000001a106e00640 nmethod 2003 0x000001a17105c310 code [0x000001a17105c5c0, 0x000001a17105d8f8]
Event: 79.384 Thread 0x000001a106e00640 2005       3       java.lang.Class::descriptorString (170 bytes)
Event: 79.386 Thread 0x000001a106dffc90 nmethod 2004 0x000001a17826f410 code [0x000001a17826f580, 0x000001a17826f798]
Event: 79.389 Thread 0x000001a106e00640 nmethod 2005 0x000001a17105df10 code [0x000001a17105e3e0, 0x000001a17105fff8]

GC Heap History (20 events):
Event: 49.304 GC heap before
{Heap before GC invocations=17 (full 0):
 garbage-first heap   total 245760K, used 110984K [0x0000000083600000, 0x0000000100000000)
  region size 1024K, 3 young (3072K), 1 survivors (1024K)
 Metaspace       used 12183K, committed 12352K, reserved 1064960K
  class space    used 1332K, committed 1408K, reserved 1048576K
}
Event: 49.306 GC heap after
{Heap after GC invocations=18 (full 0):
 garbage-first heap   total 245760K, used 74130K [0x0000000083600000, 0x0000000100000000)
  region size 1024K, 1 young (1024K), 1 survivors (1024K)
 Metaspace       used 12183K, committed 12352K, reserved 1064960K
  class space    used 1332K, committed 1408K, reserved 1048576K
}
Event: 51.752 GC heap before
{Heap before GC invocations=18 (full 0):
 garbage-first heap   total 245760K, used 110994K [0x0000000083600000, 0x0000000100000000)
  region size 1024K, 3 young (3072K), 1 survivors (1024K)
 Metaspace       used 12183K, committed 12352K, reserved 1064960K
  class space    used 1332K, committed 1408K, reserved 1048576K
}
Event: 51.755 GC heap after
{Heap after GC invocations=19 (full 0):
 garbage-first heap   total 245760K, used 54675K [0x0000000083600000, 0x0000000100000000)
  region size 1024K, 1 young (1024K), 1 survivors (1024K)
 Metaspace       used 12183K, committed 12352K, reserved 1064960K
  class space    used 1332K, committed 1408K, reserved 1048576K
}
Event: 55.545 GC heap before
{Heap before GC invocations=19 (full 0):
 garbage-first heap   total 245760K, used 109971K [0x0000000083600000, 0x0000000100000000)
  region size 1024K, 2 young (2048K), 1 survivors (1024K)
 Metaspace       used 12183K, committed 12352K, reserved 1064960K
  class space    used 1332K, committed 1408K, reserved 1048576K
}
Event: 55.548 GC heap after
{Heap after GC invocations=20 (full 0):
 garbage-first heap   total 245760K, used 74137K [0x0000000083600000, 0x0000000100000000)
  region size 1024K, 1 young (1024K), 1 survivors (1024K)
 Metaspace       used 12183K, committed 12352K, reserved 1064960K
  class space    used 1332K, committed 1408K, reserved 1048576K
}
Event: 57.993 GC heap before
{Heap before GC invocations=20 (full 0):
 garbage-first heap   total 245760K, used 109977K [0x0000000083600000, 0x0000000100000000)
  region size 1024K, 2 young (2048K), 1 survivors (1024K)
 Metaspace       used 12183K, committed 12352K, reserved 1064960K
  class space    used 1332K, committed 1408K, reserved 1048576K
}
Event: 57.995 GC heap after
{Heap after GC invocations=21 (full 0):
 garbage-first heap   total 245760K, used 54679K [0x0000000083600000, 0x0000000100000000)
  region size 1024K, 1 young (1024K), 1 survivors (1024K)
 Metaspace       used 12183K, committed 12352K, reserved 1064960K
  class space    used 1332K, committed 1408K, reserved 1048576K
}
Event: 61.769 GC heap before
{Heap before GC invocations=21 (full 0):
 garbage-first heap   total 245760K, used 110999K [0x0000000083600000, 0x0000000100000000)
  region size 1024K, 3 young (3072K), 1 survivors (1024K)
 Metaspace       used 12183K, committed 12352K, reserved 1064960K
  class space    used 1332K, committed 1408K, reserved 1048576K
}
Event: 61.772 GC heap after
{Heap after GC invocations=22 (full 0):
 garbage-first heap   total 245760K, used 74142K [0x0000000083600000, 0x0000000100000000)
  region size 1024K, 1 young (1024K), 1 survivors (1024K)
 Metaspace       used 12183K, committed 12352K, reserved 1064960K
  class space    used 1332K, committed 1408K, reserved 1048576K
}
Event: 64.232 GC heap before
{Heap before GC invocations=22 (full 0):
 garbage-first heap   total 245760K, used 109982K [0x0000000083600000, 0x0000000100000000)
  region size 1024K, 2 young (2048K), 1 survivors (1024K)
 Metaspace       used 12183K, committed 12352K, reserved 1064960K
  class space    used 1332K, committed 1408K, reserved 1048576K
}
Event: 64.235 GC heap after
{Heap after GC invocations=23 (full 0):
 garbage-first heap   total 245760K, used 54692K [0x0000000083600000, 0x0000000100000000)
  region size 1024K, 1 young (1024K), 1 survivors (1024K)
 Metaspace       used 12183K, committed 12352K, reserved 1064960K
  class space    used 1332K, committed 1408K, reserved 1048576K
}
Event: 68.009 GC heap before
{Heap before GC invocations=23 (full 0):
 garbage-first heap   total 245760K, used 111012K [0x0000000083600000, 0x0000000100000000)
  region size 1024K, 3 young (3072K), 1 survivors (1024K)
 Metaspace       used 12209K, committed 12352K, reserved 1064960K
  class space    used 1333K, committed 1408K, reserved 1048576K
}
Event: 68.012 GC heap after
{Heap after GC invocations=24 (full 0):
 garbage-first heap   total 245760K, used 74157K [0x0000000083600000, 0x0000000100000000)
  region size 1024K, 1 young (1024K), 1 survivors (1024K)
 Metaspace       used 12209K, committed 12352K, reserved 1064960K
  class space    used 1333K, committed 1408K, reserved 1048576K
}
Event: 70.457 GC heap before
{Heap before GC invocations=24 (full 0):
 garbage-first heap   total 245760K, used 109997K [0x0000000083600000, 0x0000000100000000)
  region size 1024K, 2 young (2048K), 1 survivors (1024K)
 Metaspace       used 12209K, committed 12352K, reserved 1064960K
  class space    used 1333K, committed 1408K, reserved 1048576K
}
Event: 70.459 GC heap after
{Heap after GC invocations=25 (full 0):
 garbage-first heap   total 245760K, used 54705K [0x0000000083600000, 0x0000000100000000)
  region size 1024K, 1 young (1024K), 1 survivors (1024K)
 Metaspace       used 12209K, committed 12352K, reserved 1064960K
  class space    used 1333K, committed 1408K, reserved 1048576K
}
Event: 74.248 GC heap before
{Heap before GC invocations=25 (full 0):
 garbage-first heap   total 245760K, used 110001K [0x0000000083600000, 0x0000000100000000)
  region size 1024K, 2 young (2048K), 1 survivors (1024K)
 Metaspace       used 12209K, committed 12352K, reserved 1064960K
  class space    used 1333K, committed 1408K, reserved 1048576K
}
Event: 74.250 GC heap after
{Heap after GC invocations=26 (full 0):
 garbage-first heap   total 245760K, used 74169K [0x0000000083600000, 0x0000000100000000)
  region size 1024K, 1 young (1024K), 1 survivors (1024K)
 Metaspace       used 12209K, committed 12352K, reserved 1064960K
  class space    used 1333K, committed 1408K, reserved 1048576K
}
Event: 76.697 GC heap before
{Heap before GC invocations=26 (full 0):
 garbage-first heap   total 245760K, used 110009K [0x0000000083600000, 0x0000000100000000)
  region size 1024K, 2 young (2048K), 1 survivors (1024K)
 Metaspace       used 12209K, committed 12352K, reserved 1064960K
  class space    used 1333K, committed 1408K, reserved 1048576K
}
Event: 76.700 GC heap after
{Heap after GC invocations=27 (full 0):
 garbage-first heap   total 245760K, used 54716K [0x0000000083600000, 0x0000000100000000)
  region size 1024K, 1 young (1024K), 1 survivors (1024K)
 Metaspace       used 12209K, committed 12352K, reserved 1064960K
  class space    used 1333K, committed 1408K, reserved 1048576K
}

Deoptimization events (20 events):
Event: 3.456 Thread 0x000001a10875fa30 DEOPT PACKING pc=0x000001a17821486c sp=0x0000001a85afd470
Event: 3.456 Thread 0x000001a10875fa30 DEOPT UNPACKING pc=0x000001a170745c23 sp=0x0000001a85afd458 mode 2
Event: 3.874 Thread 0x000001a108c9b850 DEOPT PACKING pc=0x000001a170dc9be5 sp=0x0000001a85ff57e0
Event: 3.874 Thread 0x000001a108c9b850 DEOPT UNPACKING pc=0x000001a170746763 sp=0x0000001a85ff4c30 mode 0
Event: 3.951 Thread 0x000001a108c9b850 DEOPT PACKING pc=0x000001a170f024f6 sp=0x0000001a85fff300
Event: 3.951 Thread 0x000001a108c9b850 DEOPT UNPACKING pc=0x000001a170746763 sp=0x0000001a85ffe7e8 mode 0
Event: 3.953 Thread 0x000001a108c9b850 Uncommon trap: trap_request=0xffffff45 fr.pc=0x000001a17823b428 relative=0x0000000000000928
Event: 3.953 Thread 0x000001a108c9b850 Uncommon trap: reason=unstable_if action=reinterpret pc=0x000001a17823b428 method=com.googlecode.javacv.cpp.opencv_core$IplImage.flipCopyWithGamma(Ljava/nio/ByteBuffer;ILjava/nio/ByteBuffer;IZDZI)V @ 50 c2
Event: 3.954 Thread 0x000001a108c9b850 DEOPT PACKING pc=0x000001a17823b428 sp=0x0000001a85fff310
Event: 3.954 Thread 0x000001a108c9b850 DEOPT UNPACKING pc=0x000001a170745c23 sp=0x0000001a85fff2e8 mode 2
Event: 65.665 Thread 0x000001a10875fa30 DEOPT PACKING pc=0x000001a170f5da73 sp=0x0000001a85afcba0
Event: 65.665 Thread 0x000001a10875fa30 DEOPT UNPACKING pc=0x000001a170746763 sp=0x0000001a85afbf80 mode 0
Event: 65.669 Thread 0x000001a10875fa30 DEOPT PACKING pc=0x000001a170f5da73 sp=0x0000001a85afcc20
Event: 65.669 Thread 0x000001a10875fa30 DEOPT UNPACKING pc=0x000001a170746763 sp=0x0000001a85afc000 mode 0
Event: 67.015 Thread 0x000001a10875fa30 DEOPT PACKING pc=0x000001a170eab0f7 sp=0x0000001a85afd530
Event: 67.015 Thread 0x000001a10875fa30 DEOPT UNPACKING pc=0x000001a170746763 sp=0x0000001a85afc950 mode 0
Event: 77.235 Thread 0x000001a10875fa30 DEOPT PACKING pc=0x000001a170e3fd09 sp=0x0000001a85afd220
Event: 77.235 Thread 0x000001a10875fa30 DEOPT UNPACKING pc=0x000001a170746763 sp=0x0000001a85afc6a8 mode 0
Event: 77.662 Thread 0x000001a10875fa30 DEOPT PACKING pc=0x000001a170e2ee42 sp=0x0000001a85afd1d0
Event: 77.662 Thread 0x000001a10875fa30 DEOPT UNPACKING pc=0x000001a170746763 sp=0x0000001a85afc680 mode 0

Classes unloaded (0 events):
No events

Classes redefined (0 events):
No events

Internal exceptions (20 events):
Event: 0.338 Thread 0x000001a10875fa30 Exception <a 'java/lang/ClassNotFoundException'{0x000000008ad01420}: com/sun/swing/internal/plaf/synth/resources/spi/synthProvider> (0x000000008ad01420) 
thrown [t:\workspace\open\src\hotspot\share\classfile\systemDictionary.cpp, line 256]
Event: 0.412 Thread 0x000001a1089249d0 Exception <a 'java/lang/NoSuchMethodError'{0x000000008ab64e28}: 'java.lang.Object java.lang.invoke.DirectMethodHandle$Holder.newInvokeSpecial(java.lang.Object, java.lang.Object, java.lang.Object, int, int, int, int, int)'> (0x000000008ab64e28) 
thrown [t:\workspace\open\src\hotspot\share\interpreter\linkResolver.cpp, line 766]
Event: 0.423 Thread 0x000001a107b8c3e0 Exception <a 'java/lang/NoSuchMethodError'{0x000000008b0fb5a0}: 'void java.lang.invoke.DirectMethodHandle$Holder.invokeVirtual(java.lang.Object, java.lang.Object)'> (0x000000008b0fb5a0) 
thrown [t:\workspace\open\src\hotspot\share\interpreter\linkResolver.cpp, line 766]
Event: 0.433 Thread 0x000001a10875fa30 Exception <a 'java/lang/NoSuchMethodError'{0x000000008adae640}: 'void java.lang.invoke.DirectMethodHandle$Holder.invokeStaticInit(java.lang.Object)'> (0x000000008adae640) 
thrown [t:\workspace\open\src\hotspot\share\interpreter\linkResolver.cpp, line 766]
Event: 2.104 Thread 0x000001a108c9b850 Exception <a 'java/lang/NoSuchMethodError'{0x000000008a9bc140}: 'int java.lang.invoke.DirectMethodHandle$Holder.invokeStaticInit(java.lang.Object, java.lang.Object, java.lang.Object, java.lang.Object)'> (0x000000008a9bc140) 
thrown [t:\workspace\open\src\hotspot\share\interpreter\linkResolver.cpp, line 766]
Event: 2.105 Thread 0x000001a108c9b850 Exception <a 'java/lang/NoSuchMethodError'{0x000000008a9c56c8}: 'java.lang.Object java.lang.invoke.DirectMethodHandle$Holder.invokeInterface(java.lang.Object, java.lang.Object)'> (0x000000008a9c56c8) 
thrown [t:\workspace\open\src\hotspot\share\interpreter\linkResolver.cpp, line 766]
Event: 2.106 Thread 0x000001a108c9b850 Exception <a 'java/lang/IncompatibleClassChangeError'{0x000000008a9c8c18}: Found class java.lang.Object, but interface was expected> (0x000000008a9c8c18) 
thrown [t:\workspace\open\src\hotspot\share\interpreter\linkResolver.cpp, line 833]
Event: 2.106 Thread 0x000001a108c9b850 Exception <a 'java/lang/NoSuchMethodError'{0x000000008a9cb8e8}: 'void java.lang.invoke.DirectMethodHandle$Holder.invokeStatic(java.lang.Object, java.lang.Object)'> (0x000000008a9cb8e8) 
thrown [t:\workspace\open\src\hotspot\share\interpreter\linkResolver.cpp, line 766]
Event: 2.107 Thread 0x000001a108c9b850 Exception <a 'java/lang/NoSuchMethodError'{0x000000008a9cec40}: 'void java.lang.invoke.DirectMethodHandle$Holder.invokeStaticInit(java.lang.Object, java.lang.Object)'> (0x000000008a9cec40) 
thrown [t:\workspace\open\src\hotspot\share\interpreter\linkResolver.cpp, line 766]
Event: 2.107 Thread 0x000001a108c9b850 Exception <a 'java/lang/NoSuchMethodError'{0x000000008a9d4560}: 'int java.lang.invoke.DirectMethodHandle$Holder.invokeStaticInit(java.lang.Object, java.lang.Object)'> (0x000000008a9d4560) 
thrown [t:\workspace\open\src\hotspot\share\interpreter\linkResolver.cpp, line 766]
Event: 3.454 Thread 0x000001a10875fa30 Implicit null exception at 0x000001a1782154cd to 0x000001a178215a2d
Event: 3.455 Thread 0x000001a10875fa30 Implicit null exception at 0x000001a1782154cd to 0x000001a178215a2d
Event: 3.455 Thread 0x000001a10875fa30 Implicit null exception at 0x000001a1782141ab to 0x000001a178214820
Event: 3.456 Thread 0x000001a10875fa30 Implicit null exception at 0x000001a1782154cd to 0x000001a178215a2d
Event: 3.456 Thread 0x000001a10875fa30 Implicit null exception at 0x000001a1782141ab to 0x000001a178214820
Event: 79.371 Thread 0x000001a10a09cca0 Exception <a 'java/lang/NoSuchMethodError'{0x0000000092203318}: 'void java.lang.invoke.DirectMethodHandle$Holder.invokeStatic(java.lang.Object, long)'> (0x0000000092203318) 
thrown [t:\workspace\open\src\hotspot\share\interpreter\linkResolver.cpp, line 766]
Event: 79.372 Thread 0x000001a10a09cca0 Exception <a 'java/lang/NoSuchMethodError'{0x00000000922086c0}: 'java.lang.Object java.lang.invoke.DirectMethodHandle$Holder.newInvokeSpecial(java.lang.Object, long)'> (0x00000000922086c0) 
thrown [t:\workspace\open\src\hotspot\share\interpreter\linkResolver.cpp, line 766]
Event: 79.381 Thread 0x000001a10a09cca0 Exception <a 'java/lang/NoSuchMethodError'{0x0000000092213690}: 'java.lang.Object java.lang.invoke.DirectMethodHandle$Holder.invokeStaticInit(java.lang.Object, java.lang.Object, long, java.lang.Object)'> (0x0000000092213690) 
thrown [t:\workspace\open\src\hotspot\share\interpreter\linkResolver.cpp, line 766]
Event: 79.383 Thread 0x000001a10a09cca0 Exception <a 'java/lang/NoSuchMethodError'{0x00000000922199b8}: 'java.lang.Object java.lang.invoke.DirectMethodHandle$Holder.newInvokeSpecial(java.lang.Object, java.lang.Object, long)'> (0x00000000922199b8) 
thrown [t:\workspace\open\src\hotspot\share\interpreter\linkResolver.cpp, line 766]
Event: 79.384 Thread 0x000001a10a09cca0 Exception <a 'java/lang/NoSuchMethodError'{0x000000009221d280}: 'java.lang.Object java.lang.invoke.Invokers$Holder.linkToTargetMethod(java.lang.Object, long, java.lang.Object)'> (0x000000009221d280) 
thrown [t:\workspace\open\src\hotspot\share\interpreter\linkResolver.cpp, line 766]

VM Operations (20 events):
Event: 64.235 Executing VM operation: G1TryInitiateConcMark done
Event: 66.235 Executing VM operation: Cleanup
Event: 66.235 Executing VM operation: Cleanup done
Event: 67.235 Executing VM operation: Cleanup
Event: 67.236 Executing VM operation: Cleanup done
Event: 68.009 Executing VM operation: G1TryInitiateConcMark
Event: 68.012 Executing VM operation: G1TryInitiateConcMark done
Event: 70.456 Executing VM operation: G1TryInitiateConcMark
Event: 70.459 Executing VM operation: G1TryInitiateConcMark done
Event: 74.247 Executing VM operation: G1TryInitiateConcMark
Event: 74.250 Executing VM operation: G1TryInitiateConcMark done
Event: 76.696 Executing VM operation: G1TryInitiateConcMark
Event: 76.700 Executing VM operation: G1TryInitiateConcMark done
Event: 77.700 Executing VM operation: Cleanup
Event: 77.701 Executing VM operation: Cleanup done
Event: 79.395 Executing VM operation: HandshakeAllThreads
Event: 79.395 Executing VM operation: HandshakeAllThreads done
Event: 79.395 Executing VM operation: Cleanup
Event: 79.395 Executing VM operation: Cleanup done
Event: 79.453 Executing VM operation: Exit

Events (20 events):
Event: 79.393 loading class java/util/concurrent/SynchronousQueue
Event: 79.393 loading class java/util/concurrent/BlockingQueue
Event: 79.394 loading class java/util/concurrent/BlockingQueue done
Event: 79.394 loading class java/util/concurrent/SynchronousQueue done
Event: 79.394 loading class java/util/concurrent/SynchronousQueue$TransferStack
Event: 79.394 loading class java/util/concurrent/SynchronousQueue$Transferer
Event: 79.394 loading class java/util/concurrent/SynchronousQueue$Transferer done
Event: 79.394 loading class java/util/concurrent/SynchronousQueue$TransferStack done
Event: 79.394 loading class java/util/concurrent/SynchronousQueue$TransferStack$SNode
Event: 79.394 loading class java/util/concurrent/SynchronousQueue$TransferStack$SNode done
Event: 79.395 loading class java/lang/ProcessImpl$2
Event: 79.395 loading class java/lang/ProcessImpl$2 done
Event: 79.395 loading class java/lang/Process$PipeInputStream
Event: 79.395 loading class java/lang/Process$PipeInputStream done
Event: 79.395 loading class jdk/internal/event/ProcessStartEvent
Event: 79.396 loading class jdk/internal/event/Event
Event: 79.397 loading class jdk/internal/event/Event done
Event: 79.397 loading class jdk/internal/event/ProcessStartEvent done
Event: 79.397 Thread 0x000001a10a09cca0 Thread exited: 0x000001a10a09cca0
Event: 79.450 Thread 0x000001a10a09dfe0 Thread exited: 0x000001a10a09dfe0


Dynamic libraries:
0x00007ff7e4110000 - 0x00007ff7e4120000 	C:\Program Files\Java\jdk-17.0.1\bin\java.exe
0x00007ffd5c310000 - 0x00007ffd5c505000 	C:\Windows\SYSTEM32\ntdll.dll
0x00007ffd5b330000 - 0x00007ffd5b3ed000 	C:\Windows\System32\KERNEL32.DLL
0x00007ffd59a20000 - 0x00007ffd59ced000 	C:\Windows\System32\KERNELBASE.dll
0x00007ffd59de0000 - 0x00007ffd59ee0000 	C:\Windows\System32\ucrtbase.dll
0x00007ffd50950000 - 0x00007ffd5096a000 	C:\Program Files\Java\jdk-17.0.1\bin\VCRUNTIME140.dll
0x00007ffd516b0000 - 0x00007ffd516c8000 	C:\Program Files\Java\jdk-17.0.1\bin\jli.dll
0x00007ffd5be10000 - 0x00007ffd5bebe000 	C:\Windows\System32\ADVAPI32.dll
0x00007ffd5b990000 - 0x00007ffd5ba2e000 	C:\Windows\System32\msvcrt.dll
0x00007ffd5ba90000 - 0x00007ffd5bb2c000 	C:\Windows\System32\sechost.dll
0x00007ffd5bbb0000 - 0x00007ffd5bcd5000 	C:\Windows\System32\RPCRT4.dll
0x00007ffd5b7e0000 - 0x00007ffd5b980000 	C:\Windows\System32\USER32.dll
0x00007ffd5a130000 - 0x00007ffd5a152000 	C:\Windows\System32\win32u.dll
0x00007ffd5ba60000 - 0x00007ffd5ba8a000 	C:\Windows\System32\GDI32.dll
0x00007ffd43870000 - 0x00007ffd43b0a000 	C:\Windows\WinSxS\amd64_microsoft.windows.common-controls_6595b64144ccf1df_6.0.19041.1110_none_60b5254171f9507e\COMCTL32.dll
0x00007ffd5a020000 - 0x00007ffd5a12b000 	C:\Windows\System32\gdi32full.dll
0x00007ffd59cf0000 - 0x00007ffd59d8d000 	C:\Windows\System32\msvcp_win.dll
0x00007ffd4f360000 - 0x00007ffd4f36a000 	C:\Windows\SYSTEM32\VERSION.dll
0x00007ffd5b150000 - 0x00007ffd5b180000 	C:\Windows\System32\IMM32.DLL
0x00007ffd515f0000 - 0x00007ffd515fc000 	C:\Program Files\Java\jdk-17.0.1\bin\vcruntime140_1.dll
0x00007ffd245e0000 - 0x00007ffd2466d000 	C:\Program Files\Java\jdk-17.0.1\bin\msvcp140.dll
0x00007ffce7470000 - 0x00007ffce802e000 	C:\Program Files\Java\jdk-17.0.1\bin\server\jvm.dll
0x00007ffd5ba30000 - 0x00007ffd5ba38000 	C:\Windows\System32\PSAPI.DLL
0x00007ffd3c770000 - 0x00007ffd3c779000 	C:\Windows\SYSTEM32\WSOCK32.dll
0x00007ffd43d70000 - 0x00007ffd43d97000 	C:\Windows\SYSTEM32\WINMM.dll
0x00007ffd5b630000 - 0x00007ffd5b69b000 	C:\Windows\System32\WS2_32.dll
0x00007ffd582b0000 - 0x00007ffd582c2000 	C:\Windows\SYSTEM32\kernel.appcore.dll
0x00007ffd51290000 - 0x00007ffd5129a000 	C:\Program Files\Java\jdk-17.0.1\bin\jimage.dll
0x00007ffd57fe0000 - 0x00007ffd581c4000 	C:\Windows\SYSTEM32\DBGHELP.DLL
0x00007ffd49bb0000 - 0x00007ffd49bdc000 	C:\Windows\SYSTEM32\dbgcore.DLL
0x00007ffd59f90000 - 0x00007ffd5a012000 	C:\Windows\System32\bcryptPrimitives.dll
0x00007ffd27db0000 - 0x00007ffd27dd5000 	C:\Program Files\Java\jdk-17.0.1\bin\java.dll
0x00007ffcecd10000 - 0x00007ffcecde6000 	C:\Program Files\Java\jdk-17.0.1\bin\svml.dll
0x00007ffd5aa00000 - 0x00007ffd5b144000 	C:\Windows\System32\SHELL32.dll
0x00007ffd57560000 - 0x00007ffd57cf4000 	C:\Windows\SYSTEM32\windows.storage.dll
0x00007ffd5bf70000 - 0x00007ffd5c2c4000 	C:\Windows\System32\combase.dll
0x00007ffd59480000 - 0x00007ffd594ac000 	C:\Windows\SYSTEM32\Wldp.dll
0x00007ffd5bec0000 - 0x00007ffd5bf6d000 	C:\Windows\System32\SHCORE.dll
0x00007ffd5a840000 - 0x00007ffd5a895000 	C:\Windows\System32\shlwapi.dll
0x00007ffd59960000 - 0x00007ffd5997f000 	C:\Windows\SYSTEM32\profapi.dll
0x00007ffd427d0000 - 0x00007ffd427e9000 	C:\Program Files\Java\jdk-17.0.1\bin\net.dll
0x00007ffd52180000 - 0x00007ffd5228a000 	C:\Windows\SYSTEM32\WINHTTP.dll
0x00007ffd591e0000 - 0x00007ffd5924a000 	C:\Windows\system32\mswsock.dll
0x00007ffd27d20000 - 0x00007ffd27d35000 	C:\Program Files\Java\jdk-17.0.1\bin\nio.dll
0x00007ffd27d00000 - 0x00007ffd27d18000 	C:\Program Files\Java\jdk-17.0.1\bin\zip.dll
0x00007ffce72e0000 - 0x00007ffce746f000 	C:\Program Files\Java\jdk-17.0.1\bin\awt.dll
0x00007ffd5a930000 - 0x00007ffd5a9fd000 	C:\Windows\System32\OLEAUT32.dll
0x00007ffd546c0000 - 0x00007ffd54750000 	C:\Windows\SYSTEM32\apphelp.dll
0x00007ffcc75b0000 - 0x00007ffcca7b1000 	C:\javacv-resource\opencv\build\java\x64\opencv_java455.dll
0x00007ffd5b500000 - 0x00007ffd5b62a000 	C:\Windows\System32\ole32.dll
0x00007ffd51200000 - 0x00007ffd51284000 	C:\Windows\SYSTEM32\MF.dll
0x00007ffd50210000 - 0x00007ffd503cc000 	C:\Windows\SYSTEM32\MFPlat.DLL
0x00007ffd59d90000 - 0x00007ffd59dde000 	C:\Windows\System32\cfgmgr32.dll
0x00007ffd2b440000 - 0x00007ffd2b54a000 	C:\Windows\SYSTEM32\MFReadWrite.dll
0x00007ffce4f10000 - 0x00007ffce539f000 	C:\Windows\SYSTEM32\MFCORE.DLL
0x00007ffd5a190000 - 0x00007ffd5a2e6000 	C:\Windows\System32\CRYPT32.dll
0x00007ffd5a160000 - 0x00007ffd5a187000 	C:\Windows\System32\bcrypt.dll
0x00007ffd58fa0000 - 0x00007ffd58feb000 	C:\Windows\SYSTEM32\powrprof.dll
0x00007ffd51330000 - 0x00007ffd51339000 	C:\Windows\SYSTEM32\ksuser.dll
0x00007ffd593f0000 - 0x00007ffd593fc000 	C:\Windows\SYSTEM32\CRYPTBASE.DLL
0x00007ffd50180000 - 0x00007ffd501b5000 	C:\Windows\SYSTEM32\RTWorkQ.DLL
0x00007ffd58e60000 - 0x00007ffd58e72000 	C:\Windows\SYSTEM32\UMPDC.dll
0x00007ffd547c0000 - 0x00007ffd5485e000 	C:\Windows\system32\uxtheme.dll
0x00007ffd5bce0000 - 0x00007ffd5bdf5000 	C:\Windows\System32\MSCTF.dll
0x00007ffd57070000 - 0x00007ffd5709f000 	C:\Windows\system32\DWMAPI.DLL
0x00007ffd241f0000 - 0x00007ffd24279000 	C:\Program Files\Java\jdk-17.0.1\bin\freetype.dll
0x00007ffcecc60000 - 0x00007ffcecd08000 	C:\Program Files\Java\jdk-17.0.1\bin\fontmanager.dll
0x00007ffd2f780000 - 0x00007ffd2f8a6000 	C:\Windows\system32\opengl32.dll
0x00007ffd30660000 - 0x00007ffd3068c000 	C:\Windows\SYSTEM32\GLU32.dll
0x00007ffd5b3f0000 - 0x00007ffd5b499000 	C:\Windows\System32\clbcatq.dll
0x00007ffd50790000 - 0x00007ffd50944000 	C:\Windows\SYSTEM32\WindowsCodecs.dll
0x00007ffd237e0000 - 0x00007ffd2381e000 	C:\Windows\system32\dataexchange.dll
0x00007ffd52db0000 - 0x00007ffd53014000 	C:\Windows\system32\d3d11.dll
0x00007ffd535e0000 - 0x00007ffd537c5000 	C:\Windows\system32\dcomp.dll
0x00007ffd58320000 - 0x00007ffd58413000 	C:\Windows\system32\dxgi.dll
0x00007ffd503d0000 - 0x00007ffd505d1000 	C:\Windows\system32\twinapi.appcore.dll
0x00007ffd2cfd0000 - 0x00007ffd2d0c9000 	C:\Windows\SYSTEM32\textinputframework.dll
0x00007ffd53eb0000 - 0x00007ffd53fa2000 	C:\Windows\System32\CoreMessaging.dll
0x00007ffd537d0000 - 0x00007ffd53b2e000 	C:\Windows\System32\CoreUIComponents.dll
0x00007ffd58720000 - 0x00007ffd58753000 	C:\Windows\SYSTEM32\ntmarta.dll
0x00007ffd523f0000 - 0x00007ffd52544000 	C:\Windows\SYSTEM32\wintypes.dll
0x00007ffd431d0000 - 0x00007ffd431e0000 	C:\Program Files\Java\jdk-17.0.1\bin\verify.dll
0x0000000061d60000 - 0x0000000061e31000 	C:\Users\Zed\AppData\Local\Temp\javacpp28339879149500\msvcr100.dll
0x0000000061cc0000 - 0x0000000061d58000 	C:\Users\Zed\AppData\Local\Temp\javacpp28339879149500\msvcp100.dll
0x0000000066840000 - 0x00000000676b4000 	C:\Users\Zed\AppData\Local\Temp\javacpp28339879149500\opencv_ffmpeg248_64.dll
0x00007ffcdc700000 - 0x00007ffcdc972000 	C:\Users\Zed\AppData\Local\Temp\javacpp28339879149500\opencv_core248.dll
0x00007ffcdc440000 - 0x00007ffcdc6f2000 	C:\Users\Zed\AppData\Local\Temp\javacpp28339879149500\opencv_imgproc248.dll
0x00007ffcdc1f0000 - 0x00007ffcdc43d000 	C:\Users\Zed\AppData\Local\Temp\javacpp28339879149500\opencv_highgui248.dll
0x00007ffd51f30000 - 0x00007ffd51f49000 	C:\Windows\SYSTEM32\AVICAP32.dll
0x00007ffd51e90000 - 0x00007ffd51eb1000 	C:\Windows\SYSTEM32\AVIFIL32.dll
0x00007ffd33ac0000 - 0x00007ffd33ade000 	C:\Windows\SYSTEM32\MSACM32.dll
0x00007ffd3e7c0000 - 0x00007ffd3e7e6000 	C:\Windows\SYSTEM32\winmmbase.dll
0x00007ffd51e60000 - 0x00007ffd51e8b000 	C:\Windows\SYSTEM32\MSVFW32.dll
0x00007ffd3da20000 - 0x00007ffd3da33000 	C:\Users\Zed\AppData\Local\Temp\javacpp28339879149500\jniopencv_highgui.dll
0x00007ffd3da00000 - 0x00007ffd3da1d000 	C:\Windows\System32\devenum.dll
0x00007ffd5a360000 - 0x00007ffd5a7d1000 	C:\Windows\System32\setupapi.dll
0x00007ffd597d0000 - 0x00007ffd597fc000 	C:\Windows\SYSTEM32\DEVOBJ.dll
0x00007ffd5a2f0000 - 0x00007ffd5a358000 	C:\Windows\System32\WINTRUST.dll
0x00007ffd59610000 - 0x00007ffd59622000 	C:\Windows\SYSTEM32\MSASN1.dll
0x00007ffd51f20000 - 0x00007ffd51f2b000 	C:\Windows\SYSTEM32\msdmo.dll
0x00007ffd34a50000 - 0x00007ffd34a86000 	C:\Windows\System32\qcap.dll
0x00007ffce53f0000 - 0x00007ffce55c0000 	C:\Windows\System32\quartz.dll
0x00007ffd28810000 - 0x00007ffd2885d000 	C:\Windows\System32\mfksproxy.dll
0x00007ffd1cf30000 - 0x00007ffd1cf4d000 	C:\Windows\System32\ATL.DLL
0x00007ffd286f0000 - 0x00007ffd2875c000 	C:\Windows\System32\FrameServerClient.dll
0x00007ffd28630000 - 0x00007ffd28697000 	C:\Windows\System32\MFSENSORGROUP.dll
0x00007ffd513e0000 - 0x00007ffd513ea000 	C:\Windows\SYSTEM32\AVRT.dll
0x00007ffd516a0000 - 0x00007ffd516ad000 	C:\Windows\System32\vidcap.ax
0x00007ffd3d9d0000 - 0x00007ffd3d9f7000 	C:\Windows\System32\kswdmcap.ax
0x00007ffce4b70000 - 0x00007ffce4cdc000 	C:\Windows\System32\MFC42.dll
0x00007ffcf0c70000 - 0x00007ffcf0d18000 	C:\Windows\System32\qedit.dll
0x00007ffd5b6a0000 - 0x00007ffd5b77b000 	C:\Windows\System32\COMDLG32.dll
0x00007ffd43bc0000 - 0x00007ffd43d65000 	C:\Windows\WinSxS\amd64_microsoft.windows.gdiplus_6595b64144ccf1df_1.1.19041.1706_none_919e8e54cc8d4ca1\gdiplus.dll
0x00007ffd1cdf0000 - 0x00007ffd1ceeb000 	C:\Windows\System32\DDRAW.dll
0x00007ffd2bce0000 - 0x00007ffd2bce9000 	C:\Windows\System32\DCIMAN32.dll
0x00007ffd4d2e0000 - 0x00007ffd4d31b000 	C:\Windows\SYSTEM32\dxcore.dll
0x00007ffcedb10000 - 0x00007ffcedbaa000 	C:\Users\Zed\AppData\Local\Temp\javacpp28339879149500\jniopencv_core.dll
0x00007ffd50de0000 - 0x00007ffd50e4a000 	C:\Windows\system32\Ninput.dll

dbghelp: loaded successfully - version: 4.0.5 - missing functions: none
symbol engine: initialized successfully - sym options: 0x614 - pdb path: .;C:\Program Files\Java\jdk-17.0.1\bin;C:\Windows\SYSTEM32;C:\Windows\WinSxS\amd64_microsoft.windows.common-controls_6595b64144ccf1df_6.0.19041.1110_none_60b5254171f9507e;C:\Program Files\Java\jdk-17.0.1\bin\server;C:\javacv-resource\opencv\build\java\x64;C:\Users\Zed\AppData\Local\Temp\javacpp28339879149500;C:\Windows\WinSxS\amd64_microsoft.windows.gdiplus_6595b64144ccf1df_1.1.19041.1706_none_919e8e54cc8d4ca1

VM Arguments:
jvm_args: -Dfile.encoding=UTF-8 -Djava.library.path=C:\javacv-resource\opencv\build\java\x64 --module-path=C:\Users\Zed\Documents\NetBeansProjects\Pendeteksi_Wajah3\build\classes 
java_command: Face_Detection.Main
java_class_path (initial): C:\javacv-resource\opencv\build\java\opencv-455.jar;C:\javacv-0.7-bin\javacv-bin\javacpp.jar;C:\javacv-0.7-bin\javacv-bin\javacv-android-arm.jar;C:\javacv-0.7-bin\javacv-bin\javacv-linux-x86.jar;C:\javacv-0.7-bin\javacv-bin\javacv-linux-x86_64.jar;C:\javacv-0.7-bin\javacv-bin\javacv-macosx-x86_64.jar;C:\javacv-0.7-bin\javacv-bin\javacv-windows-x86.jar;C:\javacv-0.7-bin\javacv-bin\javacv-windows-x86_64.jar;C:\javacv-0.7-bin\javacv-bin\javacv.jar;C:\javacv-0.7-cppjars\javacv-cppjars\ffmpeg-2.1.1-android-arm.jar;C:\javacv-0.7-cppjars\javacv-cppjars\ffmpeg-2.1.1-linux-x86.jar;C:\javacv-0.7-cppjars\javacv-cppjars\ffmpeg-2.1.1-linux-x86_64.jar;C:\javacv-0.7-cppjars\javacv-cppjars\ffmpeg-2.1.1-macosx-x86_64.jar;C:\javacv-0.7-cppjars\javacv-cppjars\ffmpeg-2.1.1-windows-x86.jar;C:\javacv-0.7-cppjars\javacv-cppjars\ffmpeg-2.1.1-windows-x86_64.jar;C:\javacv-0.7-cppjars\javacv-cppjars\opencv-2.4.8-android-arm.jar;C:\javacv-0.7-cppjars\javacv-cppjars\opencv-2.4.8-linux-x86.jar;C:\javacv-0.7-cppjars\javacv-cppjars\opencv-2.4.8-linux-x86_64.jar;C:\javacv-0.7-cppjars\javacv-cppjars\opencv-2.4.8-macosx-x86_64.jar;C:\javacv-0.7-cppjars\javacv-cppjars\opencv-2.4.8-windows-x86.jar;C:\javacv-0.7-cppjars\javacv-cppjars\opencv-2.4.8-windows-x86_64.jar;C:\Users\Zed\Documents\NetBeansProjects\Pendeteksi_Wajah3\build\classes
Launcher Type: SUN_STANDARD

[Global flags]
     intx CICompilerCount                          = 4                                         {product} {ergonomic}
     uint ConcGCThreads                            = 2                                         {product} {ergonomic}
     uint G1ConcRefinementThreads                  = 8                                         {product} {ergonomic}
   size_t G1HeapRegionSize                         = 1048576                                   {product} {ergonomic}
    uintx GCDrainStackTargetSize                   = 64                                        {product} {ergonomic}
   size_t InitialHeapSize                          = 132120576                                 {product} {ergonomic}
   size_t MarkStackSize                            = 4194304                                   {product} {ergonomic}
   size_t MaxHeapSize                              = 2090860544                                {product} {ergonomic}
   size_t MaxNewSize                               = 1254096896                                {product} {ergonomic}
   size_t MinHeapDeltaBytes                        = 1048576                                   {product} {ergonomic}
   size_t MinHeapSize                              = 8388608                                   {product} {ergonomic}
    uintx NonNMethodCodeHeapSize                   = 5839372                                {pd product} {ergonomic}
    uintx NonProfiledCodeHeapSize                  = 122909434                              {pd product} {ergonomic}
    uintx ProfiledCodeHeapSize                     = 122909434                              {pd product} {ergonomic}
    uintx ReservedCodeCacheSize                    = 251658240                              {pd product} {ergonomic}
     bool SegmentedCodeCache                       = true                                      {product} {ergonomic}
   size_t SoftMaxHeapSize                          = 2090860544                             {manageable} {ergonomic}
     bool UseCompressedClassPointers               = true                           {product lp64_product} {ergonomic}
     bool UseCompressedOops                        = true                           {product lp64_product} {ergonomic}
     bool UseG1GC                                  = true                                      {product} {ergonomic}
     bool UseLargePagesIndividualAllocation        = false                                  {pd product} {ergonomic}

Logging:
Log output configuration:
 #0: stdout all=off uptime,level,tags
 #1: stderr all=off uptime,level,tags

Environment Variables:
PATH=C:\Program Files\Common Files\Oracle\Java\javapath;C:\javacv-resource\opencv\build\bin;C:\javacv-resource\opencv\build\x64\vc14\bin;C:\Users\Zed\AppData\Local\Microsoft\WindowsApps;C:\Users\Zed\AppData\Local\Programs\Microsoft VS Code\bin;C:\Users\Zed\AppData\Local\GitHubDesktop\bin;C:\Users\Zed\AppData\Roaming\npm
USERNAME=Zed
OS=Windows_NT
PROCESSOR_IDENTIFIER=Intel64 Family 6 Model 140 Stepping 1, GenuineIntel



---------------  S Y S T E M  ---------------

OS:
 Windows 10 , 64 bit Build 19041 (10.0.19041.1706)
OS uptime: 0 days 7:53 hours

CPU: total 8 (initial active 8) (4 cores per cpu, 2 threads per core) family 6 model 140 stepping 1 microcode 0x8a, cx8, cmov, fxsr, ht, mmx, 3dnowpref, sse, sse2, sse3, ssse3, sse4.1, sse4.2, popcnt, lzcnt, tsc, tscinvbit, avx, avx2, aes, erms, clmul, bmi1, bmi2, adx, avx512f, avx512dq, avx512cd, avx512bw, avx512vl, sha, fma, vzeroupper, avx512_vpopcntdq, avx512_vpclmulqdq, avx512_vaes, avx512_vnni, clflush, clflushopt, clwb, avx512_vbmi2, avx512_vbmi

Memory: 4k page, system-wide physical 7971M (1717M free)
TotalPageFile size 11076M (AvailPageFile size 1699M)
current process WorkingSet (physical memory assigned to process): 398M, peak: 398M
current process commit charge ("private bytes"): 371M, peak: 379M

vm_info: Java HotSpot(TM) 64-Bit Server VM (17.0.1+12-LTS-39) for windows-amd64 JRE (17.0.1+12-LTS-39), built on Sep 27 2021 18:41:35 by "mach5one" with MS VC++ 16.8 (VS2019)

END.
