#
# A fatal error has been detected by the Java Runtime Environment:
#
#  Internal Error (0xc000000d), pid=9664, tid=5252
#
# JRE version: Java(TM) SE Runtime Environment (17.0.1+12) (build 17.0.1+12-LTS-39)
# Java VM: Java HotSpot(TM) 64-Bit Server VM (17.0.1+12-LTS-39, mixed mode, sharing, tiered, compressed oops, compressed class ptrs, g1 gc, windows-amd64)
# Problematic frame:
# C  [ntdll.dll+0x112224]
#
# No core dump will be written. Minidumps are not enabled by default on client versions of Windows
#
# If you would like to submit a bug report, please visit:
#   https://bugreport.java.com/bugreport/crash.jsp
#

---------------  S U M M A R Y ------------

Command Line: -Dfile.encoding=UTF-8 -Djava.library.path=C:\javacv-resource\opencv\build\java\x64 --module-path=C:\Users\Zed\Documents\NetBeansProjects\Pendeteksi_Wajah3\build\classes Face_Detection.Main

Host: 11th Gen Intel(R) Core(TM) i5-1135G7 @ 2.40GHz, 8 cores, 7G,  Windows 10 , 64 bit Build 19041 (10.0.19041.1706)
Time: Sun Jun  5 15:30:46 2022 SE Asia Standard Time elapsed time: 175.333387 seconds (0d 0h 2m 55s)

---------------  T H R E A D  ---------------

Current thread (0x000001c9efeb8d60):  VMThread "VM Thread" [stack: 0x000000a0a3a00000,0x000000a0a3b00000] [id=5252]

Stack: [0x000000a0a3a00000,0x000000a0a3b00000],  sp=0x000000a0a3afdf50,  free space=1015k
Native frames: (J=compiled Java code, j=interpreted, Vv=VM code, C=native code)
C  [ntdll.dll+0x112224]
C  [ntdll.dll+0xaae81]
C  [KERNELBASE.dll+0x6c519]
C  [RTWorkQ.DLL+0x7a1d]


siginfo: EXCEPTION_?? (0xc000000d)


Register to memory mapping:

RIP=0x00007ffd5c422224 ntdll.dll
RAX=0x0 is NULL
RBX=0x000001c9f2484e10 points into unknown readable memory: 0x0000000000000000 | 00 00 00 00 00 00 00 00
RCX=0x0 is NULL
RDX=0x0 is NULL
RSP=0x000000a0a3afdf50 points into unknown readable memory: 0x0000000000000057 | 57 00 00 00 00 00 00 00
RBP=0x00007ffd50188660 RTWorkQ.DLL
RSI=0x000001c9f245e020 points into unknown readable memory: 0x0000000000000003 | 03 00 00 00 00 00 00 00
RDI=0x0 is NULL
R8 =0x0 is NULL
R9 =0x0 is NULL
R10=0x0 is NULL
R11=0x0 is NULL
R12=0x000001c9f2484e10 points into unknown readable memory: 0x0000000000000000 | 00 00 00 00 00 00 00 00
R13=0x00007ffd3da2b430 FrameServerClient.dll
R14=0x000000a0a3afe0e8 points into unknown readable memory: 0x0000000006000006 | 06 00 00 06 00 00 00 00
R15=0x00007ffd50188660 RTWorkQ.DLL


Registers:
RAX=0x0000000000000000, RBX=0x000001c9f2484e10, RCX=0x0000000000000000, RDX=0x0000000000000000
RSP=0x000000a0a3afdf50, RBP=0x00007ffd50188660, RSI=0x000001c9f245e020, RDI=0x0000000000000000
R8 =0x0000000000000000, R9 =0x0000000000000000, R10=0x0000000000000000, R11=0x0000000000000000
R12=0x000001c9f2484e10, R13=0x00007ffd3da2b430, R14=0x000000a0a3afe0e8, R15=0x00007ffd50188660
RIP=0x00007ffd5c422224, EFLAGS=0x0000000000000206

Top of Stack: (sp=0x000000a0a3afdf50)
0x000000a0a3afdf50:   0000000000000057 000001c9f2484e10
0x000000a0a3afdf60:   000001c9f245e020 000001c900000000
0x000000a0a3afdf70:   00000000c000000d 0000000000000000
0x000000a0a3afdf80:   00007ffd5c422224 0000000000000000
0x000000a0a3afdf90:   0000000000000000 0000000000000000
0x000000a0a3afdfa0:   0000000000000000 0000000000000000
0x000000a0a3afdfb0:   0000000000000000 0000000000000000
0x000000a0a3afdfc0:   0000000000000000 0000000000000000
0x000000a0a3afdfd0:   0000000000000000 0000000000000000
0x000000a0a3afdfe0:   0000000000000000 0000000000000000
0x000000a0a3afdff0:   0000000000000000 0000000000000000
0x000000a0a3afe000:   0000000000000000 0000000000000000
0x000000a0a3afe010:   0000c6b1a8a01742 0000000000000000
0x000000a0a3afe020:   0000000000000000 00007ffd5c3bae81
0x000000a0a3afe030:   0000000000000af8 000001c9f245df30
0x000000a0a3afe040:   00007ffd3da2b430 0000000000000af8 

Instructions: (pc=0x00007ffd5c422224)
0x00007ffd5c422124:   cc cc cc cc cc cc cc cc 48 81 ec d8 00 00 00 48
0x00007ffd5c422134:   8b 05 d6 03 07 00 48 33 c4 48 89 84 24 c0 00 00
0x00007ffd5c422144:   00 4d 85 c0 74 33 4d 8b 48 50 48 8d 05 8b 63 f6
0x00007ffd5c422154:   ff c7 44 24 38 05 00 00 00 4c 3b c8 75 0a 49 8b
0x00007ffd5c422164:   40 58 4c 8b 50 20 eb 03 45 33 d2 4d 85 d2 4d 0f
0x00007ffd5c422174:   45 ca 4c 89 4c 24 60 eb 08 c7 44 24 38 04 00 00
0x00007ffd5c422184:   00 48 83 64 24 28 00 48 83 64 24 58 00 48 63 c1
0x00007ffd5c422194:   48 8d 4c 24 20 48 89 44 24 40 c7 44 24 20 0a 07
0x00007ffd5c4221a4:   00 c0 48 89 54 24 48 4c 89 44 24 50 c7 44 24 24
0x00007ffd5c4221b4:   01 00 00 00 e8 63 ee f3 ff 48 8b 8c 24 c0 00 00
0x00007ffd5c4221c4:   00 48 33 cc e8 63 a0 f7 ff 48 81 c4 d8 00 00 00
0x00007ffd5c4221d4:   c3 cc cc cc cc cc cc cc 48 81 ec d8 00 00 00 48
0x00007ffd5c4221e4:   8b 05 26 03 07 00 48 33 c4 48 89 84 24 c0 00 00
0x00007ffd5c4221f4:   00 33 d2 41 b8 94 00 00 00 48 8d 4c 24 24 e8 f9
0x00007ffd5c422204:   1b f9 ff c7 44 24 20 0d 00 00 c0 b9 57 00 00 00
0x00007ffd5c422214:   e8 57 e5 f3 ff 90 48 8d 4c 24 20 e8 fc ed f3 ff
0x00007ffd5c422224:   eb 00 48 8b 8c 24 c0 00 00 00 48 33 cc e8 fa 9f
0x00007ffd5c422234:   f7 ff 48 81 c4 d8 00 00 00 c3 cc 40 55 48 83 ec
0x00007ffd5c422244:   20 48 8b ea e8 0f 00 00 00 90 48 83 c4 20 5d c3
0x00007ffd5c422254:   cc cc cc cc cc cc cc cc 48 83 ec 28 48 8b 51 08
0x00007ffd5c422264:   41 b8 03 00 00 00 48 8b 09 e8 1e a6 fc ff 33 c0
0x00007ffd5c422274:   48 83 c4 28 c3 cc cc cc cc cc cc cc 48 8b 01 48
0x00007ffd5c422284:   83 c9 ff 8b 10 e9 22 b0 f8 ff cc cc cc cc cc cc
0x00007ffd5c422294:   4c 8b dc 48 81 ec 88 00 00 00 48 8b 05 6b 02 07
0x00007ffd5c4222a4:   00 48 33 c4 48 89 44 24 70 48 8b 84 24 b0 00 00
0x00007ffd5c4222b4:   00 41 ba 24 1c 00 00 49 89 43 d8 8b 84 24 b8 00
0x00007ffd5c4222c4:   00 00 66 45 89 53 9e 49 89 4b b8 49 89 53 c0 4d
0x00007ffd5c4222d4:   89 43 c8 4d 89 4b d0 89 44 24 68 e8 6c 25 f1 ff
0x00007ffd5c4222e4:   85 c0 74 19 65 48 8b 04 25 60 00 00 00 48 8b 88
0x00007ffd5c4222f4:   90 00 00 00 48 81 c1 2c 02 00 00 eb 05 b9 86 03
0x00007ffd5c422304:   fe 7f 0f b6 09 4c 8d 4c 24 20 ba 03 04 00 00 41
0x00007ffd5c422314:   b8 2c 00 00 00 e8 c2 b5 f8 ff 48 8b 4c 24 70 48 


Stack slot to memory mapping:
stack at sp + 0 slots: 0x0000000000000057 is an unknown value
stack at sp + 1 slots: 0x000001c9f2484e10 points into unknown readable memory: 0x0000000000000000 | 00 00 00 00 00 00 00 00
stack at sp + 2 slots: 0x000001c9f245e020 points into unknown readable memory: 0x0000000000000003 | 03 00 00 00 00 00 00 00
stack at sp + 3 slots: 0x000001c900000000 is an unknown value
stack at sp + 4 slots: 0x00000000c000000d is an unallocated location in the heap
stack at sp + 5 slots: 0x0 is NULL
stack at sp + 6 slots: 0x00007ffd5c422224 ntdll.dll
stack at sp + 7 slots: 0x0 is NULL

VM_Operation (0x000000a0a4bfea30): Exit, mode: safepoint, requested by thread 0x000001c9f0cf5850


---------------  P R O C E S S  ---------------

Threads class SMR info:
_java_thread_list=0x000001c9f314f7b0, length=15, elements={
0x000001c9efebd800, 0x000001c9efebe3b0, 0x000001c9efed0f00, 0x000001c9efed5be0,
0x000001c9efed64a0, 0x000001c9efed6e50, 0x000001c9efed7be0, 0x000001c9eff3e5d0,
0x000001c9f0900080, 0x000001c9efea5ed0, 0x000001c9f0a172b0, 0x000001c9f0c869f0,
0x000001c9f0c87290, 0x000001c9f0cf5850, 0x000001c9cff8bd90
}

Java Threads: ( => current thread )
  0x000001c9efebd800 JavaThread "Reference Handler" daemon [_thread_blocked, id=17388, stack(0x000000a0a3b00000,0x000000a0a3c00000)]
  0x000001c9efebe3b0 JavaThread "Finalizer" daemon [_thread_blocked, id=11456, stack(0x000000a0a3c00000,0x000000a0a3d00000)]
  0x000001c9efed0f00 JavaThread "Signal Dispatcher" daemon [_thread_blocked, id=16932, stack(0x000000a0a3d00000,0x000000a0a3e00000)]
  0x000001c9efed5be0 JavaThread "Attach Listener" daemon [_thread_blocked, id=2920, stack(0x000000a0a3e00000,0x000000a0a3f00000)]
  0x000001c9efed64a0 JavaThread "Service Thread" daemon [_thread_blocked, id=17360, stack(0x000000a0a3f00000,0x000000a0a4000000)]
  0x000001c9efed6e50 JavaThread "Monitor Deflation Thread" daemon [_thread_blocked, id=15808, stack(0x000000a0a4000000,0x000000a0a4100000)]
  0x000001c9efed7be0 JavaThread "C2 CompilerThread0" daemon [_thread_blocked, id=16544, stack(0x000000a0a4100000,0x000000a0a4200000)]
  0x000001c9eff3e5d0 JavaThread "C1 CompilerThread0" daemon [_thread_blocked, id=5756, stack(0x000000a0a4200000,0x000000a0a4300000)]
  0x000001c9f0900080 JavaThread "Sweeper thread" daemon [_thread_blocked, id=2856, stack(0x000000a0a4300000,0x000000a0a4400000)]
  0x000001c9efea5ed0 JavaThread "Common-Cleaner" daemon [_thread_blocked, id=14196, stack(0x000000a0a4400000,0x000000a0a4500000)]
  0x000001c9f0a172b0 JavaThread "Notification Thread" daemon [_thread_blocked, id=13892, stack(0x000000a0a4600000,0x000000a0a4700000)]
  0x000001c9f0c869f0 JavaThread "Java2D Disposer" daemon [_thread_blocked, id=5688, stack(0x000000a0a4800000,0x000000a0a4900000)]
  0x000001c9f0c87290 JavaThread "AWT-Shutdown" [_thread_blocked, id=11644, stack(0x000000a0a4900000,0x000000a0a4a00000)]
  0x000001c9f0cf5850 JavaThread "AWT-EventQueue-0" [_thread_blocked, id=2576, stack(0x000000a0a4b00000,0x000000a0a4c00000)]
  0x000001c9cff8bd90 JavaThread "DestroyJavaVM" [_thread_blocked, id=15064, stack(0x000000a0a3400000,0x000000a0a3500000)]

Other Threads:
=>0x000001c9efeb8d60 VMThread "VM Thread" [stack: 0x000000a0a3a00000,0x000000a0a3b00000] [id=5252]
  0x000001c9cffcb290 GCTaskThread "GC Thread#0" [stack: 0x000000a0a3500000,0x000000a0a3600000] [id=4756]
  0x000001c9cffdbb10 ConcurrentGCThread "G1 Main Marker" terminated
  0x000001c9cffdccc0 ConcurrentGCThread "G1 Conc#0" [stack: 0x000000a0a3700000,0x000000a0a3800000] [id=10116]
  0x000001c9d0068d20 ConcurrentGCThread "G1 Refine#0" terminated
  0x000001c9d0069740 ConcurrentGCThread "G1 Service" terminated

Threads with active compile tasks:

VM state: at safepoint (shutting down)

VM Mutex/Monitor currently owned by a thread:  ([mutex/lock_event])
[0x000001c9cff879c0] Threads_lock - owner thread: 0x000001c9efeb8d60
[0x000001c9cff88ce0] Heap_lock - owner thread: 0x000001c9f0cf5850

Heap address: 0x0000000083600000, size: 1994 MB, Compressed Oops mode: 32-bit

CDS archive(s) mapped at: [0x0000000800000000-0x0000000800bc0000-0x0000000800bc0000), size 12320768, SharedBaseAddress: 0x0000000800000000, ArchiveRelocationMode: 0.
Compressed class space mapped at: 0x0000000800c00000-0x0000000840c00000, reserved size: 1073741824
Narrow klass base: 0x0000000800000000, Narrow klass shift: 0, Narrow klass range: 0x100000000

GC Precious Log:
 CPUs: 8 total, 8 available
 Memory: 7971M
 Large Page Support: Disabled
 NUMA Support: Disabled
 Compressed Oops: Enabled (32-bit)
 Heap Region Size: 1M
 Heap Min Capacity: 8M
 Heap Initial Capacity: 126M
 Heap Max Capacity: 1994M
 Pre-touch: Disabled
 Parallel Workers: 8
 Concurrent Workers: 2
 Concurrent Refinement Workers: 8
 Periodic GC: Disabled

Heap:
 garbage-first heap   total 129024K, used 32768K [0x0000000083600000, 0x0000000100000000)
  region size 1024K, 16 young (16384K), 0 survivors (0K)
 Metaspace       used 11528K, committed 11712K, reserved 1064960K
  class space    used 1280K, committed 1408K, reserved 1048576K

Heap Regions: E=young(eden), S=young(survivor), O=old, HS=humongous(starts), HC=humongous(continues), CS=collection set, F=free, OA=open archive, CA=closed archive, TAMS=top-at-mark-start (previous, next)
|   0|0x0000000083600000, 0x0000000083700000, 0x0000000083700000|100%|HS|  |TAMS 0x0000000083600000, 0x0000000083600000| Complete 
|   1|0x0000000083700000, 0x0000000083800000, 0x0000000083800000|100%|HC|  |TAMS 0x0000000083700000, 0x0000000083700000| Complete 
|   2|0x0000000083800000, 0x0000000083900000, 0x0000000083900000|100%|HS|  |TAMS 0x0000000083800000, 0x0000000083800000| Complete 
|   3|0x0000000083900000, 0x0000000083a00000, 0x0000000083a00000|100%|HC|  |TAMS 0x0000000083900000, 0x0000000083900000| Complete 
|   4|0x0000000083a00000, 0x0000000083b00000, 0x0000000083b00000|100%|HC|  |TAMS 0x0000000083a00000, 0x0000000083a00000| Complete 
|   5|0x0000000083b00000, 0x0000000083c00000, 0x0000000083c00000|100%|HC|  |TAMS 0x0000000083b00000, 0x0000000083b00000| Complete 
|   6|0x0000000083c00000, 0x0000000083d00000, 0x0000000083d00000|100%|HC|  |TAMS 0x0000000083c00000, 0x0000000083c00000| Complete 
|   7|0x0000000083d00000, 0x0000000083e00000, 0x0000000083e00000|100%|HC|  |TAMS 0x0000000083d00000, 0x0000000083d00000| Complete 
|   8|0x0000000083e00000, 0x0000000083f00000, 0x0000000083f00000|100%|HC|  |TAMS 0x0000000083e00000, 0x0000000083e00000| Complete 
|   9|0x0000000083f00000, 0x0000000084000000, 0x0000000084000000|100%|HC|  |TAMS 0x0000000083f00000, 0x0000000083f00000| Complete 
|  10|0x0000000084000000, 0x0000000084100000, 0x0000000084100000|100%|HS|  |TAMS 0x0000000084000000, 0x0000000084000000| Complete 
|  11|0x0000000084100000, 0x0000000084200000, 0x0000000084200000|100%|HC|  |TAMS 0x0000000084100000, 0x0000000084100000| Complete 
|  12|0x0000000084200000, 0x0000000084300000, 0x0000000084300000|100%|HC|  |TAMS 0x0000000084200000, 0x0000000084200000| Complete 
|  13|0x0000000084300000, 0x0000000084400000, 0x0000000084400000|100%|HC|  |TAMS 0x0000000084300000, 0x0000000084300000| Complete 
|  14|0x0000000084400000, 0x0000000084500000, 0x0000000084500000|100%|HC|  |TAMS 0x0000000084400000, 0x0000000084400000| Complete 
|  15|0x0000000084500000, 0x0000000084600000, 0x0000000084600000|100%|HC|  |TAMS 0x0000000084500000, 0x0000000084500000| Complete 
|  16|0x0000000084600000, 0x0000000084700000, 0x0000000084700000|100%|HC|  |TAMS 0x0000000084600000, 0x0000000084600000| Complete 
|  17|0x0000000084700000, 0x0000000084800000, 0x0000000084800000|100%|HC|  |TAMS 0x0000000084700000, 0x0000000084700000| Complete 
|  18|0x0000000084800000, 0x0000000084800000, 0x0000000084900000|  0%| F|  |TAMS 0x0000000084800000, 0x0000000084800000| Untracked 
|  19|0x0000000084900000, 0x0000000084900000, 0x0000000084a00000|  0%| F|  |TAMS 0x0000000084900000, 0x0000000084900000| Untracked 
|  20|0x0000000084a00000, 0x0000000084a00000, 0x0000000084b00000|  0%| F|  |TAMS 0x0000000084a00000, 0x0000000084a00000| Untracked 
|  21|0x0000000084b00000, 0x0000000084b00000, 0x0000000084c00000|  0%| F|  |TAMS 0x0000000084b00000, 0x0000000084b00000| Untracked 
|  22|0x0000000084c00000, 0x0000000084c00000, 0x0000000084d00000|  0%| F|  |TAMS 0x0000000084c00000, 0x0000000084c00000| Untracked 
|  23|0x0000000084d00000, 0x0000000084d00000, 0x0000000084e00000|  0%| F|  |TAMS 0x0000000084d00000, 0x0000000084d00000| Untracked 
|  24|0x0000000084e00000, 0x0000000084e00000, 0x0000000084f00000|  0%| F|  |TAMS 0x0000000084e00000, 0x0000000084e00000| Untracked 
|  25|0x0000000084f00000, 0x0000000084f00000, 0x0000000085000000|  0%| F|  |TAMS 0x0000000084f00000, 0x0000000084f00000| Untracked 
|  26|0x0000000085000000, 0x0000000085000000, 0x0000000085100000|  0%| F|  |TAMS 0x0000000085000000, 0x0000000085000000| Untracked 
|  27|0x0000000085100000, 0x0000000085100000, 0x0000000085200000|  0%| F|  |TAMS 0x0000000085100000, 0x0000000085100000| Untracked 
|  28|0x0000000085200000, 0x0000000085200000, 0x0000000085300000|  0%| F|  |TAMS 0x0000000085200000, 0x0000000085200000| Untracked 
|  29|0x0000000085300000, 0x0000000085300000, 0x0000000085400000|  0%| F|  |TAMS 0x0000000085300000, 0x0000000085300000| Untracked 
|  30|0x0000000085400000, 0x0000000085400000, 0x0000000085500000|  0%| F|  |TAMS 0x0000000085400000, 0x0000000085400000| Untracked 
|  31|0x0000000085500000, 0x0000000085500000, 0x0000000085600000|  0%| F|  |TAMS 0x0000000085500000, 0x0000000085500000| Untracked 
|  32|0x0000000085600000, 0x0000000085600000, 0x0000000085700000|  0%| F|  |TAMS 0x0000000085600000, 0x0000000085600000| Untracked 
|  33|0x0000000085700000, 0x0000000085700000, 0x0000000085800000|  0%| F|  |TAMS 0x0000000085700000, 0x0000000085700000| Untracked 
|  34|0x0000000085800000, 0x0000000085800000, 0x0000000085900000|  0%| F|  |TAMS 0x0000000085800000, 0x0000000085800000| Untracked 
|  35|0x0000000085900000, 0x0000000085900000, 0x0000000085a00000|  0%| F|  |TAMS 0x0000000085900000, 0x0000000085900000| Untracked 
|  36|0x0000000085a00000, 0x0000000085a00000, 0x0000000085b00000|  0%| F|  |TAMS 0x0000000085a00000, 0x0000000085a00000| Untracked 
|  37|0x0000000085b00000, 0x0000000085b00000, 0x0000000085c00000|  0%| F|  |TAMS 0x0000000085b00000, 0x0000000085b00000| Untracked 
|  38|0x0000000085c00000, 0x0000000085c00000, 0x0000000085d00000|  0%| F|  |TAMS 0x0000000085c00000, 0x0000000085c00000| Untracked 
|  39|0x0000000085d00000, 0x0000000085d00000, 0x0000000085e00000|  0%| F|  |TAMS 0x0000000085d00000, 0x0000000085d00000| Untracked 
|  40|0x0000000085e00000, 0x0000000085e00000, 0x0000000085f00000|  0%| F|  |TAMS 0x0000000085e00000, 0x0000000085e00000| Untracked 
|  41|0x0000000085f00000, 0x0000000085f00000, 0x0000000086000000|  0%| F|  |TAMS 0x0000000085f00000, 0x0000000085f00000| Untracked 
|  42|0x0000000086000000, 0x0000000086000000, 0x0000000086100000|  0%| F|  |TAMS 0x0000000086000000, 0x0000000086000000| Untracked 
|  43|0x0000000086100000, 0x0000000086100000, 0x0000000086200000|  0%| F|  |TAMS 0x0000000086100000, 0x0000000086100000| Untracked 
|  44|0x0000000086200000, 0x0000000086200000, 0x0000000086300000|  0%| F|  |TAMS 0x0000000086200000, 0x0000000086200000| Untracked 
|  45|0x0000000086300000, 0x0000000086300000, 0x0000000086400000|  0%| F|  |TAMS 0x0000000086300000, 0x0000000086300000| Untracked 
|  46|0x0000000086400000, 0x0000000086400000, 0x0000000086500000|  0%| F|  |TAMS 0x0000000086400000, 0x0000000086400000| Untracked 
|  47|0x0000000086500000, 0x0000000086500000, 0x0000000086600000|  0%| F|  |TAMS 0x0000000086500000, 0x0000000086500000| Untracked 
|  48|0x0000000086600000, 0x0000000086600000, 0x0000000086700000|  0%| F|  |TAMS 0x0000000086600000, 0x0000000086600000| Untracked 
|  49|0x0000000086700000, 0x0000000086700000, 0x0000000086800000|  0%| F|  |TAMS 0x0000000086700000, 0x0000000086700000| Untracked 
|  50|0x0000000086800000, 0x0000000086800000, 0x0000000086900000|  0%| F|  |TAMS 0x0000000086800000, 0x0000000086800000| Untracked 
|  51|0x0000000086900000, 0x0000000086900000, 0x0000000086a00000|  0%| F|  |TAMS 0x0000000086900000, 0x0000000086900000| Untracked 
|  52|0x0000000086a00000, 0x0000000086a00000, 0x0000000086b00000|  0%| F|  |TAMS 0x0000000086a00000, 0x0000000086a00000| Untracked 
|  53|0x0000000086b00000, 0x0000000086b00000, 0x0000000086c00000|  0%| F|  |TAMS 0x0000000086b00000, 0x0000000086b00000| Untracked 
|  54|0x0000000086c00000, 0x0000000086c00000, 0x0000000086d00000|  0%| F|  |TAMS 0x0000000086c00000, 0x0000000086c00000| Untracked 
|  55|0x0000000086d00000, 0x0000000086d00000, 0x0000000086e00000|  0%| F|  |TAMS 0x0000000086d00000, 0x0000000086d00000| Untracked 
|  56|0x0000000086e00000, 0x0000000086e00000, 0x0000000086f00000|  0%| F|  |TAMS 0x0000000086e00000, 0x0000000086e00000| Untracked 
|  57|0x0000000086f00000, 0x0000000086f00000, 0x0000000087000000|  0%| F|  |TAMS 0x0000000086f00000, 0x0000000086f00000| Untracked 
|  58|0x0000000087000000, 0x0000000087000000, 0x0000000087100000|  0%| F|  |TAMS 0x0000000087000000, 0x0000000087000000| Untracked 
|  59|0x0000000087100000, 0x0000000087100000, 0x0000000087200000|  0%| F|  |TAMS 0x0000000087100000, 0x0000000087100000| Untracked 
|  60|0x0000000087200000, 0x0000000087200000, 0x0000000087300000|  0%| F|  |TAMS 0x0000000087200000, 0x0000000087200000| Untracked 
|  61|0x0000000087300000, 0x0000000087300000, 0x0000000087400000|  0%| F|  |TAMS 0x0000000087300000, 0x0000000087300000| Untracked 
|  62|0x0000000087400000, 0x0000000087400000, 0x0000000087500000|  0%| F|  |TAMS 0x0000000087400000, 0x0000000087400000| Untracked 
|  63|0x0000000087500000, 0x0000000087500000, 0x0000000087600000|  0%| F|  |TAMS 0x0000000087500000, 0x0000000087500000| Untracked 
|  64|0x0000000087600000, 0x0000000087600000, 0x0000000087700000|  0%| F|  |TAMS 0x0000000087600000, 0x0000000087600000| Untracked 
|  65|0x0000000087700000, 0x0000000087700000, 0x0000000087800000|  0%| F|  |TAMS 0x0000000087700000, 0x0000000087700000| Untracked 
|  66|0x0000000087800000, 0x0000000087800000, 0x0000000087900000|  0%| F|  |TAMS 0x0000000087800000, 0x0000000087800000| Untracked 
|  67|0x0000000087900000, 0x0000000087900000, 0x0000000087a00000|  0%| F|  |TAMS 0x0000000087900000, 0x0000000087900000| Untracked 
|  68|0x0000000087a00000, 0x0000000087a00000, 0x0000000087b00000|  0%| F|  |TAMS 0x0000000087a00000, 0x0000000087a00000| Untracked 
|  69|0x0000000087b00000, 0x0000000087b00000, 0x0000000087c00000|  0%| F|  |TAMS 0x0000000087b00000, 0x0000000087b00000| Untracked 
|  70|0x0000000087c00000, 0x0000000087c00000, 0x0000000087d00000|  0%| F|  |TAMS 0x0000000087c00000, 0x0000000087c00000| Untracked 
|  71|0x0000000087d00000, 0x0000000087d00000, 0x0000000087e00000|  0%| F|  |TAMS 0x0000000087d00000, 0x0000000087d00000| Untracked 
|  72|0x0000000087e00000, 0x0000000087e00000, 0x0000000087f00000|  0%| F|  |TAMS 0x0000000087e00000, 0x0000000087e00000| Untracked 
|  73|0x0000000087f00000, 0x0000000087f00000, 0x0000000088000000|  0%| F|  |TAMS 0x0000000087f00000, 0x0000000087f00000| Untracked 
|  74|0x0000000088000000, 0x0000000088000000, 0x0000000088100000|  0%| F|  |TAMS 0x0000000088000000, 0x0000000088000000| Untracked 
|  75|0x0000000088100000, 0x0000000088100000, 0x0000000088200000|  0%| F|  |TAMS 0x0000000088100000, 0x0000000088100000| Untracked 
|  76|0x0000000088200000, 0x0000000088200000, 0x0000000088300000|  0%| F|  |TAMS 0x0000000088200000, 0x0000000088200000| Untracked 
|  77|0x0000000088300000, 0x0000000088300000, 0x0000000088400000|  0%| F|  |TAMS 0x0000000088300000, 0x0000000088300000| Untracked 
|  78|0x0000000088400000, 0x0000000088400000, 0x0000000088500000|  0%| F|  |TAMS 0x0000000088400000, 0x0000000088400000| Untracked 
|  79|0x0000000088500000, 0x0000000088500000, 0x0000000088600000|  0%| F|  |TAMS 0x0000000088500000, 0x0000000088500000| Untracked 
|  80|0x0000000088600000, 0x0000000088600000, 0x0000000088700000|  0%| F|  |TAMS 0x0000000088600000, 0x0000000088600000| Untracked 
|  81|0x0000000088700000, 0x0000000088700000, 0x0000000088800000|  0%| F|  |TAMS 0x0000000088700000, 0x0000000088700000| Untracked 
|  82|0x0000000088800000, 0x0000000088800000, 0x0000000088900000|  0%| F|  |TAMS 0x0000000088800000, 0x0000000088800000| Untracked 
|  83|0x0000000088900000, 0x0000000088900000, 0x0000000088a00000|  0%| F|  |TAMS 0x0000000088900000, 0x0000000088900000| Untracked 
|  84|0x0000000088a00000, 0x0000000088a00000, 0x0000000088b00000|  0%| F|  |TAMS 0x0000000088a00000, 0x0000000088a00000| Untracked 
|  85|0x0000000088b00000, 0x0000000088b00000, 0x0000000088c00000|  0%| F|  |TAMS 0x0000000088b00000, 0x0000000088b00000| Untracked 
|  86|0x0000000088c00000, 0x0000000088c00000, 0x0000000088d00000|  0%| F|  |TAMS 0x0000000088c00000, 0x0000000088c00000| Untracked 
|  87|0x0000000088d00000, 0x0000000088d00000, 0x0000000088e00000|  0%| F|  |TAMS 0x0000000088d00000, 0x0000000088d00000| Untracked 
|  88|0x0000000088e00000, 0x0000000088e00000, 0x0000000088f00000|  0%| F|  |TAMS 0x0000000088e00000, 0x0000000088e00000| Untracked 
|  89|0x0000000088f00000, 0x0000000088f00000, 0x0000000089000000|  0%| F|  |TAMS 0x0000000088f00000, 0x0000000088f00000| Untracked 
|  90|0x0000000089000000, 0x0000000089000000, 0x0000000089100000|  0%| F|  |TAMS 0x0000000089000000, 0x0000000089000000| Untracked 
|  91|0x0000000089100000, 0x0000000089100000, 0x0000000089200000|  0%| F|  |TAMS 0x0000000089100000, 0x0000000089100000| Untracked 
|  92|0x0000000089200000, 0x0000000089200000, 0x0000000089300000|  0%| F|  |TAMS 0x0000000089200000, 0x0000000089200000| Untracked 
|  93|0x0000000089300000, 0x0000000089300000, 0x0000000089400000|  0%| F|  |TAMS 0x0000000089300000, 0x0000000089300000| Untracked 
|  94|0x0000000089400000, 0x0000000089400000, 0x0000000089500000|  0%| F|  |TAMS 0x0000000089400000, 0x0000000089400000| Untracked 
|  95|0x0000000089500000, 0x0000000089500000, 0x0000000089600000|  0%| F|  |TAMS 0x0000000089500000, 0x0000000089500000| Untracked 
|  96|0x0000000089600000, 0x0000000089600000, 0x0000000089700000|  0%| F|  |TAMS 0x0000000089600000, 0x0000000089600000| Untracked 
|  97|0x0000000089700000, 0x0000000089700000, 0x0000000089800000|  0%| F|  |TAMS 0x0000000089700000, 0x0000000089700000| Untracked 
|  98|0x0000000089800000, 0x0000000089800000, 0x0000000089900000|  0%| F|  |TAMS 0x0000000089800000, 0x0000000089800000| Untracked 
|  99|0x0000000089900000, 0x0000000089900000, 0x0000000089a00000|  0%| F|  |TAMS 0x0000000089900000, 0x0000000089900000| Untracked 
| 100|0x0000000089a00000, 0x0000000089a00000, 0x0000000089b00000|  0%| F|  |TAMS 0x0000000089a00000, 0x0000000089a00000| Untracked 
| 101|0x0000000089b00000, 0x0000000089b00000, 0x0000000089c00000|  0%| F|  |TAMS 0x0000000089b00000, 0x0000000089b00000| Untracked 
| 102|0x0000000089c00000, 0x0000000089c00000, 0x0000000089d00000|  0%| F|  |TAMS 0x0000000089c00000, 0x0000000089c00000| Untracked 
| 103|0x0000000089d00000, 0x0000000089d00000, 0x0000000089e00000|  0%| F|  |TAMS 0x0000000089d00000, 0x0000000089d00000| Untracked 
| 104|0x0000000089e00000, 0x0000000089e00000, 0x0000000089f00000|  0%| F|  |TAMS 0x0000000089e00000, 0x0000000089e00000| Untracked 
| 105|0x0000000089f00000, 0x0000000089f00000, 0x000000008a000000|  0%| F|  |TAMS 0x0000000089f00000, 0x0000000089f00000| Untracked 
| 106|0x000000008a000000, 0x000000008a000000, 0x000000008a100000|  0%| F|  |TAMS 0x000000008a000000, 0x000000008a000000| Untracked 
| 107|0x000000008a100000, 0x000000008a100000, 0x000000008a200000|  0%| F|  |TAMS 0x000000008a100000, 0x000000008a100000| Untracked 
| 108|0x000000008a200000, 0x000000008a200000, 0x000000008a300000|  0%| F|  |TAMS 0x000000008a200000, 0x000000008a200000| Untracked 
| 109|0x000000008a300000, 0x000000008a300000, 0x000000008a400000|  0%| F|  |TAMS 0x000000008a300000, 0x000000008a300000| Untracked 
| 110|0x000000008a400000, 0x000000008a476460, 0x000000008a500000| 46%| E|  |TAMS 0x000000008a400000, 0x000000008a400000| Complete 
| 111|0x000000008a500000, 0x000000008a600000, 0x000000008a600000|100%| E|CS|TAMS 0x000000008a500000, 0x000000008a500000| Complete 
| 112|0x000000008a600000, 0x000000008a700000, 0x000000008a700000|100%| E|CS|TAMS 0x000000008a600000, 0x000000008a600000| Complete 
| 113|0x000000008a700000, 0x000000008a800000, 0x000000008a800000|100%| E|CS|TAMS 0x000000008a700000, 0x000000008a700000| Complete 
| 114|0x000000008a800000, 0x000000008a900000, 0x000000008a900000|100%| E|CS|TAMS 0x000000008a800000, 0x000000008a800000| Complete 
| 115|0x000000008a900000, 0x000000008aa00000, 0x000000008aa00000|100%| E|CS|TAMS 0x000000008a900000, 0x000000008a900000| Complete 
| 116|0x000000008aa00000, 0x000000008ab00000, 0x000000008ab00000|100%| E|CS|TAMS 0x000000008aa00000, 0x000000008aa00000| Complete 
| 117|0x000000008ab00000, 0x000000008ac00000, 0x000000008ac00000|100%| E|CS|TAMS 0x000000008ab00000, 0x000000008ab00000| Complete 
| 118|0x000000008ac00000, 0x000000008ad00000, 0x000000008ad00000|100%| E|CS|TAMS 0x000000008ac00000, 0x000000008ac00000| Complete 
| 119|0x000000008ad00000, 0x000000008ae00000, 0x000000008ae00000|100%| E|CS|TAMS 0x000000008ad00000, 0x000000008ad00000| Complete 
| 120|0x000000008ae00000, 0x000000008af00000, 0x000000008af00000|100%| E|CS|TAMS 0x000000008ae00000, 0x000000008ae00000| Complete 
| 121|0x000000008af00000, 0x000000008b000000, 0x000000008b000000|100%| E|CS|TAMS 0x000000008af00000, 0x000000008af00000| Complete 
| 122|0x000000008b000000, 0x000000008b100000, 0x000000008b100000|100%| E|CS|TAMS 0x000000008b000000, 0x000000008b000000| Complete 
| 123|0x000000008b100000, 0x000000008b200000, 0x000000008b200000|100%| E|CS|TAMS 0x000000008b100000, 0x000000008b100000| Complete 
| 124|0x000000008b200000, 0x000000008b300000, 0x000000008b300000|100%| E|  |TAMS 0x000000008b200000, 0x000000008b200000| Complete 
| 125|0x000000008b300000, 0x000000008b400000, 0x000000008b400000|100%| E|CS|TAMS 0x000000008b300000, 0x000000008b300000| Complete 

Card table byte_map: [0x000001c9e8df0000,0x000001c9e91e0000] _byte_map_base: 0x000001c9e89d5000

Marking Bits (Prev, Next): (CMBitMap*) 0x000001c9cffcb8a0, (CMBitMap*) 0x000001c9cffcb8e0
 Prev Bits: [0x000001c9e95d0000, 0x000001c9eb4f8000)
 Next Bits: [0x000001c9eb500000, 0x000001c9ed428000)

Polling page: 0x000001c9d0070000

Metaspace:

Usage:
  Non-class:     10.01 MB used.
      Class:      1.25 MB used.
       Both:     11.26 MB used.

Virtual space:
  Non-class space:       16.00 MB reserved,      10.06 MB ( 63%) committed,  2 nodes.
      Class space:        1.00 GB reserved,       1.38 MB ( <1%) committed,  1 nodes.
             Both:        1.02 GB reserved,      11.44 MB (  1%) committed. 

Chunk freelists:
   Non-Class:  1.00 MB
       Class:  2.68 MB
        Both:  3.68 MB

MaxMetaspaceSize: unlimited
CompressedClassSpaceSize: 1.00 GB
Initial GC threshold: 21.00 MB
Current GC threshold: 21.00 MB
CDS: on
MetaspaceReclaimPolicy: balanced
 - commit_granule_bytes: 65536.
 - commit_granule_words: 8192.
 - virtual_space_node_default_size: 1048576.
 - enlarge_chunks_in_place: 1.
 - new_chunks_are_fully_committed: 0.
 - uncommit_free_chunks: 1.
 - use_allocation_guard: 0.
 - handle_deallocations: 1.


Internal statistics:

num_allocs_failed_limit: 0.
num_arena_births: 142.
num_arena_deaths: 0.
num_vsnodes_births: 3.
num_vsnodes_deaths: 0.
num_space_committed: 183.
num_space_uncommitted: 0.
num_chunks_returned_to_freelist: 0.
num_chunks_taken_from_freelist: 200.
num_chunk_merges: 0.
num_chunk_splits: 129.
num_chunks_enlarged: 85.
num_purges: 0.
num_inconsistent_stats: 0.

CodeHeap 'non-profiled nmethods': size=120000Kb used=589Kb max_used=589Kb free=119410Kb
 bounds [0x000001c9e0a60000, 0x000001c9e0cd0000, 0x000001c9e7f90000]
CodeHeap 'profiled nmethods': size=120000Kb used=2905Kb max_used=2905Kb free=117094Kb
 bounds [0x000001c9d9530000, 0x000001c9d9810000, 0x000001c9e0a60000]
CodeHeap 'non-nmethods': size=5760Kb used=1397Kb max_used=1420Kb free=4362Kb
 bounds [0x000001c9d8f90000, 0x000001c9d9200000, 0x000001c9d9530000]
 total_blobs=2295 nmethods=1549 adapters=659
 compilation: enabled
              stopped_count=0, restarted_count=0
 full_count=0

Compilation events (20 events):
Event: 173.445 Thread 0x000001c9eff3e5d0 nmethod 1539 0x000001c9d97fed90 code [0x000001c9d97fef40, 0x000001c9d97ff0a8]
Event: 173.448 Thread 0x000001c9eff3e5d0 1540       3       javax.swing.plaf.nimbus.AbstractRegionPainter::decodeX (87 bytes)
Event: 173.448 Thread 0x000001c9eff3e5d0 nmethod 1540 0x000001c9d97ff190 code [0x000001c9d97ff3a0, 0x000001c9d97ff868]
Event: 173.448 Thread 0x000001c9eff3e5d0 1541       3       javax.swing.plaf.nimbus.AbstractRegionPainter::decodeY (87 bytes)
Event: 173.449 Thread 0x000001c9eff3e5d0 nmethod 1541 0x000001c9d97ff910 code [0x000001c9d97ffb20, 0x000001c9d97fffe8]
Event: 173.450 Thread 0x000001c9eff3e5d0 1542       3       sun.java2d.SunGraphics2D::setColor (108 bytes)
Event: 173.451 Thread 0x000001c9eff3e5d0 nmethod 1542 0x000001c9d9800090 code [0x000001c9d9800280, 0x000001c9d9800738]
Event: 173.452 Thread 0x000001c9eff3e5d0 1543       3       java.awt.EventQueue::coalesceMouseEvent (44 bytes)
Event: 173.453 Thread 0x000001c9eff3e5d0 nmethod 1543 0x000001c9d9800810 code [0x000001c9d98009e0, 0x000001c9d9800e68]
Event: 173.495 Thread 0x000001c9efed7be0 nmethod 1530% 0x000001c9e0aee690 code [0x000001c9e0aee880, 0x000001c9e0af00c8]
Event: 173.495 Thread 0x000001c9efed7be0 1533       4       java.awt.MultipleGradientPaintContext::interpolate (202 bytes)
Event: 173.511 Thread 0x000001c9efed7be0 nmethod 1533 0x000001c9e0af1510 code [0x000001c9e0af1760, 0x000001c9e0af2438]
Event: 174.408 Thread 0x000001c9eff3e5d0 1546       1       java.lang.invoke.MethodHandleImpl$IntrinsicMethodHandle::getTarget (5 bytes)
Event: 174.408 Thread 0x000001c9eff3e5d0 nmethod 1546 0x000001c9e0af2b90 code [0x000001c9e0af2d20, 0x000001c9e0af2df8]
Event: 174.410 Thread 0x000001c9eff3e5d0 1548       3       java.lang.invoke.LambdaForm::normalize (322 bytes)
Event: 174.413 Thread 0x000001c9eff3e5d0 nmethod 1548 0x000001c9d9801010 code [0x000001c9d98012c0, 0x000001c9d98025f8]
Event: 174.414 Thread 0x000001c9eff3e5d0 1551       3       jdk.internal.org.objectweb.asm.Frame::accept (264 bytes)
Event: 174.416 Thread 0x000001c9eff3e5d0 nmethod 1551 0x000001c9d9802c10 code [0x000001c9d9802e40, 0x000001c9d9803778]
Event: 174.416 Thread 0x000001c9eff3e5d0 1549       3       java.lang.Class::descriptorString (170 bytes)
Event: 174.420 Thread 0x000001c9eff3e5d0 nmethod 1549 0x000001c9d9803b10 code [0x000001c9d9803fe0, 0x000001c9d9805bf8]

GC Heap History (0 events):
No events

Deoptimization events (20 events):
Event: 2.581 Thread 0x000001c9f1e2d340 Uncommon trap: trap_request=0xffffffde fr.pc=0x000001c9e0a8cb64 relative=0x00000000000009c4
Event: 2.581 Thread 0x000001c9f1e2d340 Uncommon trap: reason=class_check action=maybe_recompile pc=0x000001c9e0a8cb64 method=java.util.HashMap.putVal(ILjava/lang/Object;Ljava/lang/Object;ZZ)Ljava/lang/Object; @ 253 c2
Event: 2.581 Thread 0x000001c9f1e2d340 DEOPT PACKING pc=0x000001c9e0a8cb64 sp=0x000000a0a45fdf90
Event: 2.581 Thread 0x000001c9f1e2d340 DEOPT UNPACKING pc=0x000001c9d8fe5c23 sp=0x000000a0a45fdec8 mode 2
Event: 2.581 Thread 0x000001c9f1e2d340 Uncommon trap: trap_request=0xffffffde fr.pc=0x000001c9e0a8cb64 relative=0x00000000000009c4
Event: 2.581 Thread 0x000001c9f1e2d340 Uncommon trap: reason=class_check action=maybe_recompile pc=0x000001c9e0a8cb64 method=java.util.HashMap.putVal(ILjava/lang/Object;Ljava/lang/Object;ZZ)Ljava/lang/Object; @ 253 c2
Event: 2.581 Thread 0x000001c9f1e2d340 DEOPT PACKING pc=0x000001c9e0a8cb64 sp=0x000000a0a45fdf90
Event: 2.582 Thread 0x000001c9f1e2d340 DEOPT UNPACKING pc=0x000001c9d8fe5c23 sp=0x000000a0a45fdec8 mode 2
Event: 8.905 Thread 0x000001c9f0cf5850 DEOPT PACKING pc=0x000001c9d977a773 sp=0x000000a0a4bfd450
Event: 8.905 Thread 0x000001c9f0cf5850 DEOPT UNPACKING pc=0x000001c9d8fe6763 sp=0x000000a0a4bfc830 mode 0
Event: 8.907 Thread 0x000001c9f0cf5850 DEOPT PACKING pc=0x000001c9d96e7df7 sp=0x000000a0a4bfd6f0
Event: 8.907 Thread 0x000001c9f0cf5850 DEOPT UNPACKING pc=0x000001c9d8fe6763 sp=0x000000a0a4bfcb10 mode 0
Event: 13.043 Thread 0x000001c9f0cf5850 DEOPT PACKING pc=0x000001c9d96c61c2 sp=0x000000a0a4bfd6b0
Event: 13.043 Thread 0x000001c9f0cf5850 DEOPT UNPACKING pc=0x000001c9d8fe6763 sp=0x000000a0a4bfcb40 mode 0
Event: 172.677 Thread 0x000001c9f0cf5850 Uncommon trap: trap_request=0xffffff45 fr.pc=0x000001c9e0ae8094 relative=0x0000000000002094
Event: 172.677 Thread 0x000001c9f0cf5850 Uncommon trap: reason=unstable_if action=reinterpret pc=0x000001c9e0ae8094 method=sun.java2d.marlin.Renderer._endRendering(II)V @ 15 c2
Event: 172.677 Thread 0x000001c9f0cf5850 DEOPT PACKING pc=0x000001c9e0ae8094 sp=0x000000a0a4bfcce0
Event: 172.677 Thread 0x000001c9f0cf5850 DEOPT UNPACKING pc=0x000001c9d8fe5c23 sp=0x000000a0a4bfcae8 mode 2
Event: 173.428 Thread 0x000001c9f0cf5850 DEOPT PACKING pc=0x000001c9d96d8789 sp=0x000000a0a4bfd3e0
Event: 173.428 Thread 0x000001c9f0cf5850 DEOPT UNPACKING pc=0x000001c9d8fe6763 sp=0x000000a0a4bfc868 mode 0

Classes unloaded (0 events):
No events

Classes redefined (0 events):
No events

Internal exceptions (20 events):
Event: 0.551 Thread 0x000001c9f0cf5850 Exception <a 'java/lang/ClassNotFoundException'{0x000000008ad8acc8}: com/sun/swing/internal/plaf/synth/resources/spi/synthProvider> (0x000000008ad8acc8) 
thrown [t:\workspace\open\src\hotspot\share\classfile\systemDictionary.cpp, line 256]
Event: 0.674 Thread 0x000001c9f1b6a430 Exception <a 'java/lang/NoSuchMethodError'{0x000000008abeeff0}: 'java.lang.Object java.lang.invoke.DirectMethodHandle$Holder.newInvokeSpecial(java.lang.Object, java.lang.Object, java.lang.Object, int, int, int, int, int)'> (0x000000008abeeff0) 
thrown [t:\workspace\open\src\hotspot\share\interpreter\linkResolver.cpp, line 766]
Event: 0.689 Thread 0x000001c9f0c87b30 Exception <a 'java/lang/NoSuchMethodError'{0x000000008b0859b8}: 'void java.lang.invoke.DirectMethodHandle$Holder.invokeVirtual(java.lang.Object, java.lang.Object)'> (0x000000008b0859b8) 
thrown [t:\workspace\open\src\hotspot\share\interpreter\linkResolver.cpp, line 766]
Event: 0.707 Thread 0x000001c9f0cf5850 Exception <a 'java/lang/NoSuchMethodError'{0x000000008ac4bf90}: 'void java.lang.invoke.DirectMethodHandle$Holder.invokeStaticInit(java.lang.Object)'> (0x000000008ac4bf90) 
thrown [t:\workspace\open\src\hotspot\share\interpreter\linkResolver.cpp, line 766]
Event: 2.325 Thread 0x000001c9f0cf5850 Implicit null exception at 0x000001c9e0ab624d to 0x000001c9e0ab67ad
Event: 2.325 Thread 0x000001c9f0cf5850 Implicit null exception at 0x000001c9e0ab34ab to 0x000001c9e0ab3b20
Event: 2.325 Thread 0x000001c9f0cf5850 Implicit null exception at 0x000001c9e0ab624d to 0x000001c9e0ab67ad
Event: 2.326 Thread 0x000001c9f0cf5850 Implicit null exception at 0x000001c9e0ab34ab to 0x000001c9e0ab3b20
Event: 2.326 Thread 0x000001c9f0cf5850 Implicit null exception at 0x000001c9e0ab624d to 0x000001c9e0ab67ad
Event: 2.559 Thread 0x000001c9f1e2d340 Exception <a 'java/lang/NoSuchMethodError'{0x000000008a8bc148}: 'int java.lang.invoke.DirectMethodHandle$Holder.invokeStaticInit(java.lang.Object, java.lang.Object, java.lang.Object, java.lang.Object)'> (0x000000008a8bc148) 
thrown [t:\workspace\open\src\hotspot\share\interpreter\linkResolver.cpp, line 766]
Event: 2.560 Thread 0x000001c9f1e2d340 Exception <a 'java/lang/NoSuchMethodError'{0x000000008a8c56d0}: 'java.lang.Object java.lang.invoke.DirectMethodHandle$Holder.invokeInterface(java.lang.Object, java.lang.Object)'> (0x000000008a8c56d0) 
thrown [t:\workspace\open\src\hotspot\share\interpreter\linkResolver.cpp, line 766]
Event: 2.560 Thread 0x000001c9f1e2d340 Exception <a 'java/lang/IncompatibleClassChangeError'{0x000000008a8c8c20}: Found class java.lang.Object, but interface was expected> (0x000000008a8c8c20) 
thrown [t:\workspace\open\src\hotspot\share\interpreter\linkResolver.cpp, line 833]
Event: 2.561 Thread 0x000001c9f1e2d340 Exception <a 'java/lang/NoSuchMethodError'{0x000000008a8cb8f0}: 'void java.lang.invoke.DirectMethodHandle$Holder.invokeStatic(java.lang.Object, java.lang.Object)'> (0x000000008a8cb8f0) 
thrown [t:\workspace\open\src\hotspot\share\interpreter\linkResolver.cpp, line 766]
Event: 2.561 Thread 0x000001c9f1e2d340 Exception <a 'java/lang/NoSuchMethodError'{0x000000008a8cec48}: 'void java.lang.invoke.DirectMethodHandle$Holder.invokeStaticInit(java.lang.Object, java.lang.Object)'> (0x000000008a8cec48) 
thrown [t:\workspace\open\src\hotspot\share\interpreter\linkResolver.cpp, line 766]
Event: 2.562 Thread 0x000001c9f1e2d340 Exception <a 'java/lang/NoSuchMethodError'{0x000000008a8d4588}: 'int java.lang.invoke.DirectMethodHandle$Holder.invokeStaticInit(java.lang.Object, java.lang.Object)'> (0x000000008a8d4588) 
thrown [t:\workspace\open\src\hotspot\share\interpreter\linkResolver.cpp, line 766]
Event: 174.404 Thread 0x000001c9f302f5c0 Exception <a 'java/lang/NoSuchMethodError'{0x000000008a5eeb98}: 'void java.lang.invoke.DirectMethodHandle$Holder.invokeStatic(java.lang.Object, long)'> (0x000000008a5eeb98) 
thrown [t:\workspace\open\src\hotspot\share\interpreter\linkResolver.cpp, line 766]
Event: 174.405 Thread 0x000001c9f302f5c0 Exception <a 'java/lang/NoSuchMethodError'{0x000000008a5f3f40}: 'java.lang.Object java.lang.invoke.DirectMethodHandle$Holder.newInvokeSpecial(java.lang.Object, long)'> (0x000000008a5f3f40) 
thrown [t:\workspace\open\src\hotspot\share\interpreter\linkResolver.cpp, line 766]
Event: 174.410 Thread 0x000001c9f302f5c0 Exception <a 'java/lang/NoSuchMethodError'{0x000000008a5fedf0}: 'java.lang.Object java.lang.invoke.DirectMethodHandle$Holder.invokeStaticInit(java.lang.Object, java.lang.Object, long, java.lang.Object)'> (0x000000008a5fedf0) 
thrown [t:\workspace\open\src\hotspot\share\interpreter\linkResolver.cpp, line 766]
Event: 174.411 Thread 0x000001c9f302f5c0 Exception <a 'java/lang/NoSuchMethodError'{0x000000008a4055f0}: 'java.lang.Object java.lang.invoke.DirectMethodHandle$Holder.newInvokeSpecial(java.lang.Object, java.lang.Object, long)'> (0x000000008a4055f0) 
thrown [t:\workspace\open\src\hotspot\share\interpreter\linkResolver.cpp, line 766]
Event: 174.412 Thread 0x000001c9f302f5c0 Exception <a 'java/lang/NoSuchMethodError'{0x000000008a408eb8}: 'java.lang.Object java.lang.invoke.Invokers$Holder.linkToTargetMethod(java.lang.Object, long, java.lang.Object)'> (0x000000008a408eb8) 
thrown [t:\workspace\open\src\hotspot\share\interpreter\linkResolver.cpp, line 766]

VM Operations (20 events):
Event: 1.882 Executing VM operation: Cleanup done
Event: 2.894 Executing VM operation: Cleanup
Event: 2.894 Executing VM operation: Cleanup done
Event: 3.906 Executing VM operation: Cleanup
Event: 3.906 Executing VM operation: Cleanup done
Event: 5.906 Executing VM operation: Cleanup
Event: 5.906 Executing VM operation: Cleanup done
Event: 7.906 Executing VM operation: Cleanup
Event: 7.906 Executing VM operation: Cleanup done
Event: 8.907 Executing VM operation: Cleanup
Event: 8.907 Executing VM operation: Cleanup done
Event: 10.908 Executing VM operation: Cleanup
Event: 10.909 Executing VM operation: Cleanup done
Event: 11.909 Executing VM operation: Cleanup
Event: 11.909 Executing VM operation: Cleanup done
Event: 172.973 Executing VM operation: Cleanup
Event: 172.973 Executing VM operation: Cleanup done
Event: 173.974 Executing VM operation: Cleanup
Event: 173.974 Executing VM operation: Cleanup done
Event: 174.498 Executing VM operation: Exit

Events (20 events):
Event: 174.417 loading class java/util/concurrent/BlockingQueue
Event: 174.418 loading class java/util/concurrent/BlockingQueue done
Event: 174.418 loading class java/util/concurrent/SynchronousQueue done
Event: 174.418 loading class java/util/concurrent/SynchronousQueue$TransferStack
Event: 174.418 loading class java/util/concurrent/SynchronousQueue$Transferer
Event: 174.418 loading class java/util/concurrent/SynchronousQueue$Transferer done
Event: 174.418 loading class java/util/concurrent/SynchronousQueue$TransferStack done
Event: 174.419 loading class java/util/concurrent/SynchronousQueue$TransferStack$SNode
Event: 174.419 loading class java/util/concurrent/SynchronousQueue$TransferStack$SNode done
Event: 174.420 loading class java/lang/ProcessImpl$2
Event: 174.420 loading class java/lang/ProcessImpl$2 done
Event: 174.421 loading class java/lang/Process$PipeInputStream
Event: 174.421 loading class java/lang/Process$PipeInputStream done
Event: 174.421 loading class jdk/internal/event/ProcessStartEvent
Event: 174.421 loading class jdk/internal/event/Event
Event: 174.421 loading class jdk/internal/event/Event done
Event: 174.421 loading class jdk/internal/event/ProcessStartEvent done
Event: 174.421 Thread 0x000001c9f302f5c0 Thread exited: 0x000001c9f302f5c0
Event: 174.423 Thread 0x000001c9f0c87b30 Thread exited: 0x000001c9f0c87b30
Event: 174.494 Thread 0x000001c9f30e5610 Thread exited: 0x000001c9f30e5610


Dynamic libraries:
0x00007ff7e4110000 - 0x00007ff7e4120000 	C:\Program Files\Java\jdk-17.0.1\bin\java.exe
0x00007ffd5c310000 - 0x00007ffd5c505000 	C:\Windows\SYSTEM32\ntdll.dll
0x00007ffd5b330000 - 0x00007ffd5b3ed000 	C:\Windows\System32\KERNEL32.DLL
0x00007ffd59a20000 - 0x00007ffd59ced000 	C:\Windows\System32\KERNELBASE.dll
0x00007ffd59de0000 - 0x00007ffd59ee0000 	C:\Windows\System32\ucrtbase.dll
0x00007ffd50950000 - 0x00007ffd5096a000 	C:\Program Files\Java\jdk-17.0.1\bin\VCRUNTIME140.dll
0x00007ffd516b0000 - 0x00007ffd516c8000 	C:\Program Files\Java\jdk-17.0.1\bin\jli.dll
0x00007ffd5be10000 - 0x00007ffd5bebe000 	C:\Windows\System32\ADVAPI32.dll
0x00007ffd5b990000 - 0x00007ffd5ba2e000 	C:\Windows\System32\msvcrt.dll
0x00007ffd5ba90000 - 0x00007ffd5bb2c000 	C:\Windows\System32\sechost.dll
0x00007ffd5bbb0000 - 0x00007ffd5bcd5000 	C:\Windows\System32\RPCRT4.dll
0x00007ffd5b7e0000 - 0x00007ffd5b980000 	C:\Windows\System32\USER32.dll
0x00007ffd5a130000 - 0x00007ffd5a152000 	C:\Windows\System32\win32u.dll
0x00007ffd43870000 - 0x00007ffd43b0a000 	C:\Windows\WinSxS\amd64_microsoft.windows.common-controls_6595b64144ccf1df_6.0.19041.1110_none_60b5254171f9507e\COMCTL32.dll
0x00007ffd5ba60000 - 0x00007ffd5ba8a000 	C:\Windows\System32\GDI32.dll
0x00007ffd5a020000 - 0x00007ffd5a12b000 	C:\Windows\System32\gdi32full.dll
0x00007ffd59cf0000 - 0x00007ffd59d8d000 	C:\Windows\System32\msvcp_win.dll
0x00007ffd4f360000 - 0x00007ffd4f36a000 	C:\Windows\SYSTEM32\VERSION.dll
0x00007ffd5b150000 - 0x00007ffd5b180000 	C:\Windows\System32\IMM32.DLL
0x00007ffd515f0000 - 0x00007ffd515fc000 	C:\Program Files\Java\jdk-17.0.1\bin\vcruntime140_1.dll
0x00007ffd245e0000 - 0x00007ffd2466d000 	C:\Program Files\Java\jdk-17.0.1\bin\msvcp140.dll
0x00007ffce7470000 - 0x00007ffce802e000 	C:\Program Files\Java\jdk-17.0.1\bin\server\jvm.dll
0x00007ffd5ba30000 - 0x00007ffd5ba38000 	C:\Windows\System32\PSAPI.DLL
0x00007ffd3c770000 - 0x00007ffd3c779000 	C:\Windows\SYSTEM32\WSOCK32.dll
0x00007ffd43d70000 - 0x00007ffd43d97000 	C:\Windows\SYSTEM32\WINMM.dll
0x00007ffd5b630000 - 0x00007ffd5b69b000 	C:\Windows\System32\WS2_32.dll
0x00007ffd582b0000 - 0x00007ffd582c2000 	C:\Windows\SYSTEM32\kernel.appcore.dll
0x00007ffd51290000 - 0x00007ffd5129a000 	C:\Program Files\Java\jdk-17.0.1\bin\jimage.dll
0x00007ffd57fe0000 - 0x00007ffd581c4000 	C:\Windows\SYSTEM32\DBGHELP.DLL
0x00007ffd49bb0000 - 0x00007ffd49bdc000 	C:\Windows\SYSTEM32\dbgcore.DLL
0x00007ffd59f90000 - 0x00007ffd5a012000 	C:\Windows\System32\bcryptPrimitives.dll
0x00007ffd27db0000 - 0x00007ffd27dd5000 	C:\Program Files\Java\jdk-17.0.1\bin\java.dll
0x00007ffcecd10000 - 0x00007ffcecde6000 	C:\Program Files\Java\jdk-17.0.1\bin\svml.dll
0x00007ffd5aa00000 - 0x00007ffd5b144000 	C:\Windows\System32\SHELL32.dll
0x00007ffd57560000 - 0x00007ffd57cf4000 	C:\Windows\SYSTEM32\windows.storage.dll
0x00007ffd5bf70000 - 0x00007ffd5c2c4000 	C:\Windows\System32\combase.dll
0x00007ffd59480000 - 0x00007ffd594ac000 	C:\Windows\SYSTEM32\Wldp.dll
0x00007ffd5bec0000 - 0x00007ffd5bf6d000 	C:\Windows\System32\SHCORE.dll
0x00007ffd5a840000 - 0x00007ffd5a895000 	C:\Windows\System32\shlwapi.dll
0x00007ffd59960000 - 0x00007ffd5997f000 	C:\Windows\SYSTEM32\profapi.dll
0x00007ffd427d0000 - 0x00007ffd427e9000 	C:\Program Files\Java\jdk-17.0.1\bin\net.dll
0x00007ffd52180000 - 0x00007ffd5228a000 	C:\Windows\SYSTEM32\WINHTTP.dll
0x00007ffd591e0000 - 0x00007ffd5924a000 	C:\Windows\system32\mswsock.dll
0x00007ffd27d20000 - 0x00007ffd27d35000 	C:\Program Files\Java\jdk-17.0.1\bin\nio.dll
0x00007ffd27d00000 - 0x00007ffd27d18000 	C:\Program Files\Java\jdk-17.0.1\bin\zip.dll
0x00007ffce72e0000 - 0x00007ffce746f000 	C:\Program Files\Java\jdk-17.0.1\bin\awt.dll
0x00007ffd5a930000 - 0x00007ffd5a9fd000 	C:\Windows\System32\OLEAUT32.dll
0x00007ffd546c0000 - 0x00007ffd54750000 	C:\Windows\SYSTEM32\apphelp.dll
0x00007ffcc75b0000 - 0x00007ffcca7b1000 	C:\javacv-resource\opencv\build\java\x64\opencv_java455.dll
0x00007ffd5b500000 - 0x00007ffd5b62a000 	C:\Windows\System32\ole32.dll
0x00007ffd50210000 - 0x00007ffd503cc000 	C:\Windows\SYSTEM32\MFPlat.DLL
0x00007ffd59d90000 - 0x00007ffd59dde000 	C:\Windows\System32\cfgmgr32.dll
0x00007ffd51200000 - 0x00007ffd51284000 	C:\Windows\SYSTEM32\MF.dll
0x00007ffd2b440000 - 0x00007ffd2b54a000 	C:\Windows\SYSTEM32\MFReadWrite.dll
0x00007ffce4f10000 - 0x00007ffce539f000 	C:\Windows\SYSTEM32\MFCORE.DLL
0x00007ffd5a190000 - 0x00007ffd5a2e6000 	C:\Windows\System32\CRYPT32.dll
0x00007ffd5a160000 - 0x00007ffd5a187000 	C:\Windows\System32\bcrypt.dll
0x00007ffd58fa0000 - 0x00007ffd58feb000 	C:\Windows\SYSTEM32\powrprof.dll
0x00007ffd51330000 - 0x00007ffd51339000 	C:\Windows\SYSTEM32\ksuser.dll
0x00007ffd593f0000 - 0x00007ffd593fc000 	C:\Windows\SYSTEM32\CRYPTBASE.DLL
0x00007ffd50180000 - 0x00007ffd501b5000 	C:\Windows\SYSTEM32\RTWorkQ.DLL
0x00007ffd58e60000 - 0x00007ffd58e72000 	C:\Windows\SYSTEM32\UMPDC.dll
0x00007ffd547c0000 - 0x00007ffd5485e000 	C:\Windows\system32\uxtheme.dll
0x00007ffd5bce0000 - 0x00007ffd5bdf5000 	C:\Windows\System32\MSCTF.dll
0x00007ffd57070000 - 0x00007ffd5709f000 	C:\Windows\system32\DWMAPI.DLL
0x00007ffd241f0000 - 0x00007ffd24279000 	C:\Program Files\Java\jdk-17.0.1\bin\freetype.dll
0x00007ffcecc60000 - 0x00007ffcecd08000 	C:\Program Files\Java\jdk-17.0.1\bin\fontmanager.dll
0x00007ffd2f780000 - 0x00007ffd2f8a6000 	C:\Windows\system32\opengl32.dll
0x00007ffd30660000 - 0x00007ffd3068c000 	C:\Windows\SYSTEM32\GLU32.dll
0x00007ffd5b3f0000 - 0x00007ffd5b499000 	C:\Windows\System32\clbcatq.dll
0x00007ffd50790000 - 0x00007ffd50944000 	C:\Windows\SYSTEM32\WindowsCodecs.dll
0x00007ffd237e0000 - 0x00007ffd2381e000 	C:\Windows\system32\dataexchange.dll
0x00007ffd52db0000 - 0x00007ffd53014000 	C:\Windows\system32\d3d11.dll
0x00007ffd535e0000 - 0x00007ffd537c5000 	C:\Windows\system32\dcomp.dll
0x00007ffd58320000 - 0x00007ffd58413000 	C:\Windows\system32\dxgi.dll
0x00007ffd503d0000 - 0x00007ffd505d1000 	C:\Windows\system32\twinapi.appcore.dll
0x00007ffd2cfd0000 - 0x00007ffd2d0c9000 	C:\Windows\SYSTEM32\textinputframework.dll
0x00007ffd537d0000 - 0x00007ffd53b2e000 	C:\Windows\System32\CoreUIComponents.dll
0x00007ffd53eb0000 - 0x00007ffd53fa2000 	C:\Windows\System32\CoreMessaging.dll
0x00007ffd58720000 - 0x00007ffd58753000 	C:\Windows\SYSTEM32\ntmarta.dll
0x00007ffd523f0000 - 0x00007ffd52544000 	C:\Windows\SYSTEM32\wintypes.dll
0x00007ffd431d0000 - 0x00007ffd431e0000 	C:\Program Files\Java\jdk-17.0.1\bin\verify.dll
0x0000000061d60000 - 0x0000000061e31000 	C:\Users\Zed\AppData\Local\Temp\javacpp28474178854500\msvcr100.dll
0x0000000061cc0000 - 0x0000000061d58000 	C:\Users\Zed\AppData\Local\Temp\javacpp28474178854500\msvcp100.dll
0x0000000066840000 - 0x00000000676b4000 	C:\Users\Zed\AppData\Local\Temp\javacpp28474178854500\opencv_ffmpeg248_64.dll
0x00007ffcdc1b0000 - 0x00007ffcdc422000 	C:\Users\Zed\AppData\Local\Temp\javacpp28474178854500\opencv_core248.dll
0x00007ffcd9990000 - 0x00007ffcd9c42000 	C:\Users\Zed\AppData\Local\Temp\javacpp28474178854500\opencv_imgproc248.dll
0x00007ffcdb9e0000 - 0x00007ffcdbc2d000 	C:\Users\Zed\AppData\Local\Temp\javacpp28474178854500\opencv_highgui248.dll
0x00007ffd51e60000 - 0x00007ffd51e8b000 	C:\Windows\SYSTEM32\MSVFW32.dll
0x00007ffd34a60000 - 0x00007ffd34a81000 	C:\Windows\SYSTEM32\AVIFIL32.dll
0x00007ffd34a40000 - 0x00007ffd34a59000 	C:\Windows\SYSTEM32\AVICAP32.dll
0x00007ffd33ac0000 - 0x00007ffd33ade000 	C:\Windows\SYSTEM32\MSACM32.dll
0x00007ffd3e7c0000 - 0x00007ffd3e7e6000 	C:\Windows\SYSTEM32\winmmbase.dll
0x00007ffd2b420000 - 0x00007ffd2b433000 	C:\Users\Zed\AppData\Local\Temp\javacpp28474178854500\jniopencv_highgui.dll
0x00007ffd28840000 - 0x00007ffd2885d000 	C:\Windows\System32\devenum.dll
0x00007ffd5a360000 - 0x00007ffd5a7d1000 	C:\Windows\System32\setupapi.dll
0x00007ffd597d0000 - 0x00007ffd597fc000 	C:\Windows\SYSTEM32\DEVOBJ.dll
0x00007ffd5a2f0000 - 0x00007ffd5a358000 	C:\Windows\System32\WINTRUST.dll
0x00007ffd59610000 - 0x00007ffd59622000 	C:\Windows\SYSTEM32\MSASN1.dll
0x00007ffd516a0000 - 0x00007ffd516ab000 	C:\Windows\SYSTEM32\msdmo.dll
0x00007ffd28660000 - 0x00007ffd28696000 	C:\Windows\System32\qcap.dll
0x00007ffcd9e20000 - 0x00007ffcd9ff0000 	C:\Windows\System32\quartz.dll
0x00007ffd1d0f0000 - 0x00007ffd1d13d000 	C:\Windows\System32\mfksproxy.dll
0x00007ffd1cf30000 - 0x00007ffd1cf4d000 	C:\Windows\System32\ATL.DLL
0x00007ffd3d9d0000 - 0x00007ffd3da3c000 	C:\Windows\System32\FrameServerClient.dll
0x00007ffd286f0000 - 0x00007ffd28757000 	C:\Windows\System32\MFSENSORGROUP.dll
0x00007ffd513e0000 - 0x00007ffd513ea000 	C:\Windows\SYSTEM32\AVRT.dll
0x00007ffd51f40000 - 0x00007ffd51f4d000 	C:\Windows\System32\vidcap.ax
0x00007ffd51e90000 - 0x00007ffd51eb7000 	C:\Windows\System32\kswdmcap.ax
0x00007ffce5450000 - 0x00007ffce55bc000 	C:\Windows\System32\MFC42.dll
0x00007ffcf0c70000 - 0x00007ffcf0d18000 	C:\Windows\System32\qedit.dll
0x00007ffd5b6a0000 - 0x00007ffd5b77b000 	C:\Windows\System32\COMDLG32.dll
0x00007ffd43bc0000 - 0x00007ffd43d65000 	C:\Windows\WinSxS\amd64_microsoft.windows.gdiplus_6595b64144ccf1df_1.1.19041.1706_none_919e8e54cc8d4ca1\gdiplus.dll
0x00007ffd1cdf0000 - 0x00007ffd1ceeb000 	C:\Windows\System32\DDRAW.dll
0x00007ffd2bce0000 - 0x00007ffd2bce9000 	C:\Windows\System32\DCIMAN32.dll
0x00007ffd4d2e0000 - 0x00007ffd4d31b000 	C:\Windows\SYSTEM32\dxcore.dll

dbghelp: loaded successfully - version: 4.0.5 - missing functions: none
symbol engine: initialized successfully - sym options: 0x614 - pdb path: .;C:\Program Files\Java\jdk-17.0.1\bin;C:\Windows\SYSTEM32;C:\Windows\WinSxS\amd64_microsoft.windows.common-controls_6595b64144ccf1df_6.0.19041.1110_none_60b5254171f9507e;C:\Program Files\Java\jdk-17.0.1\bin\server;C:\javacv-resource\opencv\build\java\x64;C:\Users\Zed\AppData\Local\Temp\javacpp28474178854500;C:\Windows\WinSxS\amd64_microsoft.windows.gdiplus_6595b64144ccf1df_1.1.19041.1706_none_919e8e54cc8d4ca1

VM Arguments:
jvm_args: -Dfile.encoding=UTF-8 -Djava.library.path=C:\javacv-resource\opencv\build\java\x64 --module-path=C:\Users\Zed\Documents\NetBeansProjects\Pendeteksi_Wajah3\build\classes 
java_command: Face_Detection.Main
java_class_path (initial): C:\javacv-resource\opencv\build\java\opencv-455.jar;C:\javacv-0.7-bin\javacv-bin\javacpp.jar;C:\javacv-0.7-bin\javacv-bin\javacv-android-arm.jar;C:\javacv-0.7-bin\javacv-bin\javacv-linux-x86.jar;C:\javacv-0.7-bin\javacv-bin\javacv-linux-x86_64.jar;C:\javacv-0.7-bin\javacv-bin\javacv-macosx-x86_64.jar;C:\javacv-0.7-bin\javacv-bin\javacv-windows-x86.jar;C:\javacv-0.7-bin\javacv-bin\javacv-windows-x86_64.jar;C:\javacv-0.7-bin\javacv-bin\javacv.jar;C:\javacv-0.7-cppjars\javacv-cppjars\ffmpeg-2.1.1-android-arm.jar;C:\javacv-0.7-cppjars\javacv-cppjars\ffmpeg-2.1.1-linux-x86.jar;C:\javacv-0.7-cppjars\javacv-cppjars\ffmpeg-2.1.1-linux-x86_64.jar;C:\javacv-0.7-cppjars\javacv-cppjars\ffmpeg-2.1.1-macosx-x86_64.jar;C:\javacv-0.7-cppjars\javacv-cppjars\ffmpeg-2.1.1-windows-x86.jar;C:\javacv-0.7-cppjars\javacv-cppjars\ffmpeg-2.1.1-windows-x86_64.jar;C:\javacv-0.7-cppjars\javacv-cppjars\opencv-2.4.8-android-arm.jar;C:\javacv-0.7-cppjars\javacv-cppjars\opencv-2.4.8-linux-x86.jar;C:\javacv-0.7-cppjars\javacv-cppjars\opencv-2.4.8-linux-x86_64.jar;C:\javacv-0.7-cppjars\javacv-cppjars\opencv-2.4.8-macosx-x86_64.jar;C:\javacv-0.7-cppjars\javacv-cppjars\opencv-2.4.8-windows-x86.jar;C:\javacv-0.7-cppjars\javacv-cppjars\opencv-2.4.8-windows-x86_64.jar;C:\Users\Zed\Documents\NetBeansProjects\Pendeteksi_Wajah3\build\classes
Launcher Type: SUN_STANDARD

[Global flags]
     intx CICompilerCount                          = 4                                         {product} {ergonomic}
     uint ConcGCThreads                            = 2                                         {product} {ergonomic}
     uint G1ConcRefinementThreads                  = 8                                         {product} {ergonomic}
   size_t G1HeapRegionSize                         = 1048576                                   {product} {ergonomic}
    uintx GCDrainStackTargetSize                   = 64                                        {product} {ergonomic}
   size_t InitialHeapSize                          = 132120576                                 {product} {ergonomic}
   size_t MarkStackSize                            = 4194304                                   {product} {ergonomic}
   size_t MaxHeapSize                              = 2090860544                                {product} {ergonomic}
   size_t MaxNewSize                               = 1254096896                                {product} {ergonomic}
   size_t MinHeapDeltaBytes                        = 1048576                                   {product} {ergonomic}
   size_t MinHeapSize                              = 8388608                                   {product} {ergonomic}
    uintx NonNMethodCodeHeapSize                   = 5839372                                {pd product} {ergonomic}
    uintx NonProfiledCodeHeapSize                  = 122909434                              {pd product} {ergonomic}
    uintx ProfiledCodeHeapSize                     = 122909434                              {pd product} {ergonomic}
    uintx ReservedCodeCacheSize                    = 251658240                              {pd product} {ergonomic}
     bool SegmentedCodeCache                       = true                                      {product} {ergonomic}
   size_t SoftMaxHeapSize                          = 2090860544                             {manageable} {ergonomic}
     bool UseCompressedClassPointers               = true                           {product lp64_product} {ergonomic}
     bool UseCompressedOops                        = true                           {product lp64_product} {ergonomic}
     bool UseG1GC                                  = true                                      {product} {ergonomic}
     bool UseLargePagesIndividualAllocation        = false                                  {pd product} {ergonomic}

Logging:
Log output configuration:
 #0: stdout all=off uptime,level,tags
 #1: stderr all=off uptime,level,tags

Environment Variables:
PATH=C:\Program Files\Common Files\Oracle\Java\javapath;C:\javacv-resource\opencv\build\bin;C:\javacv-resource\opencv\build\x64\vc14\bin;C:\Users\Zed\AppData\Local\Microsoft\WindowsApps;C:\Users\Zed\AppData\Local\Programs\Microsoft VS Code\bin;C:\Users\Zed\AppData\Local\GitHubDesktop\bin;C:\Users\Zed\AppData\Roaming\npm
USERNAME=Zed
OS=Windows_NT
PROCESSOR_IDENTIFIER=Intel64 Family 6 Model 140 Stepping 1, GenuineIntel



---------------  S Y S T E M  ---------------

OS:
 Windows 10 , 64 bit Build 19041 (10.0.19041.1706)
OS uptime: 0 days 7:57 hours

CPU: total 8 (initial active 8) (4 cores per cpu, 2 threads per core) family 6 model 140 stepping 1 microcode 0x8a, cx8, cmov, fxsr, ht, mmx, 3dnowpref, sse, sse2, sse3, ssse3, sse4.1, sse4.2, popcnt, lzcnt, tsc, tscinvbit, avx, avx2, aes, erms, clmul, bmi1, bmi2, adx, avx512f, avx512dq, avx512cd, avx512bw, avx512vl, sha, fma, vzeroupper, avx512_vpopcntdq, avx512_vpclmulqdq, avx512_vaes, avx512_vnni, clflush, clflushopt, clwb, avx512_vbmi2, avx512_vbmi

Memory: 4k page, system-wide physical 7971M (2289M free)
TotalPageFile size 10999M (AvailPageFile size 2138M)
current process WorkingSet (physical memory assigned to process): 119M, peak: 119M
current process commit charge ("private bytes"): 250M, peak: 262M

vm_info: Java HotSpot(TM) 64-Bit Server VM (17.0.1+12-LTS-39) for windows-amd64 JRE (17.0.1+12-LTS-39), built on Sep 27 2021 18:41:35 by "mach5one" with MS VC++ 16.8 (VS2019)

END.
